

================================================================
== Vitis HLS Report for 'rtl_kernel_wizard_0_Pipeline_VITIS_LOOP_96_1'
================================================================
* Date:           Wed Mar 27 22:51:16 2024

* Version:        2022.1 (Build 3526262 on Mon Apr 18 15:47:01 MDT 2022)
* Project:        prj
* Solution:       sol (Vitis Kernel Flow Target)
* Product family: virtexuplus
* Target device:  xcu280-fsvh2892-2L-e


================================================================
== Performance Estimates
================================================================
+ Timing: 
    * Summary: 
    +--------+----------+----------+------------+
    |  Clock |  Target  | Estimated| Uncertainty|
    +--------+----------+----------+------------+
    |ap_clk  |  10.00 ns|  0.880 ns|     2.70 ns|
    +--------+----------+----------+------------+

+ Latency: 
    * Summary: 
    +---------+---------+----------+----------+-----+-----+---------+
    |  Latency (cycles) |  Latency (absolute) |  Interval | Pipeline|
    |   min   |   max   |    min   |    max   | min | max |   Type  |
    +---------+---------+----------+----------+-----+-----+---------+
    |        ?|        ?|         ?|         ?|    ?|    ?|       no|
    +---------+---------+----------+----------+-----+-----+---------+

    + Detail: 
        * Instance: 
        N/A

        * Loop: 
        +-------------------+---------+---------+----------+-----------+-----------+------+----------+
        |                   |  Latency (cycles) | Iteration|  Initiation Interval  | Trip |          |
        |     Loop Name     |   min   |   max   |  Latency |  achieved |   target  | Count| Pipelined|
        +-------------------+---------+---------+----------+-----------+-----------+------+----------+
        |- VITIS_LOOP_96_1  |        ?|        ?|         1|          1|          1|     ?|       yes|
        +-------------------+---------+---------+----------+-----------+-----------+------+----------+

============================================================
+ Verbose Summary: Synthesis Manager
============================================================
InlineROM: 1
ExposeGlobal: 0
============================================================
+ Verbose Summary: CDFG Model
============================================================
IsTopModel: 0
ResetActiveHigh: 1
IsCombinational: 0
IsDatapathOnly: 0
HasWiredReturn: 1
HasMFsm: 2
HasVarLatency: 1
IsPipeline: 0
IsRtlPipelined: 0
IsInstanceOverlapped: 0
IsDontTouch: 0
HasImplIP: 0
IsGatedGlobalClock: 0

+ Individual pipeline summary: 
  * Pipeline-0: initiation interval (II) = 1, depth = 1


============================================================
+ Verbose Summary: Schedule
============================================================
* Number of FSM states : 1
* Pipeline : 1
  Pipeline-0 : II = 1, D = 1, States = { 1 }
* Dataflow Pipeline: 0

* FSM state transitions: 
1 --> 

* FSM state operations: 

State 1 <SV = 0> <Delay = 0.88>
ST_1 : Operation 4 [1/1] (0.00ns)   --->   "%specinterface_ln0 = specinterface void @_ssdm_op_SpecInterface, i1 %axisHBMout_V_last_V, i32 %axisHBMout_V_strb_V, i32 %axisHBMout_V_keep_V, i256 %axisHBMout_V_data_V, void @empty_5, i32 0, i32 0, void @empty_6, i32 0, i32 0, void @empty_0, void @empty_0, void @empty_0, i32 0, i32 0, i32 0, i32 0, void @empty_0, void @empty_0, i32 4294967295, i32 0"   --->   Operation 4 'specinterface' 'specinterface_ln0' <Predicate = true> <Delay = 0.00>
ST_1 : Operation 5 [1/1] (0.00ns)   --->   "%specinterface_ln0 = specinterface void @_ssdm_op_SpecInterface, i1 %axisHBMin_V_last_V, i32 %axisHBMin_V_strb_V, i32 %axisHBMin_V_keep_V, i256 %axisHBMin_V_data_V, void @empty_5, i32 0, i32 0, void @empty_6, i32 0, i32 0, void @empty_0, void @empty_0, void @empty_0, i32 0, i32 0, i32 0, i32 0, void @empty_0, void @empty_0, i32 4294967295, i32 0"   --->   Operation 5 'specinterface' 'specinterface_ln0' <Predicate = true> <Delay = 0.00>
ST_1 : Operation 6 [1/1] (0.00ns)   --->   "%br_ln0 = br void %while.body.i"   --->   Operation 6 'br' 'br_ln0' <Predicate = true> <Delay = 0.00>
ST_1 : Operation 7 [1/1] (0.00ns)   --->   "%specpipeline_ln0 = specpipeline void @_ssdm_op_SpecPipeline, i32 4294967295, i32 0, i32 1, i32 0, void @p_str"   --->   Operation 7 'specpipeline' 'specpipeline_ln0' <Predicate = true> <Delay = 0.00>
ST_1 : Operation 8 [1/1] (0.00ns)   --->   "%specloopname_ln29 = specloopname void @_ssdm_op_SpecLoopName, void @empty_9" [../rtl_kernel_wizard_0_cmodel.cpp:29]   --->   Operation 8 'specloopname' 'specloopname_ln29' <Predicate = true> <Delay = 0.00>
ST_1 : Operation 9 [1/1] (0.00ns)   --->   "%empty = read i321 @_ssdm_op_Read.axis.volatile.i256P0A.i32P0A.i32P0A.i1P0A, i256 %axisHBMin_V_data_V, i32 %axisHBMin_V_keep_V, i32 %axisHBMin_V_strb_V, i1 %axisHBMin_V_last_V"   --->   Operation 9 'read' 'empty' <Predicate = true> <Delay = 0.00> <CoreInst = "axis">   --->   Core 123 'axis' <Latency = 0> <II = 1> <Delay = 1.00> <Adapter> <Opcode : >
ST_1 : Operation 10 [1/1] (0.00ns)   --->   "%tmp_data_V = extractvalue i321 %empty"   --->   Operation 10 'extractvalue' 'tmp_data_V' <Predicate = true> <Delay = 0.00>
ST_1 : Operation 11 [1/1] (0.00ns)   --->   "%tmp_keep_V = extractvalue i321 %empty"   --->   Operation 11 'extractvalue' 'tmp_keep_V' <Predicate = true> <Delay = 0.00>
ST_1 : Operation 12 [1/1] (0.00ns)   --->   "%tmp_last_V = extractvalue i321 %empty"   --->   Operation 12 'extractvalue' 'tmp_last_V' <Predicate = true> <Delay = 0.00>
ST_1 : Operation 13 [1/1] (0.00ns)   --->   "%trunc_ln674 = trunc i256 %tmp_data_V"   --->   Operation 13 'trunc' 'trunc_ln674' <Predicate = true> <Delay = 0.00>
ST_1 : Operation 14 [1/1] (0.88ns)   --->   "%add_ln232 = add i32 %trunc_ln674, i32 1"   --->   Operation 14 'add' 'add_ln232' <Predicate = true> <Delay = 0.88> <CoreInst = "Adder">   --->   Core 1 'Adder' <Latency = 0> <II = 1> <Delay = 0.88> <FuncUnit> <Opcode : 'add' 'sub'> <InPorts = 2> <OutPorts = 1>
ST_1 : Operation 15 [1/1] (0.00ns)   --->   "%p_Result_s = partselect i32 @_ssdm_op_PartSelect.i32.i256.i32.i32, i256 %tmp_data_V, i32 32, i32 63"   --->   Operation 15 'partselect' 'p_Result_s' <Predicate = true> <Delay = 0.00>
ST_1 : Operation 16 [1/1] (0.88ns)   --->   "%add_ln232_1 = add i32 %p_Result_s, i32 1"   --->   Operation 16 'add' 'add_ln232_1' <Predicate = true> <Delay = 0.88> <CoreInst = "Adder">   --->   Core 1 'Adder' <Latency = 0> <II = 1> <Delay = 0.88> <FuncUnit> <Opcode : 'add' 'sub'> <InPorts = 2> <OutPorts = 1>
ST_1 : Operation 17 [1/1] (0.00ns)   --->   "%p_Result_2 = partselect i32 @_ssdm_op_PartSelect.i32.i256.i32.i32, i256 %tmp_data_V, i32 64, i32 95"   --->   Operation 17 'partselect' 'p_Result_2' <Predicate = true> <Delay = 0.00>
ST_1 : Operation 18 [1/1] (0.88ns)   --->   "%add_ln232_2 = add i32 %p_Result_2, i32 1"   --->   Operation 18 'add' 'add_ln232_2' <Predicate = true> <Delay = 0.88> <CoreInst = "Adder">   --->   Core 1 'Adder' <Latency = 0> <II = 1> <Delay = 0.88> <FuncUnit> <Opcode : 'add' 'sub'> <InPorts = 2> <OutPorts = 1>
ST_1 : Operation 19 [1/1] (0.00ns)   --->   "%p_Result_3 = partselect i32 @_ssdm_op_PartSelect.i32.i256.i32.i32, i256 %tmp_data_V, i32 96, i32 127"   --->   Operation 19 'partselect' 'p_Result_3' <Predicate = true> <Delay = 0.00>
ST_1 : Operation 20 [1/1] (0.88ns)   --->   "%add_ln232_3 = add i32 %p_Result_3, i32 1"   --->   Operation 20 'add' 'add_ln232_3' <Predicate = true> <Delay = 0.88> <CoreInst = "Adder">   --->   Core 1 'Adder' <Latency = 0> <II = 1> <Delay = 0.88> <FuncUnit> <Opcode : 'add' 'sub'> <InPorts = 2> <OutPorts = 1>
ST_1 : Operation 21 [1/1] (0.00ns)   --->   "%p_Result_1 = partselect i32 @_ssdm_op_PartSelect.i32.i256.i32.i32, i256 %tmp_data_V, i32 128, i32 159"   --->   Operation 21 'partselect' 'p_Result_1' <Predicate = true> <Delay = 0.00>
ST_1 : Operation 22 [1/1] (0.88ns)   --->   "%add_ln232_4 = add i32 %p_Result_1, i32 1"   --->   Operation 22 'add' 'add_ln232_4' <Predicate = true> <Delay = 0.88> <CoreInst = "Adder">   --->   Core 1 'Adder' <Latency = 0> <II = 1> <Delay = 0.88> <FuncUnit> <Opcode : 'add' 'sub'> <InPorts = 2> <OutPorts = 1>
ST_1 : Operation 23 [1/1] (0.00ns)   --->   "%p_Result_4 = partselect i32 @_ssdm_op_PartSelect.i32.i256.i32.i32, i256 %tmp_data_V, i32 160, i32 191"   --->   Operation 23 'partselect' 'p_Result_4' <Predicate = true> <Delay = 0.00>
ST_1 : Operation 24 [1/1] (0.88ns)   --->   "%add_ln232_5 = add i32 %p_Result_4, i32 1"   --->   Operation 24 'add' 'add_ln232_5' <Predicate = true> <Delay = 0.88> <CoreInst = "Adder">   --->   Core 1 'Adder' <Latency = 0> <II = 1> <Delay = 0.88> <FuncUnit> <Opcode : 'add' 'sub'> <InPorts = 2> <OutPorts = 1>
ST_1 : Operation 25 [1/1] (0.00ns)   --->   "%p_Result_6 = partselect i32 @_ssdm_op_PartSelect.i32.i256.i32.i32, i256 %tmp_data_V, i32 192, i32 223"   --->   Operation 25 'partselect' 'p_Result_6' <Predicate = true> <Delay = 0.00>
ST_1 : Operation 26 [1/1] (0.88ns)   --->   "%add_ln232_6 = add i32 %p_Result_6, i32 1"   --->   Operation 26 'add' 'add_ln232_6' <Predicate = true> <Delay = 0.88> <CoreInst = "Adder">   --->   Core 1 'Adder' <Latency = 0> <II = 1> <Delay = 0.88> <FuncUnit> <Opcode : 'add' 'sub'> <InPorts = 2> <OutPorts = 1>
ST_1 : Operation 27 [1/1] (0.00ns)   --->   "%p_Result_7 = partselect i32 @_ssdm_op_PartSelect.i32.i256.i32.i32, i256 %tmp_data_V, i32 224, i32 255"   --->   Operation 27 'partselect' 'p_Result_7' <Predicate = true> <Delay = 0.00>
ST_1 : Operation 28 [1/1] (0.88ns)   --->   "%add_ln232_7 = add i32 %p_Result_7, i32 1"   --->   Operation 28 'add' 'add_ln232_7' <Predicate = true> <Delay = 0.88> <CoreInst = "Adder">   --->   Core 1 'Adder' <Latency = 0> <II = 1> <Delay = 0.88> <FuncUnit> <Opcode : 'add' 'sub'> <InPorts = 2> <OutPorts = 1>
ST_1 : Operation 29 [1/1] (0.00ns)   --->   "%p_0 = bitconcatenate i256 @_ssdm_op_BitConcatenate.i256.i32.i32.i32.i32.i32.i32.i32.i32, i32 %add_ln232_7, i32 %add_ln232_6, i32 %add_ln232_5, i32 %add_ln232_4, i32 %add_ln232_3, i32 %add_ln232_2, i32 %add_ln232_1, i32 %add_ln232"   --->   Operation 29 'bitconcatenate' 'p_0' <Predicate = true> <Delay = 0.00>
ST_1 : Operation 30 [1/1] (0.00ns)   --->   "%write_ln304 = write void @_ssdm_op_Write.axis.volatile.i256P0A.i32P0A.i32P0A.i1P0A, i256 %axisHBMout_V_data_V, i32 %axisHBMout_V_keep_V, i32 %axisHBMout_V_strb_V, i1 %axisHBMout_V_last_V, i256 %p_0, i32 %tmp_keep_V, i32 0, i1 %tmp_last_V"   --->   Operation 30 'write' 'write_ln304' <Predicate = true> <Delay = 0.00> <CoreInst = "axis">   --->   Core 123 'axis' <Latency = 0> <II = 1> <Delay = 1.00> <Adapter> <Opcode : >
ST_1 : Operation 31 [1/1] (0.00ns)   --->   "%br_ln96 = br i1 %tmp_last_V, void %while.body.i, void %while.body.i38.preheader.exitStub" [../rtl_kernel_wizard_0_cmodel.cpp:96]   --->   Operation 31 'br' 'br_ln96' <Predicate = true> <Delay = 0.00>
ST_1 : Operation 32 [1/1] (0.00ns)   --->   "%ret_ln0 = ret"   --->   Operation 32 'ret' 'ret_ln0' <Predicate = (tmp_last_V)> <Delay = 0.00>


============================================================
+ Verbose Summary: Binding
============================================================
STG Binding: 
---------------- STG Properties BEGIN ----------------
- Is combinational: 0
- Is one-state seq: 0
- Is datapath-only: 0
- Is pipelined: 0
- Is top level: 0
Port [ Return ] is wired: 1; IO mode=ap_ctrl_hs:ce=0
Port [ axisHBMin_V_data_V]:  wired=1; compound=1; hidden=0; nouse=0; global=0; static=0; extern=0; dir=0; type=0; pingpong=0; private_global=0; IO mode=axis:ce=0
Port [ axisHBMin_V_keep_V]:  wired=1; compound=1; hidden=0; nouse=0; global=0; static=0; extern=0; dir=0; type=0; pingpong=0; private_global=0; IO mode=axis:ce=0
Port [ axisHBMin_V_strb_V]:  wired=1; compound=1; hidden=0; nouse=0; global=0; static=0; extern=0; dir=0; type=0; pingpong=0; private_global=0; IO mode=axis:ce=0
Port [ axisHBMin_V_last_V]:  wired=1; compound=1; hidden=0; nouse=0; global=0; static=0; extern=0; dir=0; type=0; pingpong=0; private_global=0; IO mode=axis:ce=0
Port [ axisHBMout_V_data_V]:  wired=1; compound=1; hidden=0; nouse=0; global=0; static=0; extern=0; dir=1; type=0; pingpong=0; private_global=0; IO mode=axis:ce=0
Port [ axisHBMout_V_keep_V]:  wired=1; compound=1; hidden=0; nouse=0; global=0; static=0; extern=0; dir=1; type=0; pingpong=0; private_global=0; IO mode=axis:ce=0
Port [ axisHBMout_V_strb_V]:  wired=1; compound=1; hidden=0; nouse=0; global=0; static=0; extern=0; dir=1; type=0; pingpong=0; private_global=0; IO mode=axis:ce=0
Port [ axisHBMout_V_last_V]:  wired=1; compound=1; hidden=0; nouse=0; global=0; static=0; extern=0; dir=1; type=0; pingpong=0; private_global=0; IO mode=axis:ce=0
---------------- STG Properties END ------------------

---------------- Datapath Model BEGIN ----------------

<LifeTime>
<method=bitvector/>
specinterface_ln0 (specinterface ) [ 00]
specinterface_ln0 (specinterface ) [ 00]
br_ln0            (br            ) [ 00]
specpipeline_ln0  (specpipeline  ) [ 00]
specloopname_ln29 (specloopname  ) [ 00]
empty             (read          ) [ 00]
tmp_data_V        (extractvalue  ) [ 00]
tmp_keep_V        (extractvalue  ) [ 00]
tmp_last_V        (extractvalue  ) [ 01]
trunc_ln674       (trunc         ) [ 00]
add_ln232         (add           ) [ 00]
p_Result_s        (partselect    ) [ 00]
add_ln232_1       (add           ) [ 00]
p_Result_2        (partselect    ) [ 00]
add_ln232_2       (add           ) [ 00]
p_Result_3        (partselect    ) [ 00]
add_ln232_3       (add           ) [ 00]
p_Result_1        (partselect    ) [ 00]
add_ln232_4       (add           ) [ 00]
p_Result_4        (partselect    ) [ 00]
add_ln232_5       (add           ) [ 00]
p_Result_6        (partselect    ) [ 00]
add_ln232_6       (add           ) [ 00]
p_Result_7        (partselect    ) [ 00]
add_ln232_7       (add           ) [ 00]
p_0               (bitconcatenate) [ 00]
write_ln304       (write         ) [ 00]
br_ln96           (br            ) [ 00]
ret_ln0           (ret           ) [ 00]
</LifeTime>

<model>

<comp_list>
<comp id="0" class="1000" name="axisHBMin_V_data_V">
<pin_list>
<pin id="1" dir="1" index="0" bw="1" slack="0"/>
</pin_list>
<bind>
<StgValue><ssdm name="axisHBMin_V_data_V"/></StgValue>
</bind>
</comp>

<comp id="2" class="1000" name="axisHBMin_V_keep_V">
<pin_list>
<pin id="3" dir="1" index="0" bw="1" slack="0"/>
</pin_list>
<bind>
<StgValue><ssdm name="axisHBMin_V_keep_V"/></StgValue>
</bind>
</comp>

<comp id="4" class="1000" name="axisHBMin_V_strb_V">
<pin_list>
<pin id="5" dir="1" index="0" bw="1" slack="0"/>
</pin_list>
<bind>
<StgValue><ssdm name="axisHBMin_V_strb_V"/></StgValue>
</bind>
</comp>

<comp id="6" class="1000" name="axisHBMin_V_last_V">
<pin_list>
<pin id="7" dir="1" index="0" bw="1" slack="0"/>
</pin_list>
<bind>
<StgValue><ssdm name="axisHBMin_V_last_V"/></StgValue>
</bind>
</comp>

<comp id="8" class="1000" name="axisHBMout_V_data_V">
<pin_list>
<pin id="9" dir="1" index="0" bw="1" slack="0"/>
</pin_list>
<bind>
<StgValue><ssdm name="axisHBMout_V_data_V"/></StgValue>
</bind>
</comp>

<comp id="10" class="1000" name="axisHBMout_V_keep_V">
<pin_list>
<pin id="11" dir="1" index="0" bw="1" slack="0"/>
</pin_list>
<bind>
<StgValue><ssdm name="axisHBMout_V_keep_V"/></StgValue>
</bind>
</comp>

<comp id="12" class="1000" name="axisHBMout_V_strb_V">
<pin_list>
<pin id="13" dir="1" index="0" bw="1" slack="0"/>
</pin_list>
<bind>
<StgValue><ssdm name="axisHBMout_V_strb_V"/></StgValue>
</bind>
</comp>

<comp id="14" class="1000" name="axisHBMout_V_last_V">
<pin_list>
<pin id="15" dir="1" index="0" bw="1" slack="0"/>
</pin_list>
<bind>
<StgValue><ssdm name="axisHBMout_V_last_V"/></StgValue>
</bind>
</comp>

<comp id="16" class="1001" name="const_16">
<pin_list>
<pin id="17" dir="1" index="0" bw="1" slack="2147483647"/>
</pin_list>
<bind>
<StgValue><ssdm name="_ssdm_op_SpecInterface"/></StgValue>
</bind>
</comp>

<comp id="18" class="1001" name="const_18">
<pin_list>
<pin id="19" dir="1" index="0" bw="1" slack="2147483647"/>
</pin_list>
<bind>
<StgValue><ssdm name="empty_5"/></StgValue>
</bind>
</comp>

<comp id="20" class="1001" name="const_20">
<pin_list>
<pin id="21" dir="1" index="0" bw="1" slack="2147483647"/>
</pin_list>
<bind>
<StgValue><ssdm name=""/></StgValue>
</bind>
</comp>

<comp id="22" class="1001" name="const_22">
<pin_list>
<pin id="23" dir="1" index="0" bw="1" slack="2147483647"/>
</pin_list>
<bind>
<StgValue><ssdm name="empty_6"/></StgValue>
</bind>
</comp>

<comp id="24" class="1001" name="const_24">
<pin_list>
<pin id="25" dir="1" index="0" bw="1" slack="2147483647"/>
</pin_list>
<bind>
<StgValue><ssdm name="empty_0"/></StgValue>
</bind>
</comp>

<comp id="26" class="1001" name="const_26">
<pin_list>
<pin id="27" dir="1" index="0" bw="1" slack="2147483647"/>
</pin_list>
<bind>
<StgValue><ssdm name=""/></StgValue>
</bind>
</comp>

<comp id="28" class="1001" name="const_28">
<pin_list>
<pin id="29" dir="1" index="0" bw="1" slack="2147483647"/>
</pin_list>
<bind>
<StgValue><ssdm name="_ssdm_op_SpecPipeline"/></StgValue>
</bind>
</comp>

<comp id="30" class="1001" name="const_30">
<pin_list>
<pin id="31" dir="1" index="0" bw="1" slack="0"/>
</pin_list>
<bind>
<StgValue><ssdm name=""/></StgValue>
</bind>
</comp>

<comp id="32" class="1001" name="const_32">
<pin_list>
<pin id="33" dir="1" index="0" bw="1" slack="2147483647"/>
</pin_list>
<bind>
<StgValue><ssdm name="p_str"/></StgValue>
</bind>
</comp>

<comp id="34" class="1001" name="const_34">
<pin_list>
<pin id="35" dir="1" index="0" bw="1" slack="2147483647"/>
</pin_list>
<bind>
<StgValue><ssdm name="_ssdm_op_SpecLoopName"/></StgValue>
</bind>
</comp>

<comp id="36" class="1001" name="const_36">
<pin_list>
<pin id="37" dir="1" index="0" bw="1" slack="2147483647"/>
</pin_list>
<bind>
<StgValue><ssdm name="empty_9"/></StgValue>
</bind>
</comp>

<comp id="38" class="1001" name="const_38">
<pin_list>
<pin id="39" dir="1" index="0" bw="1" slack="0"/>
</pin_list>
<bind>
<StgValue><ssdm name="_ssdm_op_Read.axis.volatile.i256P0A.i32P0A.i32P0A.i1P0A"/></StgValue>
</bind>
</comp>

<comp id="40" class="1001" name="const_40">
<pin_list>
<pin id="41" dir="1" index="0" bw="1" slack="0"/>
</pin_list>
<bind>
<StgValue><ssdm name="_ssdm_op_PartSelect.i32.i256.i32.i32"/></StgValue>
</bind>
</comp>

<comp id="42" class="1001" name="const_42">
<pin_list>
<pin id="43" dir="1" index="0" bw="1" slack="0"/>
</pin_list>
<bind>
<StgValue><ssdm name=""/></StgValue>
</bind>
</comp>

<comp id="44" class="1001" name="const_44">
<pin_list>
<pin id="45" dir="1" index="0" bw="1" slack="0"/>
</pin_list>
<bind>
<StgValue><ssdm name=""/></StgValue>
</bind>
</comp>

<comp id="46" class="1001" name="const_46">
<pin_list>
<pin id="47" dir="1" index="0" bw="1" slack="0"/>
</pin_list>
<bind>
<StgValue><ssdm name=""/></StgValue>
</bind>
</comp>

<comp id="48" class="1001" name="const_48">
<pin_list>
<pin id="49" dir="1" index="0" bw="1" slack="0"/>
</pin_list>
<bind>
<StgValue><ssdm name=""/></StgValue>
</bind>
</comp>

<comp id="50" class="1001" name="const_50">
<pin_list>
<pin id="51" dir="1" index="0" bw="1" slack="0"/>
</pin_list>
<bind>
<StgValue><ssdm name=""/></StgValue>
</bind>
</comp>

<comp id="52" class="1001" name="const_52">
<pin_list>
<pin id="53" dir="1" index="0" bw="1" slack="0"/>
</pin_list>
<bind>
<StgValue><ssdm name=""/></StgValue>
</bind>
</comp>

<comp id="54" class="1001" name="const_54">
<pin_list>
<pin id="55" dir="1" index="0" bw="1" slack="0"/>
</pin_list>
<bind>
<StgValue><ssdm name=""/></StgValue>
</bind>
</comp>

<comp id="56" class="1001" name="const_56">
<pin_list>
<pin id="57" dir="1" index="0" bw="1" slack="0"/>
</pin_list>
<bind>
<StgValue><ssdm name=""/></StgValue>
</bind>
</comp>

<comp id="58" class="1001" name="const_58">
<pin_list>
<pin id="59" dir="1" index="0" bw="1" slack="0"/>
</pin_list>
<bind>
<StgValue><ssdm name=""/></StgValue>
</bind>
</comp>

<comp id="60" class="1001" name="const_60">
<pin_list>
<pin id="61" dir="1" index="0" bw="1" slack="0"/>
</pin_list>
<bind>
<StgValue><ssdm name=""/></StgValue>
</bind>
</comp>

<comp id="62" class="1001" name="const_62">
<pin_list>
<pin id="63" dir="1" index="0" bw="1" slack="0"/>
</pin_list>
<bind>
<StgValue><ssdm name=""/></StgValue>
</bind>
</comp>

<comp id="64" class="1001" name="const_64">
<pin_list>
<pin id="65" dir="1" index="0" bw="1" slack="0"/>
</pin_list>
<bind>
<StgValue><ssdm name=""/></StgValue>
</bind>
</comp>

<comp id="66" class="1001" name="const_66">
<pin_list>
<pin id="67" dir="1" index="0" bw="1" slack="0"/>
</pin_list>
<bind>
<StgValue><ssdm name=""/></StgValue>
</bind>
</comp>

<comp id="68" class="1001" name="const_68">
<pin_list>
<pin id="69" dir="1" index="0" bw="1" slack="0"/>
</pin_list>
<bind>
<StgValue><ssdm name=""/></StgValue>
</bind>
</comp>

<comp id="70" class="1001" name="const_70">
<pin_list>
<pin id="71" dir="1" index="0" bw="1" slack="0"/>
</pin_list>
<bind>
<StgValue><ssdm name="_ssdm_op_BitConcatenate.i256.i32.i32.i32.i32.i32.i32.i32.i32"/></StgValue>
</bind>
</comp>

<comp id="72" class="1001" name="const_72">
<pin_list>
<pin id="73" dir="1" index="0" bw="1" slack="0"/>
</pin_list>
<bind>
<StgValue><ssdm name="_ssdm_op_Write.axis.volatile.i256P0A.i32P0A.i32P0A.i1P0A"/></StgValue>
</bind>
</comp>

<comp id="74" class="1001" name="const_74">
<pin_list>
<pin id="75" dir="1" index="0" bw="1" slack="0"/>
</pin_list>
<bind>
<StgValue><ssdm name=""/></StgValue>
</bind>
</comp>

<comp id="76" class="1004" name="empty_read_fu_76">
<pin_list>
<pin id="77" dir="0" index="0" bw="321" slack="0"/>
<pin id="78" dir="0" index="1" bw="256" slack="0"/>
<pin id="79" dir="0" index="2" bw="32" slack="0"/>
<pin id="80" dir="0" index="3" bw="32" slack="0"/>
<pin id="81" dir="0" index="4" bw="1" slack="0"/>
<pin id="82" dir="1" index="5" bw="321" slack="0"/>
</pin_list>
<bind>
<opcode="read(1150) " fcode="read"/>
<opset="empty/1 "/>
</bind>
</comp>

<comp id="88" class="1004" name="write_ln304_write_fu_88">
<pin_list>
<pin id="89" dir="0" index="0" bw="0" slack="0"/>
<pin id="90" dir="0" index="1" bw="256" slack="0"/>
<pin id="91" dir="0" index="2" bw="32" slack="0"/>
<pin id="92" dir="0" index="3" bw="32" slack="0"/>
<pin id="93" dir="0" index="4" bw="1" slack="0"/>
<pin id="94" dir="0" index="5" bw="256" slack="0"/>
<pin id="95" dir="0" index="6" bw="32" slack="0"/>
<pin id="96" dir="0" index="7" bw="1" slack="0"/>
<pin id="97" dir="0" index="8" bw="1" slack="0"/>
<pin id="98" dir="1" index="9" bw="0" slack="2147483647"/>
</pin_list>
<bind>
<opcode="write(1151) " fcode="write"/>
<opset="write_ln304/1 "/>
</bind>
</comp>

<comp id="105" class="1004" name="tmp_data_V_fu_105">
<pin_list>
<pin id="106" dir="0" index="0" bw="321" slack="0"/>
<pin id="107" dir="1" index="1" bw="256" slack="0"/>
</pin_list>
<bind>
<opcode="extractvalue(56) " fcode="extractvalue"/>
<opset="tmp_data_V/1 "/>
</bind>
</comp>

<comp id="109" class="1004" name="tmp_keep_V_fu_109">
<pin_list>
<pin id="110" dir="0" index="0" bw="321" slack="0"/>
<pin id="111" dir="1" index="1" bw="32" slack="0"/>
</pin_list>
<bind>
<opcode="extractvalue(56) " fcode="extractvalue"/>
<opset="tmp_keep_V/1 "/>
</bind>
</comp>

<comp id="114" class="1004" name="tmp_last_V_fu_114">
<pin_list>
<pin id="115" dir="0" index="0" bw="321" slack="0"/>
<pin id="116" dir="1" index="1" bw="1" slack="0"/>
</pin_list>
<bind>
<opcode="extractvalue(56) " fcode="extractvalue"/>
<opset="tmp_last_V/1 "/>
</bind>
</comp>

<comp id="119" class="1004" name="trunc_ln674_fu_119">
<pin_list>
<pin id="120" dir="0" index="0" bw="256" slack="0"/>
<pin id="121" dir="1" index="1" bw="32" slack="0"/>
</pin_list>
<bind>
<opcode="trunc(33) " fcode="trunc"/>
<opset="trunc_ln674/1 "/>
</bind>
</comp>

<comp id="123" class="1004" name="add_ln232_fu_123">
<pin_list>
<pin id="124" dir="0" index="0" bw="32" slack="0"/>
<pin id="125" dir="0" index="1" bw="1" slack="0"/>
<pin id="126" dir="1" index="2" bw="32" slack="0"/>
</pin_list>
<bind>
<opcode="add(8) " fcode="add"/>
<opset="add_ln232/1 "/>
</bind>
</comp>

<comp id="129" class="1004" name="p_Result_s_fu_129">
<pin_list>
<pin id="130" dir="0" index="0" bw="32" slack="0"/>
<pin id="131" dir="0" index="1" bw="256" slack="0"/>
<pin id="132" dir="0" index="2" bw="7" slack="0"/>
<pin id="133" dir="0" index="3" bw="7" slack="0"/>
<pin id="134" dir="1" index="4" bw="32" slack="0"/>
</pin_list>
<bind>
<opcode="partselect(1002) " fcode="partselect"/>
<opset="p_Result_s/1 "/>
</bind>
</comp>

<comp id="139" class="1004" name="add_ln232_1_fu_139">
<pin_list>
<pin id="140" dir="0" index="0" bw="32" slack="0"/>
<pin id="141" dir="0" index="1" bw="1" slack="0"/>
<pin id="142" dir="1" index="2" bw="32" slack="0"/>
</pin_list>
<bind>
<opcode="add(8) " fcode="add"/>
<opset="add_ln232_1/1 "/>
</bind>
</comp>

<comp id="145" class="1004" name="p_Result_2_fu_145">
<pin_list>
<pin id="146" dir="0" index="0" bw="32" slack="0"/>
<pin id="147" dir="0" index="1" bw="256" slack="0"/>
<pin id="148" dir="0" index="2" bw="8" slack="0"/>
<pin id="149" dir="0" index="3" bw="8" slack="0"/>
<pin id="150" dir="1" index="4" bw="32" slack="0"/>
</pin_list>
<bind>
<opcode="partselect(1002) " fcode="partselect"/>
<opset="p_Result_2/1 "/>
</bind>
</comp>

<comp id="155" class="1004" name="add_ln232_2_fu_155">
<pin_list>
<pin id="156" dir="0" index="0" bw="32" slack="0"/>
<pin id="157" dir="0" index="1" bw="1" slack="0"/>
<pin id="158" dir="1" index="2" bw="32" slack="0"/>
</pin_list>
<bind>
<opcode="add(8) " fcode="add"/>
<opset="add_ln232_2/1 "/>
</bind>
</comp>

<comp id="161" class="1004" name="p_Result_3_fu_161">
<pin_list>
<pin id="162" dir="0" index="0" bw="32" slack="0"/>
<pin id="163" dir="0" index="1" bw="256" slack="0"/>
<pin id="164" dir="0" index="2" bw="8" slack="0"/>
<pin id="165" dir="0" index="3" bw="8" slack="0"/>
<pin id="166" dir="1" index="4" bw="32" slack="0"/>
</pin_list>
<bind>
<opcode="partselect(1002) " fcode="partselect"/>
<opset="p_Result_3/1 "/>
</bind>
</comp>

<comp id="171" class="1004" name="add_ln232_3_fu_171">
<pin_list>
<pin id="172" dir="0" index="0" bw="32" slack="0"/>
<pin id="173" dir="0" index="1" bw="1" slack="0"/>
<pin id="174" dir="1" index="2" bw="32" slack="0"/>
</pin_list>
<bind>
<opcode="add(8) " fcode="add"/>
<opset="add_ln232_3/1 "/>
</bind>
</comp>

<comp id="177" class="1004" name="p_Result_1_fu_177">
<pin_list>
<pin id="178" dir="0" index="0" bw="32" slack="0"/>
<pin id="179" dir="0" index="1" bw="256" slack="0"/>
<pin id="180" dir="0" index="2" bw="9" slack="0"/>
<pin id="181" dir="0" index="3" bw="9" slack="0"/>
<pin id="182" dir="1" index="4" bw="32" slack="0"/>
</pin_list>
<bind>
<opcode="partselect(1002) " fcode="partselect"/>
<opset="p_Result_1/1 "/>
</bind>
</comp>

<comp id="187" class="1004" name="add_ln232_4_fu_187">
<pin_list>
<pin id="188" dir="0" index="0" bw="32" slack="0"/>
<pin id="189" dir="0" index="1" bw="1" slack="0"/>
<pin id="190" dir="1" index="2" bw="32" slack="0"/>
</pin_list>
<bind>
<opcode="add(8) " fcode="add"/>
<opset="add_ln232_4/1 "/>
</bind>
</comp>

<comp id="193" class="1004" name="p_Result_4_fu_193">
<pin_list>
<pin id="194" dir="0" index="0" bw="32" slack="0"/>
<pin id="195" dir="0" index="1" bw="256" slack="0"/>
<pin id="196" dir="0" index="2" bw="9" slack="0"/>
<pin id="197" dir="0" index="3" bw="9" slack="0"/>
<pin id="198" dir="1" index="4" bw="32" slack="0"/>
</pin_list>
<bind>
<opcode="partselect(1002) " fcode="partselect"/>
<opset="p_Result_4/1 "/>
</bind>
</comp>

<comp id="203" class="1004" name="add_ln232_5_fu_203">
<pin_list>
<pin id="204" dir="0" index="0" bw="32" slack="0"/>
<pin id="205" dir="0" index="1" bw="1" slack="0"/>
<pin id="206" dir="1" index="2" bw="32" slack="0"/>
</pin_list>
<bind>
<opcode="add(8) " fcode="add"/>
<opset="add_ln232_5/1 "/>
</bind>
</comp>

<comp id="209" class="1004" name="p_Result_6_fu_209">
<pin_list>
<pin id="210" dir="0" index="0" bw="32" slack="0"/>
<pin id="211" dir="0" index="1" bw="256" slack="0"/>
<pin id="212" dir="0" index="2" bw="9" slack="0"/>
<pin id="213" dir="0" index="3" bw="9" slack="0"/>
<pin id="214" dir="1" index="4" bw="32" slack="0"/>
</pin_list>
<bind>
<opcode="partselect(1002) " fcode="partselect"/>
<opset="p_Result_6/1 "/>
</bind>
</comp>

<comp id="219" class="1004" name="add_ln232_6_fu_219">
<pin_list>
<pin id="220" dir="0" index="0" bw="32" slack="0"/>
<pin id="221" dir="0" index="1" bw="1" slack="0"/>
<pin id="222" dir="1" index="2" bw="32" slack="0"/>
</pin_list>
<bind>
<opcode="add(8) " fcode="add"/>
<opset="add_ln232_6/1 "/>
</bind>
</comp>

<comp id="225" class="1004" name="p_Result_7_fu_225">
<pin_list>
<pin id="226" dir="0" index="0" bw="32" slack="0"/>
<pin id="227" dir="0" index="1" bw="256" slack="0"/>
<pin id="228" dir="0" index="2" bw="9" slack="0"/>
<pin id="229" dir="0" index="3" bw="9" slack="0"/>
<pin id="230" dir="1" index="4" bw="32" slack="0"/>
</pin_list>
<bind>
<opcode="partselect(1002) " fcode="partselect"/>
<opset="p_Result_7/1 "/>
</bind>
</comp>

<comp id="235" class="1004" name="add_ln232_7_fu_235">
<pin_list>
<pin id="236" dir="0" index="0" bw="32" slack="0"/>
<pin id="237" dir="0" index="1" bw="1" slack="0"/>
<pin id="238" dir="1" index="2" bw="32" slack="0"/>
</pin_list>
<bind>
<opcode="add(8) " fcode="add"/>
<opset="add_ln232_7/1 "/>
</bind>
</comp>

<comp id="241" class="1004" name="p_0_fu_241">
<pin_list>
<pin id="242" dir="0" index="0" bw="256" slack="0"/>
<pin id="243" dir="0" index="1" bw="32" slack="0"/>
<pin id="244" dir="0" index="2" bw="32" slack="0"/>
<pin id="245" dir="0" index="3" bw="32" slack="0"/>
<pin id="246" dir="0" index="4" bw="32" slack="0"/>
<pin id="247" dir="0" index="5" bw="32" slack="0"/>
<pin id="248" dir="0" index="6" bw="32" slack="0"/>
<pin id="249" dir="0" index="7" bw="32" slack="0"/>
<pin id="250" dir="0" index="8" bw="32" slack="0"/>
<pin id="251" dir="1" index="9" bw="256" slack="0"/>
</pin_list>
<bind>
<opcode="bitconcatenate(1004) " fcode="bitconcatenate"/>
<opset="p_0/1 "/>
</bind>
</comp>

</comp_list>

<net_list>
<net id="83"><net_src comp="38" pin="0"/><net_sink comp="76" pin=0"/></net>

<net id="84"><net_src comp="0" pin="0"/><net_sink comp="76" pin=1"/></net>

<net id="85"><net_src comp="2" pin="0"/><net_sink comp="76" pin=2"/></net>

<net id="86"><net_src comp="4" pin="0"/><net_sink comp="76" pin=3"/></net>

<net id="87"><net_src comp="6" pin="0"/><net_sink comp="76" pin=4"/></net>

<net id="99"><net_src comp="72" pin="0"/><net_sink comp="88" pin=0"/></net>

<net id="100"><net_src comp="8" pin="0"/><net_sink comp="88" pin=1"/></net>

<net id="101"><net_src comp="10" pin="0"/><net_sink comp="88" pin=2"/></net>

<net id="102"><net_src comp="12" pin="0"/><net_sink comp="88" pin=3"/></net>

<net id="103"><net_src comp="14" pin="0"/><net_sink comp="88" pin=4"/></net>

<net id="104"><net_src comp="74" pin="0"/><net_sink comp="88" pin=7"/></net>

<net id="108"><net_src comp="76" pin="5"/><net_sink comp="105" pin=0"/></net>

<net id="112"><net_src comp="76" pin="5"/><net_sink comp="109" pin=0"/></net>

<net id="113"><net_src comp="109" pin="1"/><net_sink comp="88" pin=6"/></net>

<net id="117"><net_src comp="76" pin="5"/><net_sink comp="114" pin=0"/></net>

<net id="118"><net_src comp="114" pin="1"/><net_sink comp="88" pin=8"/></net>

<net id="122"><net_src comp="105" pin="1"/><net_sink comp="119" pin=0"/></net>

<net id="127"><net_src comp="119" pin="1"/><net_sink comp="123" pin=0"/></net>

<net id="128"><net_src comp="30" pin="0"/><net_sink comp="123" pin=1"/></net>

<net id="135"><net_src comp="40" pin="0"/><net_sink comp="129" pin=0"/></net>

<net id="136"><net_src comp="105" pin="1"/><net_sink comp="129" pin=1"/></net>

<net id="137"><net_src comp="42" pin="0"/><net_sink comp="129" pin=2"/></net>

<net id="138"><net_src comp="44" pin="0"/><net_sink comp="129" pin=3"/></net>

<net id="143"><net_src comp="129" pin="4"/><net_sink comp="139" pin=0"/></net>

<net id="144"><net_src comp="30" pin="0"/><net_sink comp="139" pin=1"/></net>

<net id="151"><net_src comp="40" pin="0"/><net_sink comp="145" pin=0"/></net>

<net id="152"><net_src comp="105" pin="1"/><net_sink comp="145" pin=1"/></net>

<net id="153"><net_src comp="46" pin="0"/><net_sink comp="145" pin=2"/></net>

<net id="154"><net_src comp="48" pin="0"/><net_sink comp="145" pin=3"/></net>

<net id="159"><net_src comp="145" pin="4"/><net_sink comp="155" pin=0"/></net>

<net id="160"><net_src comp="30" pin="0"/><net_sink comp="155" pin=1"/></net>

<net id="167"><net_src comp="40" pin="0"/><net_sink comp="161" pin=0"/></net>

<net id="168"><net_src comp="105" pin="1"/><net_sink comp="161" pin=1"/></net>

<net id="169"><net_src comp="50" pin="0"/><net_sink comp="161" pin=2"/></net>

<net id="170"><net_src comp="52" pin="0"/><net_sink comp="161" pin=3"/></net>

<net id="175"><net_src comp="161" pin="4"/><net_sink comp="171" pin=0"/></net>

<net id="176"><net_src comp="30" pin="0"/><net_sink comp="171" pin=1"/></net>

<net id="183"><net_src comp="40" pin="0"/><net_sink comp="177" pin=0"/></net>

<net id="184"><net_src comp="105" pin="1"/><net_sink comp="177" pin=1"/></net>

<net id="185"><net_src comp="54" pin="0"/><net_sink comp="177" pin=2"/></net>

<net id="186"><net_src comp="56" pin="0"/><net_sink comp="177" pin=3"/></net>

<net id="191"><net_src comp="177" pin="4"/><net_sink comp="187" pin=0"/></net>

<net id="192"><net_src comp="30" pin="0"/><net_sink comp="187" pin=1"/></net>

<net id="199"><net_src comp="40" pin="0"/><net_sink comp="193" pin=0"/></net>

<net id="200"><net_src comp="105" pin="1"/><net_sink comp="193" pin=1"/></net>

<net id="201"><net_src comp="58" pin="0"/><net_sink comp="193" pin=2"/></net>

<net id="202"><net_src comp="60" pin="0"/><net_sink comp="193" pin=3"/></net>

<net id="207"><net_src comp="193" pin="4"/><net_sink comp="203" pin=0"/></net>

<net id="208"><net_src comp="30" pin="0"/><net_sink comp="203" pin=1"/></net>

<net id="215"><net_src comp="40" pin="0"/><net_sink comp="209" pin=0"/></net>

<net id="216"><net_src comp="105" pin="1"/><net_sink comp="209" pin=1"/></net>

<net id="217"><net_src comp="62" pin="0"/><net_sink comp="209" pin=2"/></net>

<net id="218"><net_src comp="64" pin="0"/><net_sink comp="209" pin=3"/></net>

<net id="223"><net_src comp="209" pin="4"/><net_sink comp="219" pin=0"/></net>

<net id="224"><net_src comp="30" pin="0"/><net_sink comp="219" pin=1"/></net>

<net id="231"><net_src comp="40" pin="0"/><net_sink comp="225" pin=0"/></net>

<net id="232"><net_src comp="105" pin="1"/><net_sink comp="225" pin=1"/></net>

<net id="233"><net_src comp="66" pin="0"/><net_sink comp="225" pin=2"/></net>

<net id="234"><net_src comp="68" pin="0"/><net_sink comp="225" pin=3"/></net>

<net id="239"><net_src comp="225" pin="4"/><net_sink comp="235" pin=0"/></net>

<net id="240"><net_src comp="30" pin="0"/><net_sink comp="235" pin=1"/></net>

<net id="252"><net_src comp="70" pin="0"/><net_sink comp="241" pin=0"/></net>

<net id="253"><net_src comp="235" pin="2"/><net_sink comp="241" pin=1"/></net>

<net id="254"><net_src comp="219" pin="2"/><net_sink comp="241" pin=2"/></net>

<net id="255"><net_src comp="203" pin="2"/><net_sink comp="241" pin=3"/></net>

<net id="256"><net_src comp="187" pin="2"/><net_sink comp="241" pin=4"/></net>

<net id="257"><net_src comp="171" pin="2"/><net_sink comp="241" pin=5"/></net>

<net id="258"><net_src comp="155" pin="2"/><net_sink comp="241" pin=6"/></net>

<net id="259"><net_src comp="139" pin="2"/><net_sink comp="241" pin=7"/></net>

<net id="260"><net_src comp="123" pin="2"/><net_sink comp="241" pin=8"/></net>

<net id="261"><net_src comp="241" pin="9"/><net_sink comp="88" pin=5"/></net>

</net_list>

</model> 
---------------- Datapath Model END ------------------

* FSMD analyzer results:
  - Output states:
	Port: axisHBMout_V_data_V | {1 }
	Port: axisHBMout_V_keep_V | {1 }
	Port: axisHBMout_V_strb_V | {1 }
	Port: axisHBMout_V_last_V | {1 }
 - Input state : 
	Port: rtl_kernel_wizard_0_Pipeline_VITIS_LOOP_96_1 : axisHBMin_V_data_V | {1 }
	Port: rtl_kernel_wizard_0_Pipeline_VITIS_LOOP_96_1 : axisHBMin_V_keep_V | {1 }
	Port: rtl_kernel_wizard_0_Pipeline_VITIS_LOOP_96_1 : axisHBMin_V_strb_V | {1 }
	Port: rtl_kernel_wizard_0_Pipeline_VITIS_LOOP_96_1 : axisHBMin_V_last_V | {1 }
  - Chain level:
	State 1
		trunc_ln674 : 1
		add_ln232 : 2
		p_Result_s : 1
		add_ln232_1 : 2
		p_Result_2 : 1
		add_ln232_2 : 2
		p_Result_3 : 1
		add_ln232_3 : 2
		p_Result_1 : 1
		add_ln232_4 : 2
		p_Result_4 : 1
		add_ln232_5 : 2
		p_Result_6 : 1
		add_ln232_6 : 2
		p_Result_7 : 1
		add_ln232_7 : 2
		p_0 : 3
		write_ln304 : 4
		br_ln96 : 1


============================================================
+ Verbose Summary: Datapath Resource usage 
============================================================

* Functional unit list:
|----------|-------------------------|---------|---------|
| Operation|     Functional Unit     |    FF   |   LUT   |
|----------|-------------------------|---------|---------|
|          |     add_ln232_fu_123    |    0    |    39   |
|          |    add_ln232_1_fu_139   |    0    |    39   |
|          |    add_ln232_2_fu_155   |    0    |    39   |
|    add   |    add_ln232_3_fu_171   |    0    |    39   |
|          |    add_ln232_4_fu_187   |    0    |    39   |
|          |    add_ln232_5_fu_203   |    0    |    39   |
|          |    add_ln232_6_fu_219   |    0    |    39   |
|          |    add_ln232_7_fu_235   |    0    |    39   |
|----------|-------------------------|---------|---------|
|   read   |     empty_read_fu_76    |    0    |    0    |
|----------|-------------------------|---------|---------|
|   write  | write_ln304_write_fu_88 |    0    |    0    |
|----------|-------------------------|---------|---------|
|          |    tmp_data_V_fu_105    |    0    |    0    |
|extractvalue|    tmp_keep_V_fu_109    |    0    |    0    |
|          |    tmp_last_V_fu_114    |    0    |    0    |
|----------|-------------------------|---------|---------|
|   trunc  |    trunc_ln674_fu_119   |    0    |    0    |
|----------|-------------------------|---------|---------|
|          |    p_Result_s_fu_129    |    0    |    0    |
|          |    p_Result_2_fu_145    |    0    |    0    |
|          |    p_Result_3_fu_161    |    0    |    0    |
|partselect|    p_Result_1_fu_177    |    0    |    0    |
|          |    p_Result_4_fu_193    |    0    |    0    |
|          |    p_Result_6_fu_209    |    0    |    0    |
|          |    p_Result_7_fu_225    |    0    |    0    |
|----------|-------------------------|---------|---------|
|bitconcatenate|        p_0_fu_241       |    0    |    0    |
|----------|-------------------------|---------|---------|
|   Total  |                         |    0    |   312   |
|----------|-------------------------|---------|---------|

Memories:
N/A

* Register list:
N/A

* Multiplexer (MUX) list: 
|--------|------|------|------|--------|
|  Comp  |  Pin | Size |  BW  | S x BW |
|--------|------|------|------|--------|
|  Total |      |      |      |    0   |
|--------|------|------|------|--------|



* Summary:
+-----------+--------+--------+
|           |   FF   |   LUT  |
+-----------+--------+--------+
|  Function |    0   |   312  |
|   Memory  |    -   |    -   |
|Multiplexer|    -   |    -   |
|  Register |    -   |    -   |
+-----------+--------+--------+
|   Total   |    0   |   312  |
+-----------+--------+--------+
