Vivado Simulator v2022.1
Copyright 1986-1999, 2001-2022 Xilinx, Inc. All Rights Reserved.
Running: /home/austin01/Xilinx/Vivado/2022.1/bin/unwrapped/lnx64.o/xelab --incr --debug typical --relax --mt 8 -L xil_defaultlib -L blk_mem_gen_v8_4_5 -L axi_infrastructure_v1_1_0 -L axi_vip_v1_1_12 -L xlconstant_v1_1_7 -L lib_cdc_v1_0_2 -L proc_sys_reset_v5_0_13 -L smartconnect_v1_0 -L axi_register_slice_v2_1_26 -L uvm -L xilinx_vip -L unisims_ver -L unimacro_ver -L secureip -L xpm --snapshot tb_top_kernel_behav xil_defaultlib.tb_top_kernel xil_defaultlib.glbl -log elaborate.log 
Using 8 slave threads.
Starting static elaboration
Pass Through NonSizing Optimizer
WARNING: [VRFC 10-3091] actual bit length 1 differs from formal bit length 2 for port 'HBM_00_end_write' [/home/austin01/vivado/rtl_kernel_wizard_0_ex/kernel.sv:1830]
WARNING: [VRFC 10-3091] actual bit length 1 differs from formal bit length 2 for port 'HBM_01_end_write' [/home/austin01/vivado/rtl_kernel_wizard_0_ex/kernel.sv:1846]
WARNING: [VRFC 10-3091] actual bit length 1 differs from formal bit length 2 for port 'HBM_02_end_write' [/home/austin01/vivado/rtl_kernel_wizard_0_ex/kernel.sv:1862]
WARNING: [VRFC 10-3091] actual bit length 1 differs from formal bit length 2 for port 'HBM_03_end_write' [/home/austin01/vivado/rtl_kernel_wizard_0_ex/kernel.sv:1878]
WARNING: [VRFC 10-3091] actual bit length 1 differs from formal bit length 2 for port 'HBM_04_end_write' [/home/austin01/vivado/rtl_kernel_wizard_0_ex/kernel.sv:1894]
WARNING: [VRFC 10-3091] actual bit length 1 differs from formal bit length 2 for port 'HBM_05_end_write' [/home/austin01/vivado/rtl_kernel_wizard_0_ex/kernel.sv:1910]
WARNING: [VRFC 10-3091] actual bit length 1 differs from formal bit length 2 for port 'HBM_06_end_write' [/home/austin01/vivado/rtl_kernel_wizard_0_ex/kernel.sv:1926]
WARNING: [VRFC 10-3091] actual bit length 1 differs from formal bit length 2 for port 'HBM_07_end_write' [/home/austin01/vivado/rtl_kernel_wizard_0_ex/kernel.sv:1942]
WARNING: [VRFC 10-3091] actual bit length 1 differs from formal bit length 2 for port 'HBM_08_end_write' [/home/austin01/vivado/rtl_kernel_wizard_0_ex/kernel.sv:1958]
WARNING: [VRFC 10-3091] actual bit length 1 differs from formal bit length 2 for port 'HBM_09_end_write' [/home/austin01/vivado/rtl_kernel_wizard_0_ex/kernel.sv:1974]
WARNING: [VRFC 10-3091] actual bit length 1 differs from formal bit length 2 for port 'HBM_10_end_write' [/home/austin01/vivado/rtl_kernel_wizard_0_ex/kernel.sv:1990]
WARNING: [VRFC 10-3091] actual bit length 1 differs from formal bit length 2 for port 'HBM_11_end_write' [/home/austin01/vivado/rtl_kernel_wizard_0_ex/kernel.sv:2006]
WARNING: [VRFC 10-3091] actual bit length 1 differs from formal bit length 2 for port 'HBM_12_end_write' [/home/austin01/vivado/rtl_kernel_wizard_0_ex/kernel.sv:2022]
WARNING: [VRFC 10-3091] actual bit length 1 differs from formal bit length 2 for port 'HBM_13_end_write' [/home/austin01/vivado/rtl_kernel_wizard_0_ex/kernel.sv:2038]
WARNING: [VRFC 10-3091] actual bit length 1 differs from formal bit length 2 for port 'HBM_14_end_write' [/home/austin01/vivado/rtl_kernel_wizard_0_ex/kernel.sv:2054]
WARNING: [VRFC 10-3091] actual bit length 1 differs from formal bit length 2 for port 'HBM_15_end_write' [/home/austin01/vivado/rtl_kernel_wizard_0_ex/kernel.sv:2070]
WARNING: [VRFC 10-3091] actual bit length 1 differs from formal bit length 2 for port 'DDR_00_end_write' [/home/austin01/vivado/rtl_kernel_wizard_0_ex/kernel.sv:2092]
WARNING: [VRFC 10-3091] actual bit length 32 differs from formal bit length 1 for port 'DDR_01_start_write' [/home/austin01/vivado/rtl_kernel_wizard_0_ex/kernel.sv:2101]
WARNING: [VRFC 10-3091] actual bit length 32 differs from formal bit length 34 for port 'DDR_01_write_addr' [/home/austin01/vivado/rtl_kernel_wizard_0_ex/kernel.sv:2102]
WARNING: [VRFC 10-3091] actual bit length 32 differs from formal bit length 8 for port 'DDR_01_wburst' [/home/austin01/vivado/rtl_kernel_wizard_0_ex/kernel.sv:2103]
WARNING: [VRFC 10-3091] actual bit length 32 differs from formal bit length 512 for port 'DDR_01_write_data' [/home/austin01/vivado/rtl_kernel_wizard_0_ex/kernel.sv:2104]
WARNING: [VRFC 10-3091] actual bit length 32 differs from formal bit length 1 for port 'DDR_01_write_ready' [/home/austin01/vivado/rtl_kernel_wizard_0_ex/kernel.sv:2105]
WARNING: [VRFC 10-3091] actual bit length 32 differs from formal bit length 1 for port 'DDR_02_start_write' [/home/austin01/vivado/rtl_kernel_wizard_0_ex/kernel.sv:2118]
WARNING: [VRFC 10-3091] actual bit length 32 differs from formal bit length 34 for port 'DDR_02_write_addr' [/home/austin01/vivado/rtl_kernel_wizard_0_ex/kernel.sv:2119]
WARNING: [VRFC 10-3091] actual bit length 32 differs from formal bit length 8 for port 'DDR_02_wburst' [/home/austin01/vivado/rtl_kernel_wizard_0_ex/kernel.sv:2120]
WARNING: [VRFC 10-3091] actual bit length 32 differs from formal bit length 512 for port 'DDR_02_write_data' [/home/austin01/vivado/rtl_kernel_wizard_0_ex/kernel.sv:2121]
WARNING: [VRFC 10-3091] actual bit length 32 differs from formal bit length 1 for port 'DDR_02_write_ready' [/home/austin01/vivado/rtl_kernel_wizard_0_ex/kernel.sv:2122]
WARNING: [VRFC 10-3091] actual bit length 32 differs from formal bit length 1 for port 'DDR_03_start_write' [/home/austin01/vivado/rtl_kernel_wizard_0_ex/kernel.sv:2135]
WARNING: [VRFC 10-3091] actual bit length 32 differs from formal bit length 34 for port 'DDR_03_write_addr' [/home/austin01/vivado/rtl_kernel_wizard_0_ex/kernel.sv:2136]
WARNING: [VRFC 10-3091] actual bit length 32 differs from formal bit length 8 for port 'DDR_03_wburst' [/home/austin01/vivado/rtl_kernel_wizard_0_ex/kernel.sv:2137]
WARNING: [VRFC 10-3091] actual bit length 32 differs from formal bit length 512 for port 'DDR_03_write_data' [/home/austin01/vivado/rtl_kernel_wizard_0_ex/kernel.sv:2138]
WARNING: [VRFC 10-3091] actual bit length 32 differs from formal bit length 1 for port 'DDR_03_write_ready' [/home/austin01/vivado/rtl_kernel_wizard_0_ex/kernel.sv:2139]
WARNING: [VRFC 10-3091] actual bit length 32 differs from formal bit length 1 for port 'DDR_04_start_write' [/home/austin01/vivado/rtl_kernel_wizard_0_ex/kernel.sv:2152]
WARNING: [VRFC 10-3091] actual bit length 32 differs from formal bit length 34 for port 'DDR_04_write_addr' [/home/austin01/vivado/rtl_kernel_wizard_0_ex/kernel.sv:2153]
WARNING: [VRFC 10-3091] actual bit length 32 differs from formal bit length 8 for port 'DDR_04_wburst' [/home/austin01/vivado/rtl_kernel_wizard_0_ex/kernel.sv:2154]
WARNING: [VRFC 10-3091] actual bit length 32 differs from formal bit length 512 for port 'DDR_04_write_data' [/home/austin01/vivado/rtl_kernel_wizard_0_ex/kernel.sv:2155]
WARNING: [VRFC 10-3091] actual bit length 32 differs from formal bit length 1 for port 'DDR_04_write_ready' [/home/austin01/vivado/rtl_kernel_wizard_0_ex/kernel.sv:2156]
WARNING: [VRFC 10-3091] actual bit length 32 differs from formal bit length 1 for port 'DDR_05_start_write' [/home/austin01/vivado/rtl_kernel_wizard_0_ex/kernel.sv:2169]
WARNING: [VRFC 10-3091] actual bit length 32 differs from formal bit length 34 for port 'DDR_05_write_addr' [/home/austin01/vivado/rtl_kernel_wizard_0_ex/kernel.sv:2170]
WARNING: [VRFC 10-3091] actual bit length 32 differs from formal bit length 8 for port 'DDR_05_wburst' [/home/austin01/vivado/rtl_kernel_wizard_0_ex/kernel.sv:2171]
WARNING: [VRFC 10-3091] actual bit length 32 differs from formal bit length 512 for port 'DDR_05_write_data' [/home/austin01/vivado/rtl_kernel_wizard_0_ex/kernel.sv:2172]
WARNING: [VRFC 10-3091] actual bit length 32 differs from formal bit length 1 for port 'DDR_05_write_ready' [/home/austin01/vivado/rtl_kernel_wizard_0_ex/kernel.sv:2173]
WARNING: [VRFC 10-3091] actual bit length 32 differs from formal bit length 1 for port 'DDR_06_start_write' [/home/austin01/vivado/rtl_kernel_wizard_0_ex/kernel.sv:2186]
WARNING: [VRFC 10-3091] actual bit length 32 differs from formal bit length 34 for port 'DDR_06_write_addr' [/home/austin01/vivado/rtl_kernel_wizard_0_ex/kernel.sv:2187]
WARNING: [VRFC 10-3091] actual bit length 32 differs from formal bit length 8 for port 'DDR_06_wburst' [/home/austin01/vivado/rtl_kernel_wizard_0_ex/kernel.sv:2188]
WARNING: [VRFC 10-3091] actual bit length 32 differs from formal bit length 512 for port 'DDR_06_write_data' [/home/austin01/vivado/rtl_kernel_wizard_0_ex/kernel.sv:2189]
WARNING: [VRFC 10-3091] actual bit length 32 differs from formal bit length 1 for port 'DDR_06_write_ready' [/home/austin01/vivado/rtl_kernel_wizard_0_ex/kernel.sv:2190]
WARNING: [VRFC 10-3091] actual bit length 32 differs from formal bit length 1 for port 'DDR_07_start_write' [/home/austin01/vivado/rtl_kernel_wizard_0_ex/kernel.sv:2203]
WARNING: [VRFC 10-3091] actual bit length 32 differs from formal bit length 34 for port 'DDR_07_write_addr' [/home/austin01/vivado/rtl_kernel_wizard_0_ex/kernel.sv:2204]
WARNING: [VRFC 10-3091] actual bit length 32 differs from formal bit length 8 for port 'DDR_07_wburst' [/home/austin01/vivado/rtl_kernel_wizard_0_ex/kernel.sv:2205]
WARNING: [VRFC 10-3091] actual bit length 32 differs from formal bit length 512 for port 'DDR_07_write_data' [/home/austin01/vivado/rtl_kernel_wizard_0_ex/kernel.sv:2206]
WARNING: [VRFC 10-3091] actual bit length 32 differs from formal bit length 1 for port 'DDR_07_write_ready' [/home/austin01/vivado/rtl_kernel_wizard_0_ex/kernel.sv:2207]
WARNING: [VRFC 10-3091] actual bit length 32 differs from formal bit length 1 for port 'DDR_08_start_write' [/home/austin01/vivado/rtl_kernel_wizard_0_ex/kernel.sv:2220]
WARNING: [VRFC 10-3091] actual bit length 32 differs from formal bit length 34 for port 'DDR_08_write_addr' [/home/austin01/vivado/rtl_kernel_wizard_0_ex/kernel.sv:2221]
WARNING: [VRFC 10-3091] actual bit length 32 differs from formal bit length 8 for port 'DDR_08_wburst' [/home/austin01/vivado/rtl_kernel_wizard_0_ex/kernel.sv:2222]
WARNING: [VRFC 10-3091] actual bit length 32 differs from formal bit length 512 for port 'DDR_08_write_data' [/home/austin01/vivado/rtl_kernel_wizard_0_ex/kernel.sv:2223]
WARNING: [VRFC 10-3091] actual bit length 32 differs from formal bit length 1 for port 'DDR_08_write_ready' [/home/austin01/vivado/rtl_kernel_wizard_0_ex/kernel.sv:2224]
WARNING: [VRFC 10-3091] actual bit length 32 differs from formal bit length 1 for port 'DDR_09_start_write' [/home/austin01/vivado/rtl_kernel_wizard_0_ex/kernel.sv:2237]
WARNING: [VRFC 10-3091] actual bit length 32 differs from formal bit length 34 for port 'DDR_09_write_addr' [/home/austin01/vivado/rtl_kernel_wizard_0_ex/kernel.sv:2238]
WARNING: [VRFC 10-3091] actual bit length 32 differs from formal bit length 8 for port 'DDR_09_wburst' [/home/austin01/vivado/rtl_kernel_wizard_0_ex/kernel.sv:2239]
WARNING: [VRFC 10-3091] actual bit length 32 differs from formal bit length 512 for port 'DDR_09_write_data' [/home/austin01/vivado/rtl_kernel_wizard_0_ex/kernel.sv:2240]
WARNING: [VRFC 10-3091] actual bit length 32 differs from formal bit length 1 for port 'DDR_09_write_ready' [/home/austin01/vivado/rtl_kernel_wizard_0_ex/kernel.sv:2241]
WARNING: [VRFC 10-3091] actual bit length 32 differs from formal bit length 1 for port 'DDR_10_start_write' [/home/austin01/vivado/rtl_kernel_wizard_0_ex/kernel.sv:2254]
WARNING: [VRFC 10-3091] actual bit length 32 differs from formal bit length 34 for port 'DDR_10_write_addr' [/home/austin01/vivado/rtl_kernel_wizard_0_ex/kernel.sv:2255]
WARNING: [VRFC 10-3091] actual bit length 32 differs from formal bit length 8 for port 'DDR_10_wburst' [/home/austin01/vivado/rtl_kernel_wizard_0_ex/kernel.sv:2256]
WARNING: [VRFC 10-3091] actual bit length 32 differs from formal bit length 512 for port 'DDR_10_write_data' [/home/austin01/vivado/rtl_kernel_wizard_0_ex/kernel.sv:2257]
WARNING: [VRFC 10-3091] actual bit length 32 differs from formal bit length 1 for port 'DDR_10_write_ready' [/home/austin01/vivado/rtl_kernel_wizard_0_ex/kernel.sv:2258]
WARNING: [VRFC 10-3091] actual bit length 32 differs from formal bit length 1 for port 'DDR_11_start_write' [/home/austin01/vivado/rtl_kernel_wizard_0_ex/kernel.sv:2271]
WARNING: [VRFC 10-3091] actual bit length 32 differs from formal bit length 34 for port 'DDR_11_write_addr' [/home/austin01/vivado/rtl_kernel_wizard_0_ex/kernel.sv:2272]
WARNING: [VRFC 10-3091] actual bit length 32 differs from formal bit length 8 for port 'DDR_11_wburst' [/home/austin01/vivado/rtl_kernel_wizard_0_ex/kernel.sv:2273]
WARNING: [VRFC 10-3091] actual bit length 32 differs from formal bit length 512 for port 'DDR_11_write_data' [/home/austin01/vivado/rtl_kernel_wizard_0_ex/kernel.sv:2274]
WARNING: [VRFC 10-3091] actual bit length 32 differs from formal bit length 1 for port 'DDR_11_write_ready' [/home/austin01/vivado/rtl_kernel_wizard_0_ex/kernel.sv:2275]
WARNING: [VRFC 10-3091] actual bit length 32 differs from formal bit length 1 for port 'DDR_12_start_write' [/home/austin01/vivado/rtl_kernel_wizard_0_ex/kernel.sv:2288]
WARNING: [VRFC 10-3091] actual bit length 32 differs from formal bit length 34 for port 'DDR_12_write_addr' [/home/austin01/vivado/rtl_kernel_wizard_0_ex/kernel.sv:2289]
WARNING: [VRFC 10-3091] actual bit length 32 differs from formal bit length 8 for port 'DDR_12_wburst' [/home/austin01/vivado/rtl_kernel_wizard_0_ex/kernel.sv:2290]
WARNING: [VRFC 10-3091] actual bit length 32 differs from formal bit length 512 for port 'DDR_12_write_data' [/home/austin01/vivado/rtl_kernel_wizard_0_ex/kernel.sv:2291]
WARNING: [VRFC 10-3091] actual bit length 32 differs from formal bit length 1 for port 'DDR_12_write_ready' [/home/austin01/vivado/rtl_kernel_wizard_0_ex/kernel.sv:2292]
WARNING: [VRFC 10-3091] actual bit length 32 differs from formal bit length 1 for port 'DDR_13_start_write' [/home/austin01/vivado/rtl_kernel_wizard_0_ex/kernel.sv:2305]
WARNING: [VRFC 10-3091] actual bit length 32 differs from formal bit length 34 for port 'DDR_13_write_addr' [/home/austin01/vivado/rtl_kernel_wizard_0_ex/kernel.sv:2306]
WARNING: [VRFC 10-3091] actual bit length 32 differs from formal bit length 8 for port 'DDR_13_wburst' [/home/austin01/vivado/rtl_kernel_wizard_0_ex/kernel.sv:2307]
WARNING: [VRFC 10-3091] actual bit length 32 differs from formal bit length 512 for port 'DDR_13_write_data' [/home/austin01/vivado/rtl_kernel_wizard_0_ex/kernel.sv:2308]
WARNING: [VRFC 10-3091] actual bit length 32 differs from formal bit length 1 for port 'DDR_13_write_ready' [/home/austin01/vivado/rtl_kernel_wizard_0_ex/kernel.sv:2309]
WARNING: [VRFC 10-3091] actual bit length 32 differs from formal bit length 1 for port 'DDR_14_start_write' [/home/austin01/vivado/rtl_kernel_wizard_0_ex/kernel.sv:2322]
WARNING: [VRFC 10-3091] actual bit length 32 differs from formal bit length 34 for port 'DDR_14_write_addr' [/home/austin01/vivado/rtl_kernel_wizard_0_ex/kernel.sv:2323]
WARNING: [VRFC 10-3091] actual bit length 32 differs from formal bit length 8 for port 'DDR_14_wburst' [/home/austin01/vivado/rtl_kernel_wizard_0_ex/kernel.sv:2324]
WARNING: [VRFC 10-3091] actual bit length 32 differs from formal bit length 512 for port 'DDR_14_write_data' [/home/austin01/vivado/rtl_kernel_wizard_0_ex/kernel.sv:2325]
WARNING: [VRFC 10-3091] actual bit length 32 differs from formal bit length 1 for port 'DDR_14_write_ready' [/home/austin01/vivado/rtl_kernel_wizard_0_ex/kernel.sv:2326]
WARNING: [VRFC 10-3091] actual bit length 32 differs from formal bit length 1 for port 'DDR_15_start_write' [/home/austin01/vivado/rtl_kernel_wizard_0_ex/kernel.sv:2339]
WARNING: [VRFC 10-3091] actual bit length 32 differs from formal bit length 34 for port 'DDR_15_write_addr' [/home/austin01/vivado/rtl_kernel_wizard_0_ex/kernel.sv:2340]
WARNING: [VRFC 10-3091] actual bit length 32 differs from formal bit length 8 for port 'DDR_15_wburst' [/home/austin01/vivado/rtl_kernel_wizard_0_ex/kernel.sv:2341]
WARNING: [VRFC 10-3091] actual bit length 32 differs from formal bit length 512 for port 'DDR_15_write_data' [/home/austin01/vivado/rtl_kernel_wizard_0_ex/kernel.sv:2342]
WARNING: [VRFC 10-3091] actual bit length 32 differs from formal bit length 1 for port 'DDR_15_write_ready' [/home/austin01/vivado/rtl_kernel_wizard_0_ex/kernel.sv:2343]
WARNING: [VRFC 10-3091] actual bit length 6 differs from formal bit length 1 for port 's_axi_awid' [/home/austin01/vivado/rtl_kernel_wizard_0_ex/rtl_kernel_wizard_0_ex.ip_user_files/bd/MemoryInterfacesVIP/ip/MemoryInterfacesVIP_HBMVIP_0/sim/MemoryInterfacesVIP_HBMVIP_0.sv:191]
WARNING: [VRFC 10-3091] actual bit length 6 differs from formal bit length 1 for port 's_axi_wid' [/home/austin01/vivado/rtl_kernel_wizard_0_ex/rtl_kernel_wizard_0_ex.ip_user_files/bd/MemoryInterfacesVIP/ip/MemoryInterfacesVIP_HBMVIP_0/sim/MemoryInterfacesVIP_HBMVIP_0.sv:204]
WARNING: [VRFC 10-3091] actual bit length 6 differs from formal bit length 1 for port 's_axi_arid' [/home/austin01/vivado/rtl_kernel_wizard_0_ex/rtl_kernel_wizard_0_ex.ip_user_files/bd/MemoryInterfacesVIP/ip/MemoryInterfacesVIP_HBMVIP_0/sim/MemoryInterfacesVIP_HBMVIP_0.sv:216]
WARNING: [VRFC 10-3091] actual bit length 6 differs from formal bit length 1 for port 'm_axi_bid' [/home/austin01/vivado/rtl_kernel_wizard_0_ex/rtl_kernel_wizard_0_ex.ip_user_files/bd/MemoryInterfacesVIP/ip/MemoryInterfacesVIP_HBMVIP_0/sim/MemoryInterfacesVIP_HBMVIP_0.sv:256]
WARNING: [VRFC 10-3091] actual bit length 6 differs from formal bit length 1 for port 'm_axi_rid' [/home/austin01/vivado/rtl_kernel_wizard_0_ex/rtl_kernel_wizard_0_ex.ip_user_files/bd/MemoryInterfacesVIP/ip/MemoryInterfacesVIP_HBMVIP_0/sim/MemoryInterfacesVIP_HBMVIP_0.sv:274]
WARNING: [VRFC 10-3091] actual bit length 2 differs from formal bit length 1 for port 'm_axi_AWLOCK' [/home/austin01/vivado/rtl_kernel_wizard_0_ex/rtl_kernel_wizard_0_ex.ip_user_files/bd/MemoryInterfacesVIP/ip/MemoryInterfacesVIP_DDR_00_AXI_Engine_0/sim/MemoryInterfacesVIP_DDR_00_AXI_Engine_0.v:248]
WARNING: [VRFC 10-3091] actual bit length 2 differs from formal bit length 1 for port 'm_axi_ARLOCK' [/home/austin01/vivado/rtl_kernel_wizard_0_ex/rtl_kernel_wizard_0_ex.ip_user_files/bd/MemoryInterfacesVIP/ip/MemoryInterfacesVIP_DDR_00_AXI_Engine_0/sim/MemoryInterfacesVIP_DDR_00_AXI_Engine_0.v:270]
WARNING: [VRFC 10-3091] actual bit length 2 differs from formal bit length 1 for port 'm_axi_AWLOCK' [/home/austin01/vivado/rtl_kernel_wizard_0_ex/rtl_kernel_wizard_0_ex.ip_user_files/bd/MemoryInterfacesVIP/ip/MemoryInterfacesVIP_DDR_00_AXI_Engine_1/sim/MemoryInterfacesVIP_DDR_00_AXI_Engine_1.v:248]
WARNING: [VRFC 10-3091] actual bit length 2 differs from formal bit length 1 for port 'm_axi_ARLOCK' [/home/austin01/vivado/rtl_kernel_wizard_0_ex/rtl_kernel_wizard_0_ex.ip_user_files/bd/MemoryInterfacesVIP/ip/MemoryInterfacesVIP_DDR_00_AXI_Engine_1/sim/MemoryInterfacesVIP_DDR_00_AXI_Engine_1.v:270]
WARNING: [VRFC 10-3091] actual bit length 2 differs from formal bit length 1 for port 'm_axi_AWLOCK' [/home/austin01/vivado/rtl_kernel_wizard_0_ex/rtl_kernel_wizard_0_ex.ip_user_files/bd/MemoryInterfacesVIP/ip/MemoryInterfacesVIP_DDR_00_AXI_Engine_2/sim/MemoryInterfacesVIP_DDR_00_AXI_Engine_2.v:248]
WARNING: [VRFC 10-3091] actual bit length 2 differs from formal bit length 1 for port 'm_axi_ARLOCK' [/home/austin01/vivado/rtl_kernel_wizard_0_ex/rtl_kernel_wizard_0_ex.ip_user_files/bd/MemoryInterfacesVIP/ip/MemoryInterfacesVIP_DDR_00_AXI_Engine_2/sim/MemoryInterfacesVIP_DDR_00_AXI_Engine_2.v:270]
WARNING: [VRFC 10-3091] actual bit length 2 differs from formal bit length 1 for port 'm_axi_AWLOCK' [/home/austin01/vivado/rtl_kernel_wizard_0_ex/rtl_kernel_wizard_0_ex.ip_user_files/bd/MemoryInterfacesVIP/ip/MemoryInterfacesVIP_DDR_00_AXI_Engine_3/sim/MemoryInterfacesVIP_DDR_00_AXI_Engine_3.v:248]
WARNING: [VRFC 10-3091] actual bit length 2 differs from formal bit length 1 for port 'm_axi_ARLOCK' [/home/austin01/vivado/rtl_kernel_wizard_0_ex/rtl_kernel_wizard_0_ex.ip_user_files/bd/MemoryInterfacesVIP/ip/MemoryInterfacesVIP_DDR_00_AXI_Engine_3/sim/MemoryInterfacesVIP_DDR_00_AXI_Engine_3.v:270]
WARNING: [VRFC 10-3091] actual bit length 2 differs from formal bit length 1 for port 'm_axi_AWLOCK' [/home/austin01/vivado/rtl_kernel_wizard_0_ex/rtl_kernel_wizard_0_ex.ip_user_files/bd/MemoryInterfacesVIP/ip/MemoryInterfacesVIP_DDR_00_AXI_Engine_4/sim/MemoryInterfacesVIP_DDR_00_AXI_Engine_4.v:248]
WARNING: [VRFC 10-3091] actual bit length 2 differs from formal bit length 1 for port 'm_axi_ARLOCK' [/home/austin01/vivado/rtl_kernel_wizard_0_ex/rtl_kernel_wizard_0_ex.ip_user_files/bd/MemoryInterfacesVIP/ip/MemoryInterfacesVIP_DDR_00_AXI_Engine_4/sim/MemoryInterfacesVIP_DDR_00_AXI_Engine_4.v:270]
WARNING: [VRFC 10-3091] actual bit length 2 differs from formal bit length 1 for port 'm_axi_AWLOCK' [/home/austin01/vivado/rtl_kernel_wizard_0_ex/rtl_kernel_wizard_0_ex.ip_user_files/bd/MemoryInterfacesVIP/ip/MemoryInterfacesVIP_DDR_00_AXI_Engine_5/sim/MemoryInterfacesVIP_DDR_00_AXI_Engine_5.v:248]
WARNING: [VRFC 10-3091] actual bit length 2 differs from formal bit length 1 for port 'm_axi_ARLOCK' [/home/austin01/vivado/rtl_kernel_wizard_0_ex/rtl_kernel_wizard_0_ex.ip_user_files/bd/MemoryInterfacesVIP/ip/MemoryInterfacesVIP_DDR_00_AXI_Engine_5/sim/MemoryInterfacesVIP_DDR_00_AXI_Engine_5.v:270]
WARNING: [VRFC 10-3091] actual bit length 2 differs from formal bit length 1 for port 'm_axi_AWLOCK' [/home/austin01/vivado/rtl_kernel_wizard_0_ex/rtl_kernel_wizard_0_ex.ip_user_files/bd/MemoryInterfacesVIP/ip/MemoryInterfacesVIP_DDR_00_AXI_Engine_6/sim/MemoryInterfacesVIP_DDR_00_AXI_Engine_6.v:248]
WARNING: [VRFC 10-3091] actual bit length 2 differs from formal bit length 1 for port 'm_axi_ARLOCK' [/home/austin01/vivado/rtl_kernel_wizard_0_ex/rtl_kernel_wizard_0_ex.ip_user_files/bd/MemoryInterfacesVIP/ip/MemoryInterfacesVIP_DDR_00_AXI_Engine_6/sim/MemoryInterfacesVIP_DDR_00_AXI_Engine_6.v:270]
WARNING: [VRFC 10-3091] actual bit length 2 differs from formal bit length 1 for port 'm_axi_AWLOCK' [/home/austin01/vivado/rtl_kernel_wizard_0_ex/rtl_kernel_wizard_0_ex.ip_user_files/bd/MemoryInterfacesVIP/ip/MemoryInterfacesVIP_DDR_00_AXI_Engine_7/sim/MemoryInterfacesVIP_DDR_00_AXI_Engine_7.v:248]
WARNING: [VRFC 10-3091] actual bit length 2 differs from formal bit length 1 for port 'm_axi_ARLOCK' [/home/austin01/vivado/rtl_kernel_wizard_0_ex/rtl_kernel_wizard_0_ex.ip_user_files/bd/MemoryInterfacesVIP/ip/MemoryInterfacesVIP_DDR_00_AXI_Engine_7/sim/MemoryInterfacesVIP_DDR_00_AXI_Engine_7.v:270]
WARNING: [VRFC 10-3091] actual bit length 2 differs from formal bit length 1 for port 'm_axi_AWLOCK' [/home/austin01/vivado/rtl_kernel_wizard_0_ex/rtl_kernel_wizard_0_ex.ip_user_files/bd/MemoryInterfacesVIP/ip/MemoryInterfacesVIP_DDR_00_AXI_Engine_8/sim/MemoryInterfacesVIP_DDR_00_AXI_Engine_8.v:248]
WARNING: [VRFC 10-3091] actual bit length 2 differs from formal bit length 1 for port 'm_axi_ARLOCK' [/home/austin01/vivado/rtl_kernel_wizard_0_ex/rtl_kernel_wizard_0_ex.ip_user_files/bd/MemoryInterfacesVIP/ip/MemoryInterfacesVIP_DDR_00_AXI_Engine_8/sim/MemoryInterfacesVIP_DDR_00_AXI_Engine_8.v:270]
WARNING: [VRFC 10-3091] actual bit length 2 differs from formal bit length 1 for port 'm_axi_AWLOCK' [/home/austin01/vivado/rtl_kernel_wizard_0_ex/rtl_kernel_wizard_0_ex.ip_user_files/bd/MemoryInterfacesVIP/ip/MemoryInterfacesVIP_DDR_00_AXI_Engine_9/sim/MemoryInterfacesVIP_DDR_00_AXI_Engine_9.v:248]
WARNING: [VRFC 10-3091] actual bit length 2 differs from formal bit length 1 for port 'm_axi_ARLOCK' [/home/austin01/vivado/rtl_kernel_wizard_0_ex/rtl_kernel_wizard_0_ex.ip_user_files/bd/MemoryInterfacesVIP/ip/MemoryInterfacesVIP_DDR_00_AXI_Engine_9/sim/MemoryInterfacesVIP_DDR_00_AXI_Engine_9.v:270]
WARNING: [VRFC 10-3091] actual bit length 2 differs from formal bit length 1 for port 'm_axi_AWLOCK' [/home/austin01/vivado/rtl_kernel_wizard_0_ex/rtl_kernel_wizard_0_ex.ip_user_files/bd/MemoryInterfacesVIP/ip/MemoryInterfacesVIP_DDR_00_AXI_Engine_10/sim/MemoryInterfacesVIP_DDR_00_AXI_Engine_10.v:248]
WARNING: [VRFC 10-3091] actual bit length 2 differs from formal bit length 1 for port 'm_axi_ARLOCK' [/home/austin01/vivado/rtl_kernel_wizard_0_ex/rtl_kernel_wizard_0_ex.ip_user_files/bd/MemoryInterfacesVIP/ip/MemoryInterfacesVIP_DDR_00_AXI_Engine_10/sim/MemoryInterfacesVIP_DDR_00_AXI_Engine_10.v:270]
WARNING: [VRFC 10-3091] actual bit length 2 differs from formal bit length 1 for port 'm_axi_AWLOCK' [/home/austin01/vivado/rtl_kernel_wizard_0_ex/rtl_kernel_wizard_0_ex.ip_user_files/bd/MemoryInterfacesVIP/ip/MemoryInterfacesVIP_DDR_00_AXI_Engine_11/sim/MemoryInterfacesVIP_DDR_00_AXI_Engine_11.v:248]
WARNING: [VRFC 10-3091] actual bit length 2 differs from formal bit length 1 for port 'm_axi_ARLOCK' [/home/austin01/vivado/rtl_kernel_wizard_0_ex/rtl_kernel_wizard_0_ex.ip_user_files/bd/MemoryInterfacesVIP/ip/MemoryInterfacesVIP_DDR_00_AXI_Engine_11/sim/MemoryInterfacesVIP_DDR_00_AXI_Engine_11.v:270]
WARNING: [VRFC 10-3091] actual bit length 2 differs from formal bit length 1 for port 'm_axi_AWLOCK' [/home/austin01/vivado/rtl_kernel_wizard_0_ex/rtl_kernel_wizard_0_ex.ip_user_files/bd/MemoryInterfacesVIP/ip/MemoryInterfacesVIP_DDR_00_AXI_Engine_12/sim/MemoryInterfacesVIP_DDR_00_AXI_Engine_12.v:248]
WARNING: [VRFC 10-3091] actual bit length 2 differs from formal bit length 1 for port 'm_axi_ARLOCK' [/home/austin01/vivado/rtl_kernel_wizard_0_ex/rtl_kernel_wizard_0_ex.ip_user_files/bd/MemoryInterfacesVIP/ip/MemoryInterfacesVIP_DDR_00_AXI_Engine_12/sim/MemoryInterfacesVIP_DDR_00_AXI_Engine_12.v:270]
WARNING: [VRFC 10-3091] actual bit length 2 differs from formal bit length 1 for port 'm_axi_AWLOCK' [/home/austin01/vivado/rtl_kernel_wizard_0_ex/rtl_kernel_wizard_0_ex.ip_user_files/bd/MemoryInterfacesVIP/ip/MemoryInterfacesVIP_DDR_00_AXI_Engine_13/sim/MemoryInterfacesVIP_DDR_00_AXI_Engine_13.v:248]
WARNING: [VRFC 10-3091] actual bit length 2 differs from formal bit length 1 for port 'm_axi_ARLOCK' [/home/austin01/vivado/rtl_kernel_wizard_0_ex/rtl_kernel_wizard_0_ex.ip_user_files/bd/MemoryInterfacesVIP/ip/MemoryInterfacesVIP_DDR_00_AXI_Engine_13/sim/MemoryInterfacesVIP_DDR_00_AXI_Engine_13.v:270]
WARNING: [VRFC 10-3091] actual bit length 2 differs from formal bit length 1 for port 'm_axi_AWLOCK' [/home/austin01/vivado/rtl_kernel_wizard_0_ex/rtl_kernel_wizard_0_ex.ip_user_files/bd/MemoryInterfacesVIP/ip/MemoryInterfacesVIP_DDR_00_AXI_Engine_14/sim/MemoryInterfacesVIP_DDR_00_AXI_Engine_14.v:248]
WARNING: [VRFC 10-3091] actual bit length 2 differs from formal bit length 1 for port 'm_axi_ARLOCK' [/home/austin01/vivado/rtl_kernel_wizard_0_ex/rtl_kernel_wizard_0_ex.ip_user_files/bd/MemoryInterfacesVIP/ip/MemoryInterfacesVIP_DDR_00_AXI_Engine_14/sim/MemoryInterfacesVIP_DDR_00_AXI_Engine_14.v:270]
WARNING: [VRFC 10-3091] actual bit length 2 differs from formal bit length 1 for port 'm_axi_AWLOCK' [/home/austin01/vivado/rtl_kernel_wizard_0_ex/rtl_kernel_wizard_0_ex.ip_user_files/bd/MemoryInterfacesVIP/ip/MemoryInterfacesVIP_DDR_00_AXI_Engine_15/sim/MemoryInterfacesVIP_DDR_00_AXI_Engine_15.v:248]
WARNING: [VRFC 10-3091] actual bit length 2 differs from formal bit length 1 for port 'm_axi_ARLOCK' [/home/austin01/vivado/rtl_kernel_wizard_0_ex/rtl_kernel_wizard_0_ex.ip_user_files/bd/MemoryInterfacesVIP/ip/MemoryInterfacesVIP_DDR_00_AXI_Engine_15/sim/MemoryInterfacesVIP_DDR_00_AXI_Engine_15.v:270]
WARNING: [VRFC 10-3091] actual bit length 2 differs from formal bit length 1 for port 'm_axi_AWLOCK' [/home/austin01/vivado/rtl_kernel_wizard_0_ex/rtl_kernel_wizard_0_ex.ip_user_files/bd/MemoryInterfacesVIP/ip/MemoryInterfacesVIP_HBM_00_AXI_Engine_0/sim/MemoryInterfacesVIP_HBM_00_AXI_Engine_0.v:248]
WARNING: [VRFC 10-3091] actual bit length 2 differs from formal bit length 1 for port 'm_axi_ARLOCK' [/home/austin01/vivado/rtl_kernel_wizard_0_ex/rtl_kernel_wizard_0_ex.ip_user_files/bd/MemoryInterfacesVIP/ip/MemoryInterfacesVIP_HBM_00_AXI_Engine_0/sim/MemoryInterfacesVIP_HBM_00_AXI_Engine_0.v:270]
WARNING: [VRFC 10-3091] actual bit length 2 differs from formal bit length 1 for port 'm_axi_AWLOCK' [/home/austin01/vivado/rtl_kernel_wizard_0_ex/rtl_kernel_wizard_0_ex.ip_user_files/bd/MemoryInterfacesVIP/ip/MemoryInterfacesVIP_HBM_00_AXI_Engine_2/sim/MemoryInterfacesVIP_HBM_00_AXI_Engine_2.v:248]
WARNING: [VRFC 10-3091] actual bit length 2 differs from formal bit length 1 for port 'm_axi_ARLOCK' [/home/austin01/vivado/rtl_kernel_wizard_0_ex/rtl_kernel_wizard_0_ex.ip_user_files/bd/MemoryInterfacesVIP/ip/MemoryInterfacesVIP_HBM_00_AXI_Engine_2/sim/MemoryInterfacesVIP_HBM_00_AXI_Engine_2.v:270]
WARNING: [VRFC 10-3091] actual bit length 2 differs from formal bit length 1 for port 'm_axi_AWLOCK' [/home/austin01/vivado/rtl_kernel_wizard_0_ex/rtl_kernel_wizard_0_ex.ip_user_files/bd/MemoryInterfacesVIP/ip/MemoryInterfacesVIP_HBM_00_AXI_Engine_3/sim/MemoryInterfacesVIP_HBM_00_AXI_Engine_3.v:248]
WARNING: [VRFC 10-3091] actual bit length 2 differs from formal bit length 1 for port 'm_axi_ARLOCK' [/home/austin01/vivado/rtl_kernel_wizard_0_ex/rtl_kernel_wizard_0_ex.ip_user_files/bd/MemoryInterfacesVIP/ip/MemoryInterfacesVIP_HBM_00_AXI_Engine_3/sim/MemoryInterfacesVIP_HBM_00_AXI_Engine_3.v:270]
WARNING: [VRFC 10-3091] actual bit length 2 differs from formal bit length 1 for port 'm_axi_AWLOCK' [/home/austin01/vivado/rtl_kernel_wizard_0_ex/rtl_kernel_wizard_0_ex.ip_user_files/bd/MemoryInterfacesVIP/ip/MemoryInterfacesVIP_HBM_00_AXI_Engine_4/sim/MemoryInterfacesVIP_HBM_00_AXI_Engine_4.v:248]
WARNING: [VRFC 10-3091] actual bit length 2 differs from formal bit length 1 for port 'm_axi_ARLOCK' [/home/austin01/vivado/rtl_kernel_wizard_0_ex/rtl_kernel_wizard_0_ex.ip_user_files/bd/MemoryInterfacesVIP/ip/MemoryInterfacesVIP_HBM_00_AXI_Engine_4/sim/MemoryInterfacesVIP_HBM_00_AXI_Engine_4.v:270]
WARNING: [VRFC 10-3091] actual bit length 2 differs from formal bit length 1 for port 'm_axi_AWLOCK' [/home/austin01/vivado/rtl_kernel_wizard_0_ex/rtl_kernel_wizard_0_ex.ip_user_files/bd/MemoryInterfacesVIP/ip/MemoryInterfacesVIP_HBM_00_AXI_Engine_5/sim/MemoryInterfacesVIP_HBM_00_AXI_Engine_5.v:248]
WARNING: [VRFC 10-3091] actual bit length 2 differs from formal bit length 1 for port 'm_axi_ARLOCK' [/home/austin01/vivado/rtl_kernel_wizard_0_ex/rtl_kernel_wizard_0_ex.ip_user_files/bd/MemoryInterfacesVIP/ip/MemoryInterfacesVIP_HBM_00_AXI_Engine_5/sim/MemoryInterfacesVIP_HBM_00_AXI_Engine_5.v:270]
WARNING: [VRFC 10-3091] actual bit length 2 differs from formal bit length 1 for port 'm_axi_AWLOCK' [/home/austin01/vivado/rtl_kernel_wizard_0_ex/rtl_kernel_wizard_0_ex.ip_user_files/bd/MemoryInterfacesVIP/ip/MemoryInterfacesVIP_HBM_00_AXI_Engine_6/sim/MemoryInterfacesVIP_HBM_00_AXI_Engine_6.v:248]
WARNING: [VRFC 10-3091] actual bit length 2 differs from formal bit length 1 for port 'm_axi_ARLOCK' [/home/austin01/vivado/rtl_kernel_wizard_0_ex/rtl_kernel_wizard_0_ex.ip_user_files/bd/MemoryInterfacesVIP/ip/MemoryInterfacesVIP_HBM_00_AXI_Engine_6/sim/MemoryInterfacesVIP_HBM_00_AXI_Engine_6.v:270]
WARNING: [VRFC 10-3091] actual bit length 2 differs from formal bit length 1 for port 'm_axi_AWLOCK' [/home/austin01/vivado/rtl_kernel_wizard_0_ex/rtl_kernel_wizard_0_ex.ip_user_files/bd/MemoryInterfacesVIP/ip/MemoryInterfacesVIP_HBM_00_AXI_Engine_7/sim/MemoryInterfacesVIP_HBM_00_AXI_Engine_7.v:248]
WARNING: [VRFC 10-3091] actual bit length 2 differs from formal bit length 1 for port 'm_axi_ARLOCK' [/home/austin01/vivado/rtl_kernel_wizard_0_ex/rtl_kernel_wizard_0_ex.ip_user_files/bd/MemoryInterfacesVIP/ip/MemoryInterfacesVIP_HBM_00_AXI_Engine_7/sim/MemoryInterfacesVIP_HBM_00_AXI_Engine_7.v:270]
WARNING: [VRFC 10-3091] actual bit length 2 differs from formal bit length 1 for port 'm_axi_AWLOCK' [/home/austin01/vivado/rtl_kernel_wizard_0_ex/rtl_kernel_wizard_0_ex.ip_user_files/bd/MemoryInterfacesVIP/ip/MemoryInterfacesVIP_HBM_00_AXI_Engine_8/sim/MemoryInterfacesVIP_HBM_00_AXI_Engine_8.v:248]
WARNING: [VRFC 10-3091] actual bit length 2 differs from formal bit length 1 for port 'm_axi_ARLOCK' [/home/austin01/vivado/rtl_kernel_wizard_0_ex/rtl_kernel_wizard_0_ex.ip_user_files/bd/MemoryInterfacesVIP/ip/MemoryInterfacesVIP_HBM_00_AXI_Engine_8/sim/MemoryInterfacesVIP_HBM_00_AXI_Engine_8.v:270]
WARNING: [VRFC 10-3091] actual bit length 2 differs from formal bit length 1 for port 'm_axi_AWLOCK' [/home/austin01/vivado/rtl_kernel_wizard_0_ex/rtl_kernel_wizard_0_ex.ip_user_files/bd/MemoryInterfacesVIP/ip/MemoryInterfacesVIP_HBM_00_AXI_Engine_9/sim/MemoryInterfacesVIP_HBM_00_AXI_Engine_9.v:248]
WARNING: [VRFC 10-3091] actual bit length 2 differs from formal bit length 1 for port 'm_axi_ARLOCK' [/home/austin01/vivado/rtl_kernel_wizard_0_ex/rtl_kernel_wizard_0_ex.ip_user_files/bd/MemoryInterfacesVIP/ip/MemoryInterfacesVIP_HBM_00_AXI_Engine_9/sim/MemoryInterfacesVIP_HBM_00_AXI_Engine_9.v:270]
WARNING: [VRFC 10-3091] actual bit length 2 differs from formal bit length 1 for port 'm_axi_AWLOCK' [/home/austin01/vivado/rtl_kernel_wizard_0_ex/rtl_kernel_wizard_0_ex.ip_user_files/bd/MemoryInterfacesVIP/ip/MemoryInterfacesVIP_HBM_00_AXI_Engine_10/sim/MemoryInterfacesVIP_HBM_00_AXI_Engine_10.v:248]
WARNING: [VRFC 10-3091] actual bit length 2 differs from formal bit length 1 for port 'm_axi_ARLOCK' [/home/austin01/vivado/rtl_kernel_wizard_0_ex/rtl_kernel_wizard_0_ex.ip_user_files/bd/MemoryInterfacesVIP/ip/MemoryInterfacesVIP_HBM_00_AXI_Engine_10/sim/MemoryInterfacesVIP_HBM_00_AXI_Engine_10.v:270]
WARNING: [VRFC 10-3091] actual bit length 2 differs from formal bit length 1 for port 'm_axi_AWLOCK' [/home/austin01/vivado/rtl_kernel_wizard_0_ex/rtl_kernel_wizard_0_ex.ip_user_files/bd/MemoryInterfacesVIP/ip/MemoryInterfacesVIP_HBM_00_AXI_Engine_11/sim/MemoryInterfacesVIP_HBM_00_AXI_Engine_11.v:248]
WARNING: [VRFC 10-3091] actual bit length 2 differs from formal bit length 1 for port 'm_axi_ARLOCK' [/home/austin01/vivado/rtl_kernel_wizard_0_ex/rtl_kernel_wizard_0_ex.ip_user_files/bd/MemoryInterfacesVIP/ip/MemoryInterfacesVIP_HBM_00_AXI_Engine_11/sim/MemoryInterfacesVIP_HBM_00_AXI_Engine_11.v:270]
WARNING: [VRFC 10-3091] actual bit length 2 differs from formal bit length 1 for port 'm_axi_AWLOCK' [/home/austin01/vivado/rtl_kernel_wizard_0_ex/rtl_kernel_wizard_0_ex.ip_user_files/bd/MemoryInterfacesVIP/ip/MemoryInterfacesVIP_HBM_00_AXI_Engine_12/sim/MemoryInterfacesVIP_HBM_00_AXI_Engine_12.v:248]
WARNING: [VRFC 10-3091] actual bit length 2 differs from formal bit length 1 for port 'm_axi_ARLOCK' [/home/austin01/vivado/rtl_kernel_wizard_0_ex/rtl_kernel_wizard_0_ex.ip_user_files/bd/MemoryInterfacesVIP/ip/MemoryInterfacesVIP_HBM_00_AXI_Engine_12/sim/MemoryInterfacesVIP_HBM_00_AXI_Engine_12.v:270]
WARNING: [VRFC 10-3091] actual bit length 2 differs from formal bit length 1 for port 'm_axi_AWLOCK' [/home/austin01/vivado/rtl_kernel_wizard_0_ex/rtl_kernel_wizard_0_ex.ip_user_files/bd/MemoryInterfacesVIP/ip/MemoryInterfacesVIP_HBM_00_AXI_Engine_13/sim/MemoryInterfacesVIP_HBM_00_AXI_Engine_13.v:248]
WARNING: [VRFC 10-3091] actual bit length 2 differs from formal bit length 1 for port 'm_axi_ARLOCK' [/home/austin01/vivado/rtl_kernel_wizard_0_ex/rtl_kernel_wizard_0_ex.ip_user_files/bd/MemoryInterfacesVIP/ip/MemoryInterfacesVIP_HBM_00_AXI_Engine_13/sim/MemoryInterfacesVIP_HBM_00_AXI_Engine_13.v:270]
WARNING: [VRFC 10-3091] actual bit length 2 differs from formal bit length 1 for port 'm_axi_AWLOCK' [/home/austin01/vivado/rtl_kernel_wizard_0_ex/rtl_kernel_wizard_0_ex.ip_user_files/bd/MemoryInterfacesVIP/ip/MemoryInterfacesVIP_HBM_00_AXI_Engine_14/sim/MemoryInterfacesVIP_HBM_00_AXI_Engine_14.v:248]
WARNING: [VRFC 10-3091] actual bit length 2 differs from formal bit length 1 for port 'm_axi_ARLOCK' [/home/austin01/vivado/rtl_kernel_wizard_0_ex/rtl_kernel_wizard_0_ex.ip_user_files/bd/MemoryInterfacesVIP/ip/MemoryInterfacesVIP_HBM_00_AXI_Engine_14/sim/MemoryInterfacesVIP_HBM_00_AXI_Engine_14.v:270]
WARNING: [VRFC 10-3091] actual bit length 2 differs from formal bit length 1 for port 'm_axi_AWLOCK' [/home/austin01/vivado/rtl_kernel_wizard_0_ex/rtl_kernel_wizard_0_ex.ip_user_files/bd/MemoryInterfacesVIP/ip/MemoryInterfacesVIP_HBM_00_AXI_Engine_15/sim/MemoryInterfacesVIP_HBM_00_AXI_Engine_15.v:248]
WARNING: [VRFC 10-3091] actual bit length 2 differs from formal bit length 1 for port 'm_axi_ARLOCK' [/home/austin01/vivado/rtl_kernel_wizard_0_ex/rtl_kernel_wizard_0_ex.ip_user_files/bd/MemoryInterfacesVIP/ip/MemoryInterfacesVIP_HBM_00_AXI_Engine_15/sim/MemoryInterfacesVIP_HBM_00_AXI_Engine_15.v:270]
WARNING: [VRFC 10-3091] actual bit length 2 differs from formal bit length 1 for port 'm_axi_AWLOCK' [/home/austin01/vivado/rtl_kernel_wizard_0_ex/rtl_kernel_wizard_0_ex.ip_user_files/bd/MemoryInterfacesVIP/ip/MemoryInterfacesVIP_HBM_00_AXI_Engine_16/sim/MemoryInterfacesVIP_HBM_00_AXI_Engine_16.v:248]
WARNING: [VRFC 10-3091] actual bit length 2 differs from formal bit length 1 for port 'm_axi_ARLOCK' [/home/austin01/vivado/rtl_kernel_wizard_0_ex/rtl_kernel_wizard_0_ex.ip_user_files/bd/MemoryInterfacesVIP/ip/MemoryInterfacesVIP_HBM_00_AXI_Engine_16/sim/MemoryInterfacesVIP_HBM_00_AXI_Engine_16.v:270]
WARNING: [VRFC 10-5021] port 'mb_reset' is not connected on this instance [/home/austin01/vivado/rtl_kernel_wizard_0_ex/rtl_kernel_wizard_0_ex.ip_user_files/bd/MemoryInterfacesVIP/ip/MemoryInterfacesVIP_smartconnect_0_0/bd_0/sim/bd_d1ca.v:8011]
Completed static elaboration
Starting simulation data flow analysis
Completed simulation data flow analysis
Time Resolution for simulation is 1ps
Compiling package std.standard
Compiling package std.textio
Compiling package ieee.std_logic_1164
Compiling package ieee.numeric_std
Compiling package unisim.vcomponents
Compiling package ieee.vital_timing
Compiling package ieee.vital_primitives
Compiling package unisim.vpkg
Compiling package ieee.std_logic_arith
Compiling package synopsys.attributes
Compiling package ieee.std_logic_misc
Compiling package xilinx_vip.axi_vip_pkg
Compiling package xilinx_vip.xil_common_vip_pkg
Compiling package std.std
Compiling package xil_defaultlib.MemoryInterfacesVIP_HBMVIP_0_pkg
Compiling package xil_defaultlib.MemoryInterfacesVIP_axi_vip_0_0_...
Compiling package xil_defaultlib.MemoryInterfacesVIP_HBMVIP0_0_pk...
Compiling package xil_defaultlib.MemoryInterfacesVIP_HBMVIP0_1_pk...
Compiling package xil_defaultlib.MemoryInterfacesVIP_HBMVIP0_2_pk...
Compiling package xil_defaultlib.MemoryInterfacesVIP_HBMVIP0_3_pk...
Compiling package xil_defaultlib.MemoryInterfacesVIP_HBMVIP_2_pkg
Compiling package xil_defaultlib.MemoryInterfacesVIP_HBMVIP_3_pkg
Compiling package xil_defaultlib.MemoryInterfacesVIP_HBMVIP_4_pkg
Compiling package xil_defaultlib.MemoryInterfacesVIP_HBMVIP_5_pkg
Compiling package xil_defaultlib.MemoryInterfacesVIP_HBMVIP_6_pkg
Compiling package xil_defaultlib.MemoryInterfacesVIP_HBMVIP_7_pkg
Compiling package xil_defaultlib.MemoryInterfacesVIP_HBMVIP_8_pkg
Compiling package xil_defaultlib.MemoryInterfacesVIP_HBMVIP_9_pkg
Compiling package xil_defaultlib.MemoryInterfacesVIP_HBMVIP_10_pk...
Compiling package xil_defaultlib.MemoryInterfacesVIP_HBMVIP_11_pk...
Compiling package xil_defaultlib.MemoryInterfacesVIP_HBMVIP_12_pk...
Compiling package smartconnect_v1_0.sc_util_v1_0_4_pkg
Compiling module xil_defaultlib.data_results_kernel(num_vertices...
Compiling module unisims_ver.IBUFDS
Compiling module unisims_ver.BUFG
Compiling module unisims_ver.IBUF
Compiling module unisims_ver.BUFGCE(CE_TYPE="ASYNC",SIM_DEVIC...
Compiling module unisims_ver.MMCME4_ADV(CLKFBOUT_MULT_F=12.0,...
Compiling module xil_defaultlib.clk_wiz_0_clk_wiz
Compiling module xil_defaultlib.clk_wiz_0
Compiling module xil_defaultlib.rtl_kernel_wizard_0_control_s_ax...
Compiling module unisims_ver.GND
Compiling module unisims_ver.x_lut1_mux2
Compiling module unisims_ver.LUT1
Compiling module unisims_ver.LUT4
Compiling module unisims_ver.FIFO36E2(FIRST_WORD_FALL_THROUGH...
Compiling module unisims_ver.LUT5
Compiling module xil_defaultlib.LoadVerticesFIFO
Compiling module unisims_ver.LUT6
Compiling module xil_defaultlib.LoadEdgesFIFO
Compiling module unisims_ver.FIFO36E2(FIRST_WORD_FALL_THROUGH...
Compiling module xil_defaultlib.ResultsFIFO
Compiling module xilinx_vip.axi_vip_axi4pc(WADDR_WIDTH=34,RA...
Compiling module xilinx_vip.cb
Compiling module xilinx_vip.axi_vip_if(C_AXI_ADDR_WIDTH=34,C...
Compiling module axi_vip_v1_1_12.axi_vip_v1_1_12_top(C_AXI_INTERF...
Compiling module xil_defaultlib.MemoryInterfacesVIP_HBMVIP_0
Compiling module xil_defaultlib.wr_engine(ADDR_WIDTH=34,DATA_WID...
Compiling module xil_defaultlib.rd_engine(ADDR_WIDTH=34,DATA_WID...
Compiling module xil_defaultlib.axi_engine(ADDR_WIDTH=34,DATA_WI...
Compiling module xil_defaultlib.MemoryInterfacesVIP_DDR_00_AXI_E...
Compiling module xil_defaultlib.MemoryInterfacesVIP_DDR_00_AXI_E...
Compiling module xil_defaultlib.MemoryInterfacesVIP_DDR_00_AXI_E...
Compiling module xil_defaultlib.MemoryInterfacesVIP_DDR_00_AXI_E...
Compiling module xil_defaultlib.MemoryInterfacesVIP_DDR_00_AXI_E...
Compiling module xil_defaultlib.MemoryInterfacesVIP_DDR_00_AXI_E...
Compiling module xil_defaultlib.MemoryInterfacesVIP_DDR_00_AXI_E...
Compiling module xil_defaultlib.MemoryInterfacesVIP_DDR_00_AXI_E...
Compiling module xil_defaultlib.MemoryInterfacesVIP_DDR_00_AXI_E...
Compiling module xil_defaultlib.MemoryInterfacesVIP_DDR_00_AXI_E...
Compiling module xil_defaultlib.MemoryInterfacesVIP_DDR_00_AXI_E...
Compiling module xil_defaultlib.MemoryInterfacesVIP_DDR_00_AXI_E...
Compiling module xil_defaultlib.MemoryInterfacesVIP_DDR_00_AXI_E...
Compiling module xil_defaultlib.MemoryInterfacesVIP_DDR_00_AXI_E...
Compiling module xil_defaultlib.MemoryInterfacesVIP_DDR_00_AXI_E...
Compiling module xil_defaultlib.MemoryInterfacesVIP_DDR_00_AXI_E...
Compiling module xilinx_vip.axi_vip_axi4pc(WADDR_WIDTH=33,RA...
Compiling module xilinx_vip.cb
Compiling module xilinx_vip.axi_vip_if(C_AXI_ADDR_WIDTH=33,C...
Compiling module axi_vip_v1_1_12.axi_vip_v1_1_12_top(C_AXI_INTERF...
Compiling module xil_defaultlib.MemoryInterfacesVIP_axi_vip_0_0
Compiling module xil_defaultlib.MemoryInterfacesVIP_HBMVIP_2
Compiling module xil_defaultlib.MemoryInterfacesVIP_HBMVIP_11
Compiling module xil_defaultlib.MemoryInterfacesVIP_HBMVIP_12
Compiling module xil_defaultlib.MemoryInterfacesVIP_HBMVIP0_0
Compiling module xil_defaultlib.MemoryInterfacesVIP_HBMVIP0_1
Compiling module xil_defaultlib.MemoryInterfacesVIP_HBMVIP0_2
Compiling module xil_defaultlib.MemoryInterfacesVIP_HBMVIP0_3
Compiling module xil_defaultlib.MemoryInterfacesVIP_HBMVIP_3
Compiling module xil_defaultlib.MemoryInterfacesVIP_HBMVIP_4
Compiling module xil_defaultlib.MemoryInterfacesVIP_HBMVIP_5
Compiling module xil_defaultlib.MemoryInterfacesVIP_HBMVIP_6
Compiling module xil_defaultlib.MemoryInterfacesVIP_HBMVIP_7
Compiling module xil_defaultlib.MemoryInterfacesVIP_HBMVIP_8
Compiling module xil_defaultlib.MemoryInterfacesVIP_HBMVIP_9
Compiling module xil_defaultlib.MemoryInterfacesVIP_HBMVIP_10
Compiling module xil_defaultlib.wr_engine
Compiling module xil_defaultlib.rd_engine
Compiling module xil_defaultlib.axi_engine
Compiling module xil_defaultlib.MemoryInterfacesVIP_HBM_00_AXI_E...
Compiling module xil_defaultlib.MemoryInterfacesVIP_HBM_00_AXI_E...
Compiling module xil_defaultlib.MemoryInterfacesVIP_HBM_00_AXI_E...
Compiling module xil_defaultlib.MemoryInterfacesVIP_HBM_00_AXI_E...
Compiling module xil_defaultlib.MemoryInterfacesVIP_HBM_00_AXI_E...
Compiling module xil_defaultlib.MemoryInterfacesVIP_HBM_00_AXI_E...
Compiling module xil_defaultlib.MemoryInterfacesVIP_HBM_00_AXI_E...
Compiling module xil_defaultlib.MemoryInterfacesVIP_HBM_00_AXI_E...
Compiling module xil_defaultlib.MemoryInterfacesVIP_HBM_00_AXI_E...
Compiling module xil_defaultlib.MemoryInterfacesVIP_HBM_00_AXI_E...
Compiling module xil_defaultlib.MemoryInterfacesVIP_HBM_00_AXI_E...
Compiling module xil_defaultlib.MemoryInterfacesVIP_HBM_00_AXI_E...
Compiling module xil_defaultlib.MemoryInterfacesVIP_HBM_00_AXI_E...
Compiling module xil_defaultlib.MemoryInterfacesVIP_HBM_00_AXI_E...
Compiling module xil_defaultlib.MemoryInterfacesVIP_HBM_00_AXI_E...
Compiling module xil_defaultlib.MemoryInterfacesVIP_HBM_00_AXI_E...
Compiling module xlconstant_v1_1_7.xlconstant_v1_1_7_xlconstant(CON...
Compiling module xil_defaultlib.bd_d1ca_one_0
Compiling architecture fdre_v of entity unisim.FDRE [fdre_default]
Compiling architecture fdre_v of entity unisim.FDRE [\FDRE(init='1')\]
Compiling architecture fdr_v of entity unisim.FDR [fdr_default]
Compiling architecture implementation of entity lib_cdc_v1_0_2.cdc_sync [\cdc_sync(c_vector_width=2,c_mtb...]
Compiling architecture srl16e_v of entity unisim.SRL16E [\SRL16E(init="1111111111111111")...]
Compiling architecture srl16_v of entity unisim.SRL16 [\SRL16(init="1111111111111111")(...]
Compiling architecture imp of entity proc_sys_reset_v5_0_13.lpf [\lpf(c_ext_rst_width=4,c_aux_rst...]
Compiling architecture imp of entity proc_sys_reset_v5_0_13.upcnt_n [\upcnt_n(c_size=6)\]
Compiling architecture imp of entity proc_sys_reset_v5_0_13.sequence_psr [sequence_psr_default]
Compiling architecture imp of entity proc_sys_reset_v5_0_13.proc_sys_reset [\proc_sys_reset(c_family="virtex...]
Compiling architecture bd_d1ca_psr_aclk_0_arch of entity xil_defaultlib.bd_d1ca_psr_aclk_0 [bd_d1ca_psr_aclk_0_default]
Compiling module xil_defaultlib.clk_map_imp_1L801ER
Compiling module xpm.xpm_cdc_async_rst(DEST_SYNC_FF=3...
Compiling module xil_defaultlib.bd_d1ca_m00e_0
Compiling module xil_defaultlib.m00_exit_pipeline_imp_F56Z94
Compiling module xpm.xpm_memory_base(MEMORY_TYPE=1,ME...
Compiling module xpm.xpm_memory_sdpram(MEMORY_SIZE=32...
Compiling module xpm.xpm_memory_base(MEMORY_TYPE=1,ME...
Compiling module xpm.xpm_memory_sdpram(MEMORY_SIZE=54...
Compiling module xil_defaultlib.bd_d1ca_m00arn_0
Compiling module xil_defaultlib.bd_d1ca_m00awn_0
Compiling module xpm.xpm_memory_base(MEMORY_TYPE=1,ME...
Compiling module xpm.xpm_memory_sdpram(MEMORY_SIZE=10...
Compiling module xpm.xpm_memory_base(MEMORY_TYPE=1,ME...
Compiling module xpm.xpm_memory_sdpram(MEMORY_SIZE=76...
Compiling module xil_defaultlib.bd_d1ca_m00bn_0
Compiling module xpm.xpm_memory_base(MEMORY_TYPE=1,ME...
Compiling module xpm.xpm_memory_sdpram(MEMORY_SIZE=58...
Compiling module xpm.xpm_memory_base(MEMORY_TYPE=1,ME...
Compiling module xpm.xpm_memory_sdpram(MEMORY_SIZE=58...
Compiling module xil_defaultlib.bd_d1ca_m00rn_0
Compiling module xpm.xpm_memory_base(MEMORY_TYPE=1,ME...
Compiling module xpm.xpm_memory_sdpram(MEMORY_SIZE=4,...
Compiling module xpm.xpm_memory_base(MEMORY_TYPE=1,ME...
Compiling module xpm.xpm_memory_sdpram(MEMORY_SIZE=49...
Compiling module xpm.xpm_memory_base(MEMORY_TYPE=1,ME...
Compiling module xpm.xpm_memory_sdpram(MEMORY_SIZE=48...
Compiling module xil_defaultlib.bd_d1ca_m00wn_0
Compiling module xil_defaultlib.m00_nodes_imp_SH5YAC
Compiling module xil_defaultlib.bd_d1ca_m00s2a_0
Compiling module xil_defaultlib.bd_d1ca_s00a2s_0
Compiling module xil_defaultlib.bd_d1ca_s00mmu_0
Compiling module xil_defaultlib.bd_d1ca_s00sic_0
Compiling module xil_defaultlib.bd_d1ca_s00tr_0
Compiling module xil_defaultlib.s00_entry_pipeline_imp_1EFCH6J
Compiling module xpm.xpm_memory_base(MEMORY_TYPE=1,ME...
Compiling module xpm.xpm_memory_sdpram(MEMORY_SIZE=57...
Compiling module xpm.xpm_memory_base(MEMORY_TYPE=1,ME...
Compiling module xpm.xpm_memory_sdpram(MEMORY_SIZE=47...
Compiling module xil_defaultlib.bd_d1ca_sarn_0
Compiling module xil_defaultlib.bd_d1ca_sawn_0
Compiling module xpm.xpm_memory_base(MEMORY_TYPE=1,ME...
Compiling module xpm.xpm_memory_sdpram(MEMORY_SIZE=13...
Compiling module xil_defaultlib.bd_d1ca_sbn_0
Compiling module xpm.xpm_memory_base(MEMORY_TYPE=1,ME...
Compiling module xpm.xpm_memory_sdpram(MEMORY_SIZE=60...
Compiling module xpm.xpm_memory_base(MEMORY_TYPE=1,ME...
Compiling module xpm.xpm_memory_sdpram(MEMORY_SIZE=60...
Compiling module xil_defaultlib.bd_d1ca_srn_0
Compiling module xpm.xpm_memory_base(MEMORY_TYPE=1,ME...
Compiling module xpm.xpm_memory_sdpram(MEMORY_SIZE=63...
Compiling module xpm.xpm_memory_base(MEMORY_TYPE=1,ME...
Compiling module xpm.xpm_memory_sdpram(MEMORY_SIZE=62...
Compiling module xil_defaultlib.bd_d1ca_swn_0
Compiling module xil_defaultlib.s00_nodes_imp_18ECRTT
Compiling module xil_defaultlib.bd_d1ca_s01a2s_0
Compiling module xil_defaultlib.bd_d1ca_s01mmu_0
Compiling module xil_defaultlib.bd_d1ca_s01sic_0
Compiling module xil_defaultlib.bd_d1ca_s01tr_0
Compiling module xil_defaultlib.s01_entry_pipeline_imp_CZJNSF
Compiling module xil_defaultlib.bd_d1ca_sarn_1
Compiling module xil_defaultlib.bd_d1ca_sawn_1
Compiling module xil_defaultlib.bd_d1ca_sbn_1
Compiling module xil_defaultlib.bd_d1ca_srn_1
Compiling module xil_defaultlib.bd_d1ca_swn_1
Compiling module xil_defaultlib.s01_nodes_imp_GXS0WN
Compiling module xil_defaultlib.bd_d1ca_s02a2s_0
Compiling module xil_defaultlib.bd_d1ca_s02mmu_0
Compiling module xil_defaultlib.bd_d1ca_s02sic_0
Compiling module xil_defaultlib.bd_d1ca_s02tr_0
Compiling module xil_defaultlib.s02_entry_pipeline_imp_OGPFKI
Compiling module xil_defaultlib.bd_d1ca_sarn_2
Compiling module xil_defaultlib.bd_d1ca_sawn_2
Compiling module xil_defaultlib.bd_d1ca_sbn_2
Compiling module xil_defaultlib.bd_d1ca_srn_2
Compiling module xil_defaultlib.bd_d1ca_swn_2
Compiling module xil_defaultlib.s02_nodes_imp_I5FNF0
Compiling module xil_defaultlib.bd_d1ca_s03a2s_0
Compiling module xil_defaultlib.bd_d1ca_s03mmu_0
Compiling module xil_defaultlib.bd_d1ca_s03sic_0
Compiling module xil_defaultlib.bd_d1ca_s03tr_0
Compiling module xil_defaultlib.s03_entry_pipeline_imp_1I78YX2
Compiling module xil_defaultlib.bd_d1ca_sarn_3
Compiling module xil_defaultlib.bd_d1ca_sawn_3
Compiling module xil_defaultlib.bd_d1ca_sbn_3
Compiling module xil_defaultlib.bd_d1ca_srn_3
Compiling module xil_defaultlib.bd_d1ca_swn_3
Compiling module xil_defaultlib.s03_nodes_imp_1P5GT2Y
Compiling module xil_defaultlib.bd_d1ca_s04a2s_0
Compiling module xil_defaultlib.bd_d1ca_s04mmu_0
Compiling module xil_defaultlib.bd_d1ca_s04sic_0
Compiling module xil_defaultlib.bd_d1ca_s04tr_0
Compiling module xil_defaultlib.s04_entry_pipeline_imp_1EGRXBC
Compiling module xil_defaultlib.bd_d1ca_sarn_4
Compiling module xil_defaultlib.bd_d1ca_sawn_4
Compiling module xil_defaultlib.bd_d1ca_sbn_4
Compiling module xil_defaultlib.bd_d1ca_srn_4
Compiling module xil_defaultlib.bd_d1ca_swn_4
Compiling module xil_defaultlib.s04_nodes_imp_1FIHPTM
Compiling module xil_defaultlib.bd_d1ca_s05a2s_0
Compiling module xil_defaultlib.bd_d1ca_s05mmu_0
Compiling module xil_defaultlib.bd_d1ca_s05sic_0
Compiling module xil_defaultlib.bd_d1ca_s05tr_0
Compiling module xil_defaultlib.s05_entry_pipeline_imp_CX6IF0
Compiling module xil_defaultlib.bd_d1ca_sarn_5
Compiling module xil_defaultlib.bd_d1ca_sawn_5
Compiling module xil_defaultlib.bd_d1ca_sbn_5
Compiling module xil_defaultlib.bd_d1ca_srn_5
Compiling module xil_defaultlib.bd_d1ca_swn_5
Compiling module xil_defaultlib.s05_nodes_imp_A64N0S
Compiling module xil_defaultlib.bd_d1ca_s06a2s_0
Compiling module xil_defaultlib.bd_d1ca_s06mmu_0
Compiling module xil_defaultlib.bd_d1ca_s06sic_0
Compiling module xil_defaultlib.bd_d1ca_s06tr_0
Compiling module xil_defaultlib.s06_entry_pipeline_imp_OJNNNL
Compiling module xil_defaultlib.bd_d1ca_sarn_6
Compiling module xil_defaultlib.bd_d1ca_sawn_6
Compiling module xil_defaultlib.bd_d1ca_sbn_6
Compiling module xil_defaultlib.bd_d1ca_srn_6
Compiling module xil_defaultlib.bd_d1ca_swn_6
Compiling module xil_defaultlib.s06_nodes_imp_OMQWRB
Compiling module xil_defaultlib.bd_d1ca_s07a2s_0
Compiling module xil_defaultlib.bd_d1ca_s07mmu_0
Compiling module xil_defaultlib.bd_d1ca_s07sic_0
Compiling module xil_defaultlib.bd_d1ca_s07tr_0
Compiling module xil_defaultlib.s07_entry_pipeline_imp_1I3ZHW5
Compiling module xil_defaultlib.bd_d1ca_sarn_7
Compiling module xil_defaultlib.bd_d1ca_sawn_7
Compiling module xil_defaultlib.bd_d1ca_sbn_7
Compiling module xil_defaultlib.bd_d1ca_srn_7
Compiling module xil_defaultlib.bd_d1ca_swn_7
Compiling module xil_defaultlib.s07_nodes_imp_1IVNEAP
Compiling module xil_defaultlib.bd_d1ca_s08a2s_0
Compiling module xil_defaultlib.bd_d1ca_s08mmu_0
Compiling module xil_defaultlib.bd_d1ca_s08sic_0
Compiling module xil_defaultlib.bd_d1ca_s08tr_0
Compiling module xil_defaultlib.s08_entry_pipeline_imp_1E84A1P
Compiling module xil_defaultlib.bd_d1ca_sarn_8
Compiling module xil_defaultlib.bd_d1ca_sawn_8
Compiling module xil_defaultlib.bd_d1ca_sbn_8
Compiling module xil_defaultlib.bd_d1ca_srn_8
Compiling module xil_defaultlib.bd_d1ca_swn_8
Compiling module xil_defaultlib.s08_nodes_imp_14VZ0EV
Compiling module xil_defaultlib.bd_d1ca_s09a2s_0
Compiling module xil_defaultlib.bd_d1ca_s09mmu_0
Compiling module xil_defaultlib.bd_d1ca_s09sic_0
Compiling module xil_defaultlib.bd_d1ca_s09tr_0
Compiling module xil_defaultlib.s09_entry_pipeline_imp_CW5SSP
Compiling module xil_defaultlib.bd_d1ca_sarn_9
Compiling module xil_defaultlib.bd_d1ca_sawn_9
Compiling module xil_defaultlib.bd_d1ca_sbn_9
Compiling module xil_defaultlib.bd_d1ca_srn_9
Compiling module xil_defaultlib.bd_d1ca_swn_9
Compiling module xil_defaultlib.s09_nodes_imp_3Z2S9T
Compiling module xil_defaultlib.bd_d1ca_s10a2s_0
Compiling module xil_defaultlib.bd_d1ca_s10mmu_0
Compiling module xil_defaultlib.bd_d1ca_s10sic_0
Compiling module xil_defaultlib.bd_d1ca_s10tr_0
Compiling module xil_defaultlib.s10_entry_pipeline_imp_ELCQFW
Compiling module xil_defaultlib.bd_d1ca_sarn_10
Compiling module xil_defaultlib.bd_d1ca_sawn_10
Compiling module xil_defaultlib.bd_d1ca_sbn_10
Compiling module xil_defaultlib.bd_d1ca_srn_10
Compiling module xil_defaultlib.bd_d1ca_swn_10
Compiling module xil_defaultlib.s10_nodes_imp_77P62X
Compiling module xil_defaultlib.bd_d1ca_s11a2s_0
Compiling module xil_defaultlib.bd_d1ca_s11mmu_0
Compiling module xil_defaultlib.bd_d1ca_s11sic_0
Compiling module xil_defaultlib.bd_d1ca_s11tr_0
Compiling module xil_defaultlib.s11_entry_pipeline_imp_1CT87WO
Compiling module xil_defaultlib.bd_d1ca_sarn_11
Compiling module xil_defaultlib.bd_d1ca_sawn_11
Compiling module xil_defaultlib.bd_d1ca_sbn_11
Compiling module xil_defaultlib.bd_d1ca_srn_11
Compiling module xil_defaultlib.bd_d1ca_swn_11
Compiling module xil_defaultlib.s11_nodes_imp_10VVS73
Compiling module xil_defaultlib.bd_d1ca_s12a2s_0
Compiling module xil_defaultlib.bd_d1ca_s12mmu_0
Compiling module xil_defaultlib.bd_d1ca_s12sic_0
Compiling module xil_defaultlib.bd_d1ca_s12tr_0
Compiling module xil_defaultlib.s12_entry_pipeline_imp_1O84V1X
Compiling module xil_defaultlib.bd_d1ca_sarn_12
Compiling module xil_defaultlib.bd_d1ca_sawn_12
Compiling module xil_defaultlib.bd_d1ca_sbn_12
Compiling module xil_defaultlib.bd_d1ca_srn_12
Compiling module xil_defaultlib.bd_d1ca_swn_12
Compiling module xil_defaultlib.s12_nodes_imp_1WYV1D0
Compiling module xil_defaultlib.bd_d1ca_s13a2s_0
Compiling module xil_defaultlib.bd_d1ca_s13mmu_0
Compiling module xil_defaultlib.bd_d1ca_s13sic_0
Compiling module xil_defaultlib.bd_d1ca_s13tr_0
Compiling module xil_defaultlib.s13_entry_pipeline_imp_IG4T7L
Compiling module xil_defaultlib.bd_d1ca_sarn_13
Compiling module xil_defaultlib.bd_d1ca_sawn_13
Compiling module xil_defaultlib.bd_d1ca_sbn_13
Compiling module xil_defaultlib.bd_d1ca_srn_13
Compiling module xil_defaultlib.bd_d1ca_swn_13
Compiling module xil_defaultlib.s13_nodes_imp_S727YQ
Compiling module xil_defaultlib.bd_d1ca_s14a2s_0
Compiling module xil_defaultlib.bd_d1ca_s14mmu_0
Compiling module xil_defaultlib.bd_d1ca_s14sic_0
Compiling module xil_defaultlib.bd_d1ca_s14tr_0
Compiling module xil_defaultlib.s14_entry_pipeline_imp_EN3233
Compiling module xil_defaultlib.bd_d1ca_sarn_14
Compiling module xil_defaultlib.bd_d1ca_sawn_14
Compiling module xil_defaultlib.bd_d1ca_sbn_14
Compiling module xil_defaultlib.bd_d1ca_srn_14
Compiling module xil_defaultlib.bd_d1ca_swn_14
Compiling module xil_defaultlib.s14_nodes_imp_38XZM
Compiling module xil_defaultlib.bd_d1ca_s15a2s_0
Compiling module xil_defaultlib.bd_d1ca_s15mmu_0
Compiling module xil_defaultlib.bd_d1ca_s15sic_0
Compiling module xil_defaultlib.bd_d1ca_s15tr_0
Compiling module xil_defaultlib.s15_entry_pipeline_imp_1CR6NBV
Compiling module xil_defaultlib.bd_d1ca_sarn_15
Compiling module xil_defaultlib.bd_d1ca_sawn_15
Compiling module xil_defaultlib.bd_d1ca_sbn_15
Compiling module xil_defaultlib.bd_d1ca_srn_15
Compiling module xil_defaultlib.bd_d1ca_swn_15
Compiling module xil_defaultlib.s15_nodes_imp_17NUD0K
Compiling module xil_defaultlib.bd_d1ca_arsw_0
Compiling module xil_defaultlib.bd_d1ca_awsw_0
Compiling module xil_defaultlib.bd_d1ca_bsw_0
Compiling module xil_defaultlib.bd_d1ca_rsw_0
Compiling module xil_defaultlib.bd_d1ca_wsw_0
Compiling module xil_defaultlib.switchboards_imp_1KL7QWL
Compiling module xil_defaultlib.bd_d1ca
Compiling module xil_defaultlib.MemoryInterfacesVIP_smartconnect...
Compiling module xil_defaultlib.MemoryInterfacesVIP
Compiling module xil_defaultlib.MemoryInterfacesVIP_wrapper
Compiling module unisims_ver.FDRE_default
Compiling module unisims_ver.FIFO36E2(CASCADE_ORDER="FIRST",C...
Compiling module unisims_ver.FIFO36E2(CASCADE_ORDER="LAST",CL...
Compiling module unisims_ver.x_lut2_mux4
Compiling module unisims_ver.LUT2
Compiling module xil_defaultlib.PE_IPs_Msg_FIFO_In_1
Compiling module unisims_ver.FIFO18E2(CLOCK_DOMAINS="COMMON",...
Compiling module xil_defaultlib.PE_IPs_Msg_FIFO_In_0
Compiling module blk_mem_gen_v8_4_5.blk_mem_gen_v8_4_5_output_stage(...
Compiling module blk_mem_gen_v8_4_5.blk_mem_gen_v8_4_5_softecc_outpu...
Compiling module blk_mem_gen_v8_4_5.blk_mem_gen_v8_4_5_mem_module(C_...
Compiling module blk_mem_gen_v8_4_5.blk_mem_gen_v8_4_5(C_FAMILY="vir...
Compiling module xil_defaultlib.PE_IPs_blk_mem_gen_0_1
Compiling module blk_mem_gen_v8_4_5.blk_mem_gen_v8_4_5_output_stage(...
Compiling module blk_mem_gen_v8_4_5.blk_mem_gen_v8_4_5_softecc_outpu...
Compiling module blk_mem_gen_v8_4_5.blk_mem_gen_v8_4_5_mem_module(C_...
Compiling module blk_mem_gen_v8_4_5.blk_mem_gen_v8_4_5(C_FAMILY="vir...
Compiling module xil_defaultlib.PE_IPs_blk_mem_gen_0_2
Compiling module unisims_ver.x_lut3_mux8
Compiling module unisims_ver.LUT3
Compiling module unisims_ver.FIFO36E2(CLOCK_DOMAINS="COMMON",...
Compiling module unisims_ver.FDSE_default
Compiling module xil_defaultlib.PE_IPs_Msg_FIFO_Out_0
Compiling module unisims_ver.FIFO36E2(CASCADE_ORDER="FIRST",C...
Compiling module xil_defaultlib.PE_IPs_fifo_generator_0_0
Compiling module blk_mem_gen_v8_4_5.blk_mem_gen_v8_4_5_output_stage(...
Compiling module blk_mem_gen_v8_4_5.blk_mem_gen_v8_4_5_softecc_outpu...
Compiling module blk_mem_gen_v8_4_5.blk_mem_gen_v8_4_5_mem_module(C_...
Compiling module blk_mem_gen_v8_4_5.blk_mem_gen_v8_4_5(C_FAMILY="vir...
Compiling module xil_defaultlib.PE_IPs_blk_mem_gen_0_0
Compiling module xil_defaultlib.PE_IPs
Compiling module xil_defaultlib.PE_IPs_wrapper
Compiling module xil_defaultlib.ReductionEngine
Compiling module xil_defaultlib.MPU
Compiling module unisims_ver.FIFO36E2(CLOCK_DOMAINS="COMMON",...
Compiling module xil_defaultlib.VMU_FIFOs_WriteBuffer_0
Compiling module xil_defaultlib.VMU_FIFOs_fifo_generator_0_0
Compiling module xil_defaultlib.VMU_FIFOs
Compiling module xil_defaultlib.VMU_FIFOs_wrapper
Compiling module xil_defaultlib.VMU
Compiling module xil_defaultlib.MGU
Compiling module xil_defaultlib.PE
Compiling module xil_defaultlib.GPN_default
Compiling module xil_defaultlib.kernel(NUMVERTICES=4096,NUMEDGES...
Compiling module xil_defaultlib.tb_top_kernel
Compiling module xil_defaultlib.glbl
Built simulation snapshot tb_top_kernel_behav
