Time resolution is 1 ps
XilinxAXIVIP: Found at Path: tb_top_kernel.kernel.inst_MemoryInterfacesVIP.MemoryInterfacesVIP_i.DDRVIP.inst
XilinxAXIVIP: Found at Path: tb_top_kernel.kernel.inst_MemoryInterfacesVIP.MemoryInterfacesVIP_i.HBMVIP0.inst
XilinxAXIVIP: Found at Path: tb_top_kernel.kernel.inst_MemoryInterfacesVIP.MemoryInterfacesVIP_i.HBMVIP1.inst
XilinxAXIVIP: Found at Path: tb_top_kernel.kernel.inst_MemoryInterfacesVIP.MemoryInterfacesVIP_i.HBMVIP10.inst
XilinxAXIVIP: Found at Path: tb_top_kernel.kernel.inst_MemoryInterfacesVIP.MemoryInterfacesVIP_i.HBMVIP11.inst
XilinxAXIVIP: Found at Path: tb_top_kernel.kernel.inst_MemoryInterfacesVIP.MemoryInterfacesVIP_i.HBMVIP12.inst
XilinxAXIVIP: Found at Path: tb_top_kernel.kernel.inst_MemoryInterfacesVIP.MemoryInterfacesVIP_i.HBMVIP13.inst
XilinxAXIVIP: Found at Path: tb_top_kernel.kernel.inst_MemoryInterfacesVIP.MemoryInterfacesVIP_i.HBMVIP14.inst
XilinxAXIVIP: Found at Path: tb_top_kernel.kernel.inst_MemoryInterfacesVIP.MemoryInterfacesVIP_i.HBMVIP15.inst
XilinxAXIVIP: Found at Path: tb_top_kernel.kernel.inst_MemoryInterfacesVIP.MemoryInterfacesVIP_i.HBMVIP2.inst
XilinxAXIVIP: Found at Path: tb_top_kernel.kernel.inst_MemoryInterfacesVIP.MemoryInterfacesVIP_i.HBMVIP3.inst
XilinxAXIVIP: Found at Path: tb_top_kernel.kernel.inst_MemoryInterfacesVIP.MemoryInterfacesVIP_i.HBMVIP4.inst
XilinxAXIVIP: Found at Path: tb_top_kernel.kernel.inst_MemoryInterfacesVIP.MemoryInterfacesVIP_i.HBMVIP5.inst
XilinxAXIVIP: Found at Path: tb_top_kernel.kernel.inst_MemoryInterfacesVIP.MemoryInterfacesVIP_i.HBMVIP6.inst
XilinxAXIVIP: Found at Path: tb_top_kernel.kernel.inst_MemoryInterfacesVIP.MemoryInterfacesVIP_i.HBMVIP7.inst
XilinxAXIVIP: Found at Path: tb_top_kernel.kernel.inst_MemoryInterfacesVIP.MemoryInterfacesVIP_i.HBMVIP8.inst
XilinxAXIVIP: Found at Path: tb_top_kernel.kernel.inst_MemoryInterfacesVIP.MemoryInterfacesVIP_i.HBMVIP9.inst
Block Memory Generator module tb_top_kernel.kernel.GPN.Processing_Element_0.u_PE_IPs_wrapper.PE_IPs_i.Cache.inst.\native_mem_module.blk_mem_gen_v8_4_5_inst  is using a behavioral model for simulation which will not precisely model memory collision behavior.
Block Memory Generator module tb_top_kernel.kernel.GPN.Processing_Element_0.u_PE_IPs_wrapper.PE_IPs_i.History.inst.\native_mem_module.blk_mem_gen_v8_4_5_inst  is using a behavioral model for simulation which will not precisely model memory collision behavior.
Block Memory Generator module tb_top_kernel.kernel.GPN.Processing_Element_0.u_PE_IPs_wrapper.PE_IPs_i.Tracker.inst.\native_mem_module.blk_mem_gen_v8_4_5_inst  is using a behavioral model for simulation which will not precisely model memory collision behavior.
Block Memory Generator module tb_top_kernel.kernel.GPN.Processing_Element_1.u_PE_IPs_wrapper.PE_IPs_i.Cache.inst.\native_mem_module.blk_mem_gen_v8_4_5_inst  is using a behavioral model for simulation which will not precisely model memory collision behavior.
Block Memory Generator module tb_top_kernel.kernel.GPN.Processing_Element_1.u_PE_IPs_wrapper.PE_IPs_i.History.inst.\native_mem_module.blk_mem_gen_v8_4_5_inst  is using a behavioral model for simulation which will not precisely model memory collision behavior.
Block Memory Generator module tb_top_kernel.kernel.GPN.Processing_Element_1.u_PE_IPs_wrapper.PE_IPs_i.Tracker.inst.\native_mem_module.blk_mem_gen_v8_4_5_inst  is using a behavioral model for simulation which will not precisely model memory collision behavior.
Block Memory Generator module tb_top_kernel.kernel.GPN.Processing_Element_2.u_PE_IPs_wrapper.PE_IPs_i.Cache.inst.\native_mem_module.blk_mem_gen_v8_4_5_inst  is using a behavioral model for simulation which will not precisely model memory collision behavior.
Block Memory Generator module tb_top_kernel.kernel.GPN.Processing_Element_2.u_PE_IPs_wrapper.PE_IPs_i.History.inst.\native_mem_module.blk_mem_gen_v8_4_5_inst  is using a behavioral model for simulation which will not precisely model memory collision behavior.
Block Memory Generator module tb_top_kernel.kernel.GPN.Processing_Element_2.u_PE_IPs_wrapper.PE_IPs_i.Tracker.inst.\native_mem_module.blk_mem_gen_v8_4_5_inst  is using a behavioral model for simulation which will not precisely model memory collision behavior.
Block Memory Generator module tb_top_kernel.kernel.GPN.Processing_Element_3.u_PE_IPs_wrapper.PE_IPs_i.Cache.inst.\native_mem_module.blk_mem_gen_v8_4_5_inst  is using a behavioral model for simulation which will not precisely model memory collision behavior.
Block Memory Generator module tb_top_kernel.kernel.GPN.Processing_Element_3.u_PE_IPs_wrapper.PE_IPs_i.History.inst.\native_mem_module.blk_mem_gen_v8_4_5_inst  is using a behavioral model for simulation which will not precisely model memory collision behavior.
Block Memory Generator module tb_top_kernel.kernel.GPN.Processing_Element_3.u_PE_IPs_wrapper.PE_IPs_i.Tracker.inst.\native_mem_module.blk_mem_gen_v8_4_5_inst  is using a behavioral model for simulation which will not precisely model memory collision behavior.
Block Memory Generator module tb_top_kernel.kernel.GPN.Processing_Element_4.u_PE_IPs_wrapper.PE_IPs_i.Cache.inst.\native_mem_module.blk_mem_gen_v8_4_5_inst  is using a behavioral model for simulation which will not precisely model memory collision behavior.
Block Memory Generator module tb_top_kernel.kernel.GPN.Processing_Element_4.u_PE_IPs_wrapper.PE_IPs_i.History.inst.\native_mem_module.blk_mem_gen_v8_4_5_inst  is using a behavioral model for simulation which will not precisely model memory collision behavior.
Block Memory Generator module tb_top_kernel.kernel.GPN.Processing_Element_4.u_PE_IPs_wrapper.PE_IPs_i.Tracker.inst.\native_mem_module.blk_mem_gen_v8_4_5_inst  is using a behavioral model for simulation which will not precisely model memory collision behavior.
Block Memory Generator module tb_top_kernel.kernel.GPN.Processing_Element_5.u_PE_IPs_wrapper.PE_IPs_i.Cache.inst.\native_mem_module.blk_mem_gen_v8_4_5_inst  is using a behavioral model for simulation which will not precisely model memory collision behavior.
Block Memory Generator module tb_top_kernel.kernel.GPN.Processing_Element_5.u_PE_IPs_wrapper.PE_IPs_i.History.inst.\native_mem_module.blk_mem_gen_v8_4_5_inst  is using a behavioral model for simulation which will not precisely model memory collision behavior.
Block Memory Generator module tb_top_kernel.kernel.GPN.Processing_Element_5.u_PE_IPs_wrapper.PE_IPs_i.Tracker.inst.\native_mem_module.blk_mem_gen_v8_4_5_inst  is using a behavioral model for simulation which will not precisely model memory collision behavior.
Block Memory Generator module tb_top_kernel.kernel.GPN.Processing_Element_6.u_PE_IPs_wrapper.PE_IPs_i.Cache.inst.\native_mem_module.blk_mem_gen_v8_4_5_inst  is using a behavioral model for simulation which will not precisely model memory collision behavior.
Block Memory Generator module tb_top_kernel.kernel.GPN.Processing_Element_6.u_PE_IPs_wrapper.PE_IPs_i.History.inst.\native_mem_module.blk_mem_gen_v8_4_5_inst  is using a behavioral model for simulation which will not precisely model memory collision behavior.
Block Memory Generator module tb_top_kernel.kernel.GPN.Processing_Element_6.u_PE_IPs_wrapper.PE_IPs_i.Tracker.inst.\native_mem_module.blk_mem_gen_v8_4_5_inst  is using a behavioral model for simulation which will not precisely model memory collision behavior.
Block Memory Generator module tb_top_kernel.kernel.GPN.Processing_Element_7.u_PE_IPs_wrapper.PE_IPs_i.Cache.inst.\native_mem_module.blk_mem_gen_v8_4_5_inst  is using a behavioral model for simulation which will not precisely model memory collision behavior.
Block Memory Generator module tb_top_kernel.kernel.GPN.Processing_Element_7.u_PE_IPs_wrapper.PE_IPs_i.History.inst.\native_mem_module.blk_mem_gen_v8_4_5_inst  is using a behavioral model for simulation which will not precisely model memory collision behavior.
Block Memory Generator module tb_top_kernel.kernel.GPN.Processing_Element_7.u_PE_IPs_wrapper.PE_IPs_i.Tracker.inst.\native_mem_module.blk_mem_gen_v8_4_5_inst  is using a behavioral model for simulation which will not precisely model memory collision behavior.
Block Memory Generator module tb_top_kernel.kernel.GPN.Processing_Element_8.u_PE_IPs_wrapper.PE_IPs_i.Cache.inst.\native_mem_module.blk_mem_gen_v8_4_5_inst  is using a behavioral model for simulation which will not precisely model memory collision behavior.
Block Memory Generator module tb_top_kernel.kernel.GPN.Processing_Element_8.u_PE_IPs_wrapper.PE_IPs_i.History.inst.\native_mem_module.blk_mem_gen_v8_4_5_inst  is using a behavioral model for simulation which will not precisely model memory collision behavior.
Block Memory Generator module tb_top_kernel.kernel.GPN.Processing_Element_8.u_PE_IPs_wrapper.PE_IPs_i.Tracker.inst.\native_mem_module.blk_mem_gen_v8_4_5_inst  is using a behavioral model for simulation which will not precisely model memory collision behavior.
Block Memory Generator module tb_top_kernel.kernel.GPN.Processing_Element_9.u_PE_IPs_wrapper.PE_IPs_i.Cache.inst.\native_mem_module.blk_mem_gen_v8_4_5_inst  is using a behavioral model for simulation which will not precisely model memory collision behavior.
Block Memory Generator module tb_top_kernel.kernel.GPN.Processing_Element_9.u_PE_IPs_wrapper.PE_IPs_i.History.inst.\native_mem_module.blk_mem_gen_v8_4_5_inst  is using a behavioral model for simulation which will not precisely model memory collision behavior.
Block Memory Generator module tb_top_kernel.kernel.GPN.Processing_Element_9.u_PE_IPs_wrapper.PE_IPs_i.Tracker.inst.\native_mem_module.blk_mem_gen_v8_4_5_inst  is using a behavioral model for simulation which will not precisely model memory collision behavior.
Block Memory Generator module tb_top_kernel.kernel.GPN.Processing_Element_10.u_PE_IPs_wrapper.PE_IPs_i.Cache.inst.\native_mem_module.blk_mem_gen_v8_4_5_inst  is using a behavioral model for simulation which will not precisely model memory collision behavior.
Block Memory Generator module tb_top_kernel.kernel.GPN.Processing_Element_10.u_PE_IPs_wrapper.PE_IPs_i.History.inst.\native_mem_module.blk_mem_gen_v8_4_5_inst  is using a behavioral model for simulation which will not precisely model memory collision behavior.
Block Memory Generator module tb_top_kernel.kernel.GPN.Processing_Element_10.u_PE_IPs_wrapper.PE_IPs_i.Tracker.inst.\native_mem_module.blk_mem_gen_v8_4_5_inst  is using a behavioral model for simulation which will not precisely model memory collision behavior.
Block Memory Generator module tb_top_kernel.kernel.GPN.Processing_Element_11.u_PE_IPs_wrapper.PE_IPs_i.Cache.inst.\native_mem_module.blk_mem_gen_v8_4_5_inst  is using a behavioral model for simulation which will not precisely model memory collision behavior.
Block Memory Generator module tb_top_kernel.kernel.GPN.Processing_Element_11.u_PE_IPs_wrapper.PE_IPs_i.History.inst.\native_mem_module.blk_mem_gen_v8_4_5_inst  is using a behavioral model for simulation which will not precisely model memory collision behavior.
Block Memory Generator module tb_top_kernel.kernel.GPN.Processing_Element_11.u_PE_IPs_wrapper.PE_IPs_i.Tracker.inst.\native_mem_module.blk_mem_gen_v8_4_5_inst  is using a behavioral model for simulation which will not precisely model memory collision behavior.
Block Memory Generator module tb_top_kernel.kernel.GPN.Processing_Element_12.u_PE_IPs_wrapper.PE_IPs_i.Cache.inst.\native_mem_module.blk_mem_gen_v8_4_5_inst  is using a behavioral model for simulation which will not precisely model memory collision behavior.
Block Memory Generator module tb_top_kernel.kernel.GPN.Processing_Element_12.u_PE_IPs_wrapper.PE_IPs_i.History.inst.\native_mem_module.blk_mem_gen_v8_4_5_inst  is using a behavioral model for simulation which will not precisely model memory collision behavior.
Block Memory Generator module tb_top_kernel.kernel.GPN.Processing_Element_12.u_PE_IPs_wrapper.PE_IPs_i.Tracker.inst.\native_mem_module.blk_mem_gen_v8_4_5_inst  is using a behavioral model for simulation which will not precisely model memory collision behavior.
Block Memory Generator module tb_top_kernel.kernel.GPN.Processing_Element_13.u_PE_IPs_wrapper.PE_IPs_i.Cache.inst.\native_mem_module.blk_mem_gen_v8_4_5_inst  is using a behavioral model for simulation which will not precisely model memory collision behavior.
Block Memory Generator module tb_top_kernel.kernel.GPN.Processing_Element_13.u_PE_IPs_wrapper.PE_IPs_i.History.inst.\native_mem_module.blk_mem_gen_v8_4_5_inst  is using a behavioral model for simulation which will not precisely model memory collision behavior.
Block Memory Generator module tb_top_kernel.kernel.GPN.Processing_Element_13.u_PE_IPs_wrapper.PE_IPs_i.Tracker.inst.\native_mem_module.blk_mem_gen_v8_4_5_inst  is using a behavioral model for simulation which will not precisely model memory collision behavior.
Block Memory Generator module tb_top_kernel.kernel.GPN.Processing_Element_14.u_PE_IPs_wrapper.PE_IPs_i.Cache.inst.\native_mem_module.blk_mem_gen_v8_4_5_inst  is using a behavioral model for simulation which will not precisely model memory collision behavior.
Block Memory Generator module tb_top_kernel.kernel.GPN.Processing_Element_14.u_PE_IPs_wrapper.PE_IPs_i.History.inst.\native_mem_module.blk_mem_gen_v8_4_5_inst  is using a behavioral model for simulation which will not precisely model memory collision behavior.
Block Memory Generator module tb_top_kernel.kernel.GPN.Processing_Element_14.u_PE_IPs_wrapper.PE_IPs_i.Tracker.inst.\native_mem_module.blk_mem_gen_v8_4_5_inst  is using a behavioral model for simulation which will not precisely model memory collision behavior.
Block Memory Generator module tb_top_kernel.kernel.GPN.Processing_Element_15.u_PE_IPs_wrapper.PE_IPs_i.Cache.inst.\native_mem_module.blk_mem_gen_v8_4_5_inst  is using a behavioral model for simulation which will not precisely model memory collision behavior.
Block Memory Generator module tb_top_kernel.kernel.GPN.Processing_Element_15.u_PE_IPs_wrapper.PE_IPs_i.History.inst.\native_mem_module.blk_mem_gen_v8_4_5_inst  is using a behavioral model for simulation which will not precisely model memory collision behavior.
Block Memory Generator module tb_top_kernel.kernel.GPN.Processing_Element_15.u_PE_IPs_wrapper.PE_IPs_i.Tracker.inst.\native_mem_module.blk_mem_gen_v8_4_5_inst  is using a behavioral model for simulation which will not precisely model memory collision behavior.
Loaded Vertices
Loaded Edges
Loaded Results
Amount of Vertices Per Frontier
Frontier0 = 58 | Frontier1 = 347 | Frontier2 = 1171 | Frontier3 = 1740
Frontier4 = 515 | Frontier5 = 55 | FrontierNU = 210
Sent FirstMessage = 0000000000000000
Started Kernel
Loading Vertices
Loading Edges
blk_mem_gen_v8_4_5 collision detected at time: 618333, Instance: tb_top_kernel.kernel.GPN.Processing_Element_0.u_PE_IPs_wrapper.PE_IPs_i.Cache.inst.\native_mem_module.blk_mem_gen_v8_4_5_inst , A write address: 1, B read address: 1
blk_mem_gen_v8_4_5 collision detected at time: 618333, Instance: tb_top_kernel.kernel.GPN.Processing_Element_1.u_PE_IPs_wrapper.PE_IPs_i.Cache.inst.\native_mem_module.blk_mem_gen_v8_4_5_inst , A write address: 1, B read address: 1
blk_mem_gen_v8_4_5 collision detected at time: 618333, Instance: tb_top_kernel.kernel.GPN.Processing_Element_2.u_PE_IPs_wrapper.PE_IPs_i.Cache.inst.\native_mem_module.blk_mem_gen_v8_4_5_inst , A write address: 1, B read address: 1
blk_mem_gen_v8_4_5 collision detected at time: 618333, Instance: tb_top_kernel.kernel.GPN.Processing_Element_3.u_PE_IPs_wrapper.PE_IPs_i.Cache.inst.\native_mem_module.blk_mem_gen_v8_4_5_inst , A write address: 1, B read address: 1
blk_mem_gen_v8_4_5 collision detected at time: 618333, Instance: tb_top_kernel.kernel.GPN.Processing_Element_4.u_PE_IPs_wrapper.PE_IPs_i.Cache.inst.\native_mem_module.blk_mem_gen_v8_4_5_inst , A write address: 1, B read address: 1
blk_mem_gen_v8_4_5 collision detected at time: 618333, Instance: tb_top_kernel.kernel.GPN.Processing_Element_5.u_PE_IPs_wrapper.PE_IPs_i.Cache.inst.\native_mem_module.blk_mem_gen_v8_4_5_inst , A write address: 1, B read address: 1
blk_mem_gen_v8_4_5 collision detected at time: 618333, Instance: tb_top_kernel.kernel.GPN.Processing_Element_6.u_PE_IPs_wrapper.PE_IPs_i.Cache.inst.\native_mem_module.blk_mem_gen_v8_4_5_inst , A write address: 1, B read address: 1
blk_mem_gen_v8_4_5 collision detected at time: 618333, Instance: tb_top_kernel.kernel.GPN.Processing_Element_7.u_PE_IPs_wrapper.PE_IPs_i.Cache.inst.\native_mem_module.blk_mem_gen_v8_4_5_inst , A write address: 1, B read address: 1
blk_mem_gen_v8_4_5 collision detected at time: 618333, Instance: tb_top_kernel.kernel.GPN.Processing_Element_8.u_PE_IPs_wrapper.PE_IPs_i.Cache.inst.\native_mem_module.blk_mem_gen_v8_4_5_inst , A write address: 1, B read address: 1
blk_mem_gen_v8_4_5 collision detected at time: 618333, Instance: tb_top_kernel.kernel.GPN.Processing_Element_9.u_PE_IPs_wrapper.PE_IPs_i.Cache.inst.\native_mem_module.blk_mem_gen_v8_4_5_inst , A write address: 1, B read address: 1
blk_mem_gen_v8_4_5 collision detected at time: 618333, Instance: tb_top_kernel.kernel.GPN.Processing_Element_10.u_PE_IPs_wrapper.PE_IPs_i.Cache.inst.\native_mem_module.blk_mem_gen_v8_4_5_inst , A write address: 1, B read address: 1
blk_mem_gen_v8_4_5 collision detected at time: 618333, Instance: tb_top_kernel.kernel.GPN.Processing_Element_11.u_PE_IPs_wrapper.PE_IPs_i.Cache.inst.\native_mem_module.blk_mem_gen_v8_4_5_inst , A write address: 1, B read address: 1
blk_mem_gen_v8_4_5 collision detected at time: 618333, Instance: tb_top_kernel.kernel.GPN.Processing_Element_12.u_PE_IPs_wrapper.PE_IPs_i.Cache.inst.\native_mem_module.blk_mem_gen_v8_4_5_inst , A write address: 1, B read address: 1
blk_mem_gen_v8_4_5 collision detected at time: 618333, Instance: tb_top_kernel.kernel.GPN.Processing_Element_13.u_PE_IPs_wrapper.PE_IPs_i.Cache.inst.\native_mem_module.blk_mem_gen_v8_4_5_inst , A write address: 1, B read address: 1
blk_mem_gen_v8_4_5 collision detected at time: 618333, Instance: tb_top_kernel.kernel.GPN.Processing_Element_14.u_PE_IPs_wrapper.PE_IPs_i.Cache.inst.\native_mem_module.blk_mem_gen_v8_4_5_inst , A write address: 1, B read address: 1
blk_mem_gen_v8_4_5 collision detected at time: 618333, Instance: tb_top_kernel.kernel.GPN.Processing_Element_15.u_PE_IPs_wrapper.PE_IPs_i.Cache.inst.\native_mem_module.blk_mem_gen_v8_4_5_inst , A write address: 1, B read address: 1
Finished Loading Vertices
Finished Loading Edges
Wait For Graph Done

Time: 2894858333 ps Started: 2894858333 ps Scope: /tb_top_kernel/kernel/inst_MemoryInterfacesVIP/MemoryInterfacesVIP_i/HBMVIP0/inst/IF/PC File: /home/austin01/Xilinx/Vivado/2022.1/data/xilinx_vip/hdl/axi_vip_axi4pc.sv Line:2146
Warning: tb_top_kernel.kernel.inst_MemoryInterfacesVIP.MemoryInterfacesVIP_i.HBMVIP0.inst.IF.PC : ARADDR=0xfc60, ARID=0x00, ARLEN=0x7f, ARSIZE=0b101
Time: 2894858333 ps  Iteration: 0  Process: /tb_top_kernel/kernel/inst_MemoryInterfacesVIP/MemoryInterfacesVIP_i/HBMVIP0/inst/IF/PC//tb_top_kernel/kernel/inst_MemoryInterfacesVIP/MemoryInterfacesVIP_i/HBMVIP0/inst/IF/PC  Scope: tb_top_kernel.kernel.inst_MemoryInterfacesVIP.MemoryInterfacesVIP_i.HBMVIP0.inst.IF.PC  File: /home/austin01/Xilinx/Vivado/2022.1/data/xilinx_vip/hdl/axi_vip_axi4pc.sv Line: 2147
Fatal: AXI4_ERRM_ARADDR_BOUNDARY: A burst must not cross a 4kbyte boundary. Spec: section A3.4.1.
Time: 2894858333 ps  Iteration: 0  Process: /tb_top_kernel/kernel/inst_MemoryInterfacesVIP/MemoryInterfacesVIP_i/HBMVIP0/inst/IF/PC//tb_top_kernel/kernel/inst_MemoryInterfacesVIP/MemoryInterfacesVIP_i/HBMVIP0/inst/IF/PC  Scope: tb_top_kernel.kernel.inst_MemoryInterfacesVIP.MemoryInterfacesVIP_i.HBMVIP0.inst.IF.PC.arm_amba4_pc_msg_err  File: /home/austin01/Xilinx/Vivado/2022.1/data/xilinx_vip/hdl/axi_vip_axi4pc.sv Line: 727
$finish called at time : 2894858333 ps
Executing Axi4 End Of Simulation checks
Executing Axi4 End Of Simulation checks
Executing Axi4 End Of Simulation checks
Executing Axi4 End Of Simulation checks
Executing Axi4 End Of Simulation checks
Executing Axi4 End Of Simulation checks
Executing Axi4 End Of Simulation checks
Executing Axi4 End Of Simulation checks
Executing Axi4 End Of Simulation checks
Executing Axi4 End Of Simulation checks
Executing Axi4 End Of Simulation checks
Executing Axi4 End Of Simulation checks
Executing Axi4 End Of Simulation checks
Executing Axi4 End Of Simulation checks
Executing Axi4 End Of Simulation checks
Executing Axi4 End Of Simulation checks
Executing Axi4 End Of Simulation checks
INFO: xsimkernel Simulation Memory Usage: 15907492 KB (Peak: 15973028 KB), Simulation CPU Usage: 10586360 ms
