

================================================================
== Vitis HLS Report for 'rtl_kernel_wizard_0_Pipeline_VITIS_LOOP_96_11'
================================================================
* Date:           Wed Mar 27 22:51:16 2024

* Version:        2022.1 (Build 3526262 on Mon Apr 18 15:47:01 MDT 2022)
* Project:        prj
* Solution:       sol (Vitis Kernel Flow Target)
* Product family: virtexuplus
* Target device:  xcu280-fsvh2892-2L-e


================================================================
== Performance Estimates
================================================================
+ Timing: 
    * Summary: 
    +--------+----------+----------+------------+
    |  Clock |  Target  | Estimated| Uncertainty|
    +--------+----------+----------+------------+
    |ap_clk  |  10.00 ns|  0.880 ns|     2.70 ns|
    +--------+----------+----------+------------+

+ Latency: 
    * Summary: 
    +---------+---------+----------+----------+-----+-----+---------+
    |  Latency (cycles) |  Latency (absolute) |  Interval | Pipeline|
    |   min   |   max   |    min   |    max   | min | max |   Type  |
    +---------+---------+----------+----------+-----+-----+---------+
    |        ?|        ?|         ?|         ?|    ?|    ?|       no|
    +---------+---------+----------+----------+-----+-----+---------+

    + Detail: 
        * Instance: 
        N/A

        * Loop: 
        +-------------------+---------+---------+----------+-----------+-----------+------+----------+
        |                   |  Latency (cycles) | Iteration|  Initiation Interval  | Trip |          |
        |     Loop Name     |   min   |   max   |  Latency |  achieved |   target  | Count| Pipelined|
        +-------------------+---------+---------+----------+-----------+-----------+------+----------+
        |- VITIS_LOOP_96_1  |        ?|        ?|         1|          1|          1|     ?|       yes|
        +-------------------+---------+---------+----------+-----------+-----------+------+----------+

============================================================
+ Verbose Summary: Synthesis Manager
============================================================
InlineROM: 1
ExposeGlobal: 0
============================================================
+ Verbose Summary: CDFG Model
============================================================
IsTopModel: 0
ResetActiveHigh: 1
IsCombinational: 0
IsDatapathOnly: 0
HasWiredReturn: 1
HasMFsm: 2
HasVarLatency: 1
IsPipeline: 0
IsRtlPipelined: 0
IsInstanceOverlapped: 0
IsDontTouch: 0
HasImplIP: 0
IsGatedGlobalClock: 0

+ Individual pipeline summary: 
  * Pipeline-0: initiation interval (II) = 1, depth = 1


============================================================
+ Verbose Summary: Schedule
============================================================
* Number of FSM states : 1
* Pipeline : 1
  Pipeline-0 : II = 1, D = 1, States = { 1 }
* Dataflow Pipeline: 0

* FSM state transitions: 
1 --> 

* FSM state operations: 

State 1 <SV = 0> <Delay = 0.88>
ST_1 : Operation 4 [1/1] (0.00ns)   --->   "%specinterface_ln0 = specinterface void @_ssdm_op_SpecInterface, i1 %axisDDRout_V_last_V, i64 %axisDDRout_V_strb_V, i64 %axisDDRout_V_keep_V, i512 %axisDDRout_V_data_V, void @empty_5, i32 0, i32 0, void @empty_6, i32 0, i32 0, void @empty_0, void @empty_0, void @empty_0, i32 0, i32 0, i32 0, i32 0, void @empty_0, void @empty_0, i32 4294967295, i32 0"   --->   Operation 4 'specinterface' 'specinterface_ln0' <Predicate = true> <Delay = 0.00>
ST_1 : Operation 5 [1/1] (0.00ns)   --->   "%specinterface_ln0 = specinterface void @_ssdm_op_SpecInterface, i1 %axisDDRin_V_last_V, i64 %axisDDRin_V_strb_V, i64 %axisDDRin_V_keep_V, i512 %axisDDRin_V_data_V, void @empty_5, i32 0, i32 0, void @empty_6, i32 0, i32 0, void @empty_0, void @empty_0, void @empty_0, i32 0, i32 0, i32 0, i32 0, void @empty_0, void @empty_0, i32 4294967295, i32 0"   --->   Operation 5 'specinterface' 'specinterface_ln0' <Predicate = true> <Delay = 0.00>
ST_1 : Operation 6 [1/1] (0.00ns)   --->   "%br_ln0 = br void %while.body.i38"   --->   Operation 6 'br' 'br_ln0' <Predicate = true> <Delay = 0.00>
ST_1 : Operation 7 [1/1] (0.00ns)   --->   "%specpipeline_ln0 = specpipeline void @_ssdm_op_SpecPipeline, i32 4294967295, i32 0, i32 1, i32 0, void @p_str"   --->   Operation 7 'specpipeline' 'specpipeline_ln0' <Predicate = true> <Delay = 0.00>
ST_1 : Operation 8 [1/1] (0.00ns)   --->   "%specloopname_ln29 = specloopname void @_ssdm_op_SpecLoopName, void @empty_9" [../rtl_kernel_wizard_0_cmodel.cpp:29]   --->   Operation 8 'specloopname' 'specloopname_ln29' <Predicate = true> <Delay = 0.00>
ST_1 : Operation 9 [1/1] (0.00ns)   --->   "%empty = read i641 @_ssdm_op_Read.axis.volatile.i512P0A.i64P0A.i64P0A.i1P0A, i512 %axisDDRin_V_data_V, i64 %axisDDRin_V_keep_V, i64 %axisDDRin_V_strb_V, i1 %axisDDRin_V_last_V"   --->   Operation 9 'read' 'empty' <Predicate = true> <Delay = 0.00> <CoreInst = "axis">   --->   Core 123 'axis' <Latency = 0> <II = 1> <Delay = 1.00> <Adapter> <Opcode : >
ST_1 : Operation 10 [1/1] (0.00ns)   --->   "%tmp_data_V = extractvalue i641 %empty"   --->   Operation 10 'extractvalue' 'tmp_data_V' <Predicate = true> <Delay = 0.00>
ST_1 : Operation 11 [1/1] (0.00ns)   --->   "%tmp_keep_V = extractvalue i641 %empty"   --->   Operation 11 'extractvalue' 'tmp_keep_V' <Predicate = true> <Delay = 0.00>
ST_1 : Operation 12 [1/1] (0.00ns)   --->   "%tmp_last_V = extractvalue i641 %empty"   --->   Operation 12 'extractvalue' 'tmp_last_V' <Predicate = true> <Delay = 0.00>
ST_1 : Operation 13 [1/1] (0.00ns)   --->   "%trunc_ln674 = trunc i512 %tmp_data_V"   --->   Operation 13 'trunc' 'trunc_ln674' <Predicate = true> <Delay = 0.00>
ST_1 : Operation 14 [1/1] (0.88ns)   --->   "%add_ln232 = add i32 %trunc_ln674, i32 1"   --->   Operation 14 'add' 'add_ln232' <Predicate = true> <Delay = 0.88> <CoreInst = "Adder">   --->   Core 1 'Adder' <Latency = 0> <II = 1> <Delay = 0.88> <FuncUnit> <Opcode : 'add' 'sub'> <InPorts = 2> <OutPorts = 1>
ST_1 : Operation 15 [1/1] (0.00ns)   --->   "%p_Result_4_1 = partselect i32 @_ssdm_op_PartSelect.i32.i512.i32.i32, i512 %tmp_data_V, i32 32, i32 63"   --->   Operation 15 'partselect' 'p_Result_4_1' <Predicate = true> <Delay = 0.00>
ST_1 : Operation 16 [1/1] (0.88ns)   --->   "%add_ln232_1 = add i32 %p_Result_4_1, i32 1"   --->   Operation 16 'add' 'add_ln232_1' <Predicate = true> <Delay = 0.88> <CoreInst = "Adder">   --->   Core 1 'Adder' <Latency = 0> <II = 1> <Delay = 0.88> <FuncUnit> <Opcode : 'add' 'sub'> <InPorts = 2> <OutPorts = 1>
ST_1 : Operation 17 [1/1] (0.00ns)   --->   "%p_Result_4_2 = partselect i32 @_ssdm_op_PartSelect.i32.i512.i32.i32, i512 %tmp_data_V, i32 64, i32 95"   --->   Operation 17 'partselect' 'p_Result_4_2' <Predicate = true> <Delay = 0.00>
ST_1 : Operation 18 [1/1] (0.88ns)   --->   "%add_ln232_2 = add i32 %p_Result_4_2, i32 1"   --->   Operation 18 'add' 'add_ln232_2' <Predicate = true> <Delay = 0.88> <CoreInst = "Adder">   --->   Core 1 'Adder' <Latency = 0> <II = 1> <Delay = 0.88> <FuncUnit> <Opcode : 'add' 'sub'> <InPorts = 2> <OutPorts = 1>
ST_1 : Operation 19 [1/1] (0.00ns)   --->   "%p_Result_4_3 = partselect i32 @_ssdm_op_PartSelect.i32.i512.i32.i32, i512 %tmp_data_V, i32 96, i32 127"   --->   Operation 19 'partselect' 'p_Result_4_3' <Predicate = true> <Delay = 0.00>
ST_1 : Operation 20 [1/1] (0.88ns)   --->   "%add_ln232_3 = add i32 %p_Result_4_3, i32 1"   --->   Operation 20 'add' 'add_ln232_3' <Predicate = true> <Delay = 0.88> <CoreInst = "Adder">   --->   Core 1 'Adder' <Latency = 0> <II = 1> <Delay = 0.88> <FuncUnit> <Opcode : 'add' 'sub'> <InPorts = 2> <OutPorts = 1>
ST_1 : Operation 21 [1/1] (0.00ns)   --->   "%p_Result_4_4 = partselect i32 @_ssdm_op_PartSelect.i32.i512.i32.i32, i512 %tmp_data_V, i32 128, i32 159"   --->   Operation 21 'partselect' 'p_Result_4_4' <Predicate = true> <Delay = 0.00>
ST_1 : Operation 22 [1/1] (0.88ns)   --->   "%add_ln232_4 = add i32 %p_Result_4_4, i32 1"   --->   Operation 22 'add' 'add_ln232_4' <Predicate = true> <Delay = 0.88> <CoreInst = "Adder">   --->   Core 1 'Adder' <Latency = 0> <II = 1> <Delay = 0.88> <FuncUnit> <Opcode : 'add' 'sub'> <InPorts = 2> <OutPorts = 1>
ST_1 : Operation 23 [1/1] (0.00ns)   --->   "%p_Result_4_5 = partselect i32 @_ssdm_op_PartSelect.i32.i512.i32.i32, i512 %tmp_data_V, i32 160, i32 191"   --->   Operation 23 'partselect' 'p_Result_4_5' <Predicate = true> <Delay = 0.00>
ST_1 : Operation 24 [1/1] (0.88ns)   --->   "%add_ln232_5 = add i32 %p_Result_4_5, i32 1"   --->   Operation 24 'add' 'add_ln232_5' <Predicate = true> <Delay = 0.88> <CoreInst = "Adder">   --->   Core 1 'Adder' <Latency = 0> <II = 1> <Delay = 0.88> <FuncUnit> <Opcode : 'add' 'sub'> <InPorts = 2> <OutPorts = 1>
ST_1 : Operation 25 [1/1] (0.00ns)   --->   "%p_Result_4_6 = partselect i32 @_ssdm_op_PartSelect.i32.i512.i32.i32, i512 %tmp_data_V, i32 192, i32 223"   --->   Operation 25 'partselect' 'p_Result_4_6' <Predicate = true> <Delay = 0.00>
ST_1 : Operation 26 [1/1] (0.88ns)   --->   "%add_ln232_6 = add i32 %p_Result_4_6, i32 1"   --->   Operation 26 'add' 'add_ln232_6' <Predicate = true> <Delay = 0.88> <CoreInst = "Adder">   --->   Core 1 'Adder' <Latency = 0> <II = 1> <Delay = 0.88> <FuncUnit> <Opcode : 'add' 'sub'> <InPorts = 2> <OutPorts = 1>
ST_1 : Operation 27 [1/1] (0.00ns)   --->   "%p_Result_4_7 = partselect i32 @_ssdm_op_PartSelect.i32.i512.i32.i32, i512 %tmp_data_V, i32 224, i32 255"   --->   Operation 27 'partselect' 'p_Result_4_7' <Predicate = true> <Delay = 0.00>
ST_1 : Operation 28 [1/1] (0.88ns)   --->   "%add_ln232_7 = add i32 %p_Result_4_7, i32 1"   --->   Operation 28 'add' 'add_ln232_7' <Predicate = true> <Delay = 0.88> <CoreInst = "Adder">   --->   Core 1 'Adder' <Latency = 0> <II = 1> <Delay = 0.88> <FuncUnit> <Opcode : 'add' 'sub'> <InPorts = 2> <OutPorts = 1>
ST_1 : Operation 29 [1/1] (0.00ns)   --->   "%p_Result_4_8 = partselect i32 @_ssdm_op_PartSelect.i32.i512.i32.i32, i512 %tmp_data_V, i32 256, i32 287"   --->   Operation 29 'partselect' 'p_Result_4_8' <Predicate = true> <Delay = 0.00>
ST_1 : Operation 30 [1/1] (0.88ns)   --->   "%add_ln232_8 = add i32 %p_Result_4_8, i32 1"   --->   Operation 30 'add' 'add_ln232_8' <Predicate = true> <Delay = 0.88> <CoreInst = "Adder">   --->   Core 1 'Adder' <Latency = 0> <II = 1> <Delay = 0.88> <FuncUnit> <Opcode : 'add' 'sub'> <InPorts = 2> <OutPorts = 1>
ST_1 : Operation 31 [1/1] (0.00ns)   --->   "%p_Result_4_9 = partselect i32 @_ssdm_op_PartSelect.i32.i512.i32.i32, i512 %tmp_data_V, i32 288, i32 319"   --->   Operation 31 'partselect' 'p_Result_4_9' <Predicate = true> <Delay = 0.00>
ST_1 : Operation 32 [1/1] (0.88ns)   --->   "%add_ln232_9 = add i32 %p_Result_4_9, i32 1"   --->   Operation 32 'add' 'add_ln232_9' <Predicate = true> <Delay = 0.88> <CoreInst = "Adder">   --->   Core 1 'Adder' <Latency = 0> <II = 1> <Delay = 0.88> <FuncUnit> <Opcode : 'add' 'sub'> <InPorts = 2> <OutPorts = 1>
ST_1 : Operation 33 [1/1] (0.00ns)   --->   "%p_Result_4_s = partselect i32 @_ssdm_op_PartSelect.i32.i512.i32.i32, i512 %tmp_data_V, i32 320, i32 351"   --->   Operation 33 'partselect' 'p_Result_4_s' <Predicate = true> <Delay = 0.00>
ST_1 : Operation 34 [1/1] (0.88ns)   --->   "%add_ln232_10 = add i32 %p_Result_4_s, i32 1"   --->   Operation 34 'add' 'add_ln232_10' <Predicate = true> <Delay = 0.88> <CoreInst = "Adder">   --->   Core 1 'Adder' <Latency = 0> <II = 1> <Delay = 0.88> <FuncUnit> <Opcode : 'add' 'sub'> <InPorts = 2> <OutPorts = 1>
ST_1 : Operation 35 [1/1] (0.00ns)   --->   "%p_Result_4_10 = partselect i32 @_ssdm_op_PartSelect.i32.i512.i32.i32, i512 %tmp_data_V, i32 352, i32 383"   --->   Operation 35 'partselect' 'p_Result_4_10' <Predicate = true> <Delay = 0.00>
ST_1 : Operation 36 [1/1] (0.88ns)   --->   "%add_ln232_11 = add i32 %p_Result_4_10, i32 1"   --->   Operation 36 'add' 'add_ln232_11' <Predicate = true> <Delay = 0.88> <CoreInst = "Adder">   --->   Core 1 'Adder' <Latency = 0> <II = 1> <Delay = 0.88> <FuncUnit> <Opcode : 'add' 'sub'> <InPorts = 2> <OutPorts = 1>
ST_1 : Operation 37 [1/1] (0.00ns)   --->   "%p_Result_4_11 = partselect i32 @_ssdm_op_PartSelect.i32.i512.i32.i32, i512 %tmp_data_V, i32 384, i32 415"   --->   Operation 37 'partselect' 'p_Result_4_11' <Predicate = true> <Delay = 0.00>
ST_1 : Operation 38 [1/1] (0.88ns)   --->   "%add_ln232_12 = add i32 %p_Result_4_11, i32 1"   --->   Operation 38 'add' 'add_ln232_12' <Predicate = true> <Delay = 0.88> <CoreInst = "Adder">   --->   Core 1 'Adder' <Latency = 0> <II = 1> <Delay = 0.88> <FuncUnit> <Opcode : 'add' 'sub'> <InPorts = 2> <OutPorts = 1>
ST_1 : Operation 39 [1/1] (0.00ns)   --->   "%p_Result_4_12 = partselect i32 @_ssdm_op_PartSelect.i32.i512.i32.i32, i512 %tmp_data_V, i32 416, i32 447"   --->   Operation 39 'partselect' 'p_Result_4_12' <Predicate = true> <Delay = 0.00>
ST_1 : Operation 40 [1/1] (0.88ns)   --->   "%add_ln232_13 = add i32 %p_Result_4_12, i32 1"   --->   Operation 40 'add' 'add_ln232_13' <Predicate = true> <Delay = 0.88> <CoreInst = "Adder">   --->   Core 1 'Adder' <Latency = 0> <II = 1> <Delay = 0.88> <FuncUnit> <Opcode : 'add' 'sub'> <InPorts = 2> <OutPorts = 1>
ST_1 : Operation 41 [1/1] (0.00ns)   --->   "%p_Result_4_13 = partselect i32 @_ssdm_op_PartSelect.i32.i512.i32.i32, i512 %tmp_data_V, i32 448, i32 479"   --->   Operation 41 'partselect' 'p_Result_4_13' <Predicate = true> <Delay = 0.00>
ST_1 : Operation 42 [1/1] (0.88ns)   --->   "%add_ln232_14 = add i32 %p_Result_4_13, i32 1"   --->   Operation 42 'add' 'add_ln232_14' <Predicate = true> <Delay = 0.88> <CoreInst = "Adder">   --->   Core 1 'Adder' <Latency = 0> <II = 1> <Delay = 0.88> <FuncUnit> <Opcode : 'add' 'sub'> <InPorts = 2> <OutPorts = 1>
ST_1 : Operation 43 [1/1] (0.00ns)   --->   "%p_Result_4_14 = partselect i32 @_ssdm_op_PartSelect.i32.i512.i32.i32, i512 %tmp_data_V, i32 480, i32 511"   --->   Operation 43 'partselect' 'p_Result_4_14' <Predicate = true> <Delay = 0.00>
ST_1 : Operation 44 [1/1] (0.88ns)   --->   "%add_ln232_15 = add i32 %p_Result_4_14, i32 1"   --->   Operation 44 'add' 'add_ln232_15' <Predicate = true> <Delay = 0.88> <CoreInst = "Adder">   --->   Core 1 'Adder' <Latency = 0> <II = 1> <Delay = 0.88> <FuncUnit> <Opcode : 'add' 'sub'> <InPorts = 2> <OutPorts = 1>
ST_1 : Operation 45 [1/1] (0.00ns)   --->   "%p_0 = bitconcatenate i512 @_ssdm_op_BitConcatenate.i512.i32.i32.i32.i32.i32.i32.i32.i32.i32.i32.i32.i32.i32.i32.i32.i32, i32 %add_ln232_15, i32 %add_ln232_14, i32 %add_ln232_13, i32 %add_ln232_12, i32 %add_ln232_11, i32 %add_ln232_10, i32 %add_ln232_9, i32 %add_ln232_8, i32 %add_ln232_7, i32 %add_ln232_6, i32 %add_ln232_5, i32 %add_ln232_4, i32 %add_ln232_3, i32 %add_ln232_2, i32 %add_ln232_1, i32 %add_ln232"   --->   Operation 45 'bitconcatenate' 'p_0' <Predicate = true> <Delay = 0.00>
ST_1 : Operation 46 [1/1] (0.00ns)   --->   "%write_ln304 = write void @_ssdm_op_Write.axis.volatile.i512P0A.i64P0A.i64P0A.i1P0A, i512 %axisDDRout_V_data_V, i64 %axisDDRout_V_keep_V, i64 %axisDDRout_V_strb_V, i1 %axisDDRout_V_last_V, i512 %p_0, i64 %tmp_keep_V, i64 0, i1 %tmp_last_V"   --->   Operation 46 'write' 'write_ln304' <Predicate = true> <Delay = 0.00> <CoreInst = "axis">   --->   Core 123 'axis' <Latency = 0> <II = 1> <Delay = 1.00> <Adapter> <Opcode : >
ST_1 : Operation 47 [1/1] (0.00ns)   --->   "%br_ln96 = br i1 %tmp_last_V, void %while.body.i38, void %_Z20example_stream_plus1ILi512ELi512ELi0ELi0ELi0EEvRN3hls6streamINS0_4axisI7ap_uintIXT_EEXT1_EXT2_EXT3_EEELi0EEERNS1_INS2_IS3_IXT0_EEXT1_EXT2_EXT3_EEELi0EEEj.exit.exitStub" [../rtl_kernel_wizard_0_cmodel.cpp:96]   --->   Operation 47 'br' 'br_ln96' <Predicate = true> <Delay = 0.00>
ST_1 : Operation 48 [1/1] (0.00ns)   --->   "%ret_ln0 = ret"   --->   Operation 48 'ret' 'ret_ln0' <Predicate = (tmp_last_V)> <Delay = 0.00>


============================================================
+ Verbose Summary: Binding
============================================================
STG Binding: 
---------------- STG Properties BEGIN ----------------
- Is combinational: 0
- Is one-state seq: 0
- Is datapath-only: 0
- Is pipelined: 0
- Is top level: 0
Port [ Return ] is wired: 1; IO mode=ap_ctrl_hs:ce=0
Port [ axisDDRin_V_data_V]:  wired=1; compound=1; hidden=0; nouse=0; global=0; static=0; extern=0; dir=0; type=0; pingpong=0; private_global=0; IO mode=axis:ce=0
Port [ axisDDRin_V_keep_V]:  wired=1; compound=1; hidden=0; nouse=0; global=0; static=0; extern=0; dir=0; type=0; pingpong=0; private_global=0; IO mode=axis:ce=0
Port [ axisDDRin_V_strb_V]:  wired=1; compound=1; hidden=0; nouse=0; global=0; static=0; extern=0; dir=0; type=0; pingpong=0; private_global=0; IO mode=axis:ce=0
Port [ axisDDRin_V_last_V]:  wired=1; compound=1; hidden=0; nouse=0; global=0; static=0; extern=0; dir=0; type=0; pingpong=0; private_global=0; IO mode=axis:ce=0
Port [ axisDDRout_V_data_V]:  wired=1; compound=1; hidden=0; nouse=0; global=0; static=0; extern=0; dir=1; type=0; pingpong=0; private_global=0; IO mode=axis:ce=0
Port [ axisDDRout_V_keep_V]:  wired=1; compound=1; hidden=0; nouse=0; global=0; static=0; extern=0; dir=1; type=0; pingpong=0; private_global=0; IO mode=axis:ce=0
Port [ axisDDRout_V_strb_V]:  wired=1; compound=1; hidden=0; nouse=0; global=0; static=0; extern=0; dir=1; type=0; pingpong=0; private_global=0; IO mode=axis:ce=0
Port [ axisDDRout_V_last_V]:  wired=1; compound=1; hidden=0; nouse=0; global=0; static=0; extern=0; dir=1; type=0; pingpong=0; private_global=0; IO mode=axis:ce=0
---------------- STG Properties END ------------------

---------------- Datapath Model BEGIN ----------------

<LifeTime>
<method=bitvector/>
specinterface_ln0 (specinterface ) [ 00]
specinterface_ln0 (specinterface ) [ 00]
br_ln0            (br            ) [ 00]
specpipeline_ln0  (specpipeline  ) [ 00]
specloopname_ln29 (specloopname  ) [ 00]
empty             (read          ) [ 00]
tmp_data_V        (extractvalue  ) [ 00]
tmp_keep_V        (extractvalue  ) [ 00]
tmp_last_V        (extractvalue  ) [ 01]
trunc_ln674       (trunc         ) [ 00]
add_ln232         (add           ) [ 00]
p_Result_4_1      (partselect    ) [ 00]
add_ln232_1       (add           ) [ 00]
p_Result_4_2      (partselect    ) [ 00]
add_ln232_2       (add           ) [ 00]
p_Result_4_3      (partselect    ) [ 00]
add_ln232_3       (add           ) [ 00]
p_Result_4_4      (partselect    ) [ 00]
add_ln232_4       (add           ) [ 00]
p_Result_4_5      (partselect    ) [ 00]
add_ln232_5       (add           ) [ 00]
p_Result_4_6      (partselect    ) [ 00]
add_ln232_6       (add           ) [ 00]
p_Result_4_7      (partselect    ) [ 00]
add_ln232_7       (add           ) [ 00]
p_Result_4_8      (partselect    ) [ 00]
add_ln232_8       (add           ) [ 00]
p_Result_4_9      (partselect    ) [ 00]
add_ln232_9       (add           ) [ 00]
p_Result_4_s      (partselect    ) [ 00]
add_ln232_10      (add           ) [ 00]
p_Result_4_10     (partselect    ) [ 00]
add_ln232_11      (add           ) [ 00]
p_Result_4_11     (partselect    ) [ 00]
add_ln232_12      (add           ) [ 00]
p_Result_4_12     (partselect    ) [ 00]
add_ln232_13      (add           ) [ 00]
p_Result_4_13     (partselect    ) [ 00]
add_ln232_14      (add           ) [ 00]
p_Result_4_14     (partselect    ) [ 00]
add_ln232_15      (add           ) [ 00]
p_0               (bitconcatenate) [ 00]
write_ln304       (write         ) [ 00]
br_ln96           (br            ) [ 00]
ret_ln0           (ret           ) [ 00]
</LifeTime>

<model>

<comp_list>
<comp id="0" class="1000" name="axisDDRin_V_data_V">
<pin_list>
<pin id="1" dir="1" index="0" bw="1" slack="0"/>
</pin_list>
<bind>
<StgValue><ssdm name="axisDDRin_V_data_V"/></StgValue>
</bind>
</comp>

<comp id="2" class="1000" name="axisDDRin_V_keep_V">
<pin_list>
<pin id="3" dir="1" index="0" bw="1" slack="0"/>
</pin_list>
<bind>
<StgValue><ssdm name="axisDDRin_V_keep_V"/></StgValue>
</bind>
</comp>

<comp id="4" class="1000" name="axisDDRin_V_strb_V">
<pin_list>
<pin id="5" dir="1" index="0" bw="1" slack="0"/>
</pin_list>
<bind>
<StgValue><ssdm name="axisDDRin_V_strb_V"/></StgValue>
</bind>
</comp>

<comp id="6" class="1000" name="axisDDRin_V_last_V">
<pin_list>
<pin id="7" dir="1" index="0" bw="1" slack="0"/>
</pin_list>
<bind>
<StgValue><ssdm name="axisDDRin_V_last_V"/></StgValue>
</bind>
</comp>

<comp id="8" class="1000" name="axisDDRout_V_data_V">
<pin_list>
<pin id="9" dir="1" index="0" bw="1" slack="0"/>
</pin_list>
<bind>
<StgValue><ssdm name="axisDDRout_V_data_V"/></StgValue>
</bind>
</comp>

<comp id="10" class="1000" name="axisDDRout_V_keep_V">
<pin_list>
<pin id="11" dir="1" index="0" bw="1" slack="0"/>
</pin_list>
<bind>
<StgValue><ssdm name="axisDDRout_V_keep_V"/></StgValue>
</bind>
</comp>

<comp id="12" class="1000" name="axisDDRout_V_strb_V">
<pin_list>
<pin id="13" dir="1" index="0" bw="1" slack="0"/>
</pin_list>
<bind>
<StgValue><ssdm name="axisDDRout_V_strb_V"/></StgValue>
</bind>
</comp>

<comp id="14" class="1000" name="axisDDRout_V_last_V">
<pin_list>
<pin id="15" dir="1" index="0" bw="1" slack="0"/>
</pin_list>
<bind>
<StgValue><ssdm name="axisDDRout_V_last_V"/></StgValue>
</bind>
</comp>

<comp id="16" class="1001" name="const_16">
<pin_list>
<pin id="17" dir="1" index="0" bw="1" slack="2147483647"/>
</pin_list>
<bind>
<StgValue><ssdm name="_ssdm_op_SpecInterface"/></StgValue>
</bind>
</comp>

<comp id="18" class="1001" name="const_18">
<pin_list>
<pin id="19" dir="1" index="0" bw="1" slack="2147483647"/>
</pin_list>
<bind>
<StgValue><ssdm name="empty_5"/></StgValue>
</bind>
</comp>

<comp id="20" class="1001" name="const_20">
<pin_list>
<pin id="21" dir="1" index="0" bw="1" slack="2147483647"/>
</pin_list>
<bind>
<StgValue><ssdm name=""/></StgValue>
</bind>
</comp>

<comp id="22" class="1001" name="const_22">
<pin_list>
<pin id="23" dir="1" index="0" bw="1" slack="2147483647"/>
</pin_list>
<bind>
<StgValue><ssdm name="empty_6"/></StgValue>
</bind>
</comp>

<comp id="24" class="1001" name="const_24">
<pin_list>
<pin id="25" dir="1" index="0" bw="1" slack="2147483647"/>
</pin_list>
<bind>
<StgValue><ssdm name="empty_0"/></StgValue>
</bind>
</comp>

<comp id="26" class="1001" name="const_26">
<pin_list>
<pin id="27" dir="1" index="0" bw="1" slack="2147483647"/>
</pin_list>
<bind>
<StgValue><ssdm name=""/></StgValue>
</bind>
</comp>

<comp id="28" class="1001" name="const_28">
<pin_list>
<pin id="29" dir="1" index="0" bw="1" slack="2147483647"/>
</pin_list>
<bind>
<StgValue><ssdm name="_ssdm_op_SpecPipeline"/></StgValue>
</bind>
</comp>

<comp id="30" class="1001" name="const_30">
<pin_list>
<pin id="31" dir="1" index="0" bw="1" slack="0"/>
</pin_list>
<bind>
<StgValue><ssdm name=""/></StgValue>
</bind>
</comp>

<comp id="32" class="1001" name="const_32">
<pin_list>
<pin id="33" dir="1" index="0" bw="1" slack="2147483647"/>
</pin_list>
<bind>
<StgValue><ssdm name="p_str"/></StgValue>
</bind>
</comp>

<comp id="34" class="1001" name="const_34">
<pin_list>
<pin id="35" dir="1" index="0" bw="1" slack="2147483647"/>
</pin_list>
<bind>
<StgValue><ssdm name="_ssdm_op_SpecLoopName"/></StgValue>
</bind>
</comp>

<comp id="36" class="1001" name="const_36">
<pin_list>
<pin id="37" dir="1" index="0" bw="1" slack="2147483647"/>
</pin_list>
<bind>
<StgValue><ssdm name="empty_9"/></StgValue>
</bind>
</comp>

<comp id="38" class="1001" name="const_38">
<pin_list>
<pin id="39" dir="1" index="0" bw="1" slack="0"/>
</pin_list>
<bind>
<StgValue><ssdm name="_ssdm_op_Read.axis.volatile.i512P0A.i64P0A.i64P0A.i1P0A"/></StgValue>
</bind>
</comp>

<comp id="40" class="1001" name="const_40">
<pin_list>
<pin id="41" dir="1" index="0" bw="1" slack="0"/>
</pin_list>
<bind>
<StgValue><ssdm name="_ssdm_op_PartSelect.i32.i512.i32.i32"/></StgValue>
</bind>
</comp>

<comp id="42" class="1001" name="const_42">
<pin_list>
<pin id="43" dir="1" index="0" bw="1" slack="0"/>
</pin_list>
<bind>
<StgValue><ssdm name=""/></StgValue>
</bind>
</comp>

<comp id="44" class="1001" name="const_44">
<pin_list>
<pin id="45" dir="1" index="0" bw="1" slack="0"/>
</pin_list>
<bind>
<StgValue><ssdm name=""/></StgValue>
</bind>
</comp>

<comp id="46" class="1001" name="const_46">
<pin_list>
<pin id="47" dir="1" index="0" bw="1" slack="0"/>
</pin_list>
<bind>
<StgValue><ssdm name=""/></StgValue>
</bind>
</comp>

<comp id="48" class="1001" name="const_48">
<pin_list>
<pin id="49" dir="1" index="0" bw="1" slack="0"/>
</pin_list>
<bind>
<StgValue><ssdm name=""/></StgValue>
</bind>
</comp>

<comp id="50" class="1001" name="const_50">
<pin_list>
<pin id="51" dir="1" index="0" bw="1" slack="0"/>
</pin_list>
<bind>
<StgValue><ssdm name=""/></StgValue>
</bind>
</comp>

<comp id="52" class="1001" name="const_52">
<pin_list>
<pin id="53" dir="1" index="0" bw="1" slack="0"/>
</pin_list>
<bind>
<StgValue><ssdm name=""/></StgValue>
</bind>
</comp>

<comp id="54" class="1001" name="const_54">
<pin_list>
<pin id="55" dir="1" index="0" bw="1" slack="0"/>
</pin_list>
<bind>
<StgValue><ssdm name=""/></StgValue>
</bind>
</comp>

<comp id="56" class="1001" name="const_56">
<pin_list>
<pin id="57" dir="1" index="0" bw="1" slack="0"/>
</pin_list>
<bind>
<StgValue><ssdm name=""/></StgValue>
</bind>
</comp>

<comp id="58" class="1001" name="const_58">
<pin_list>
<pin id="59" dir="1" index="0" bw="1" slack="0"/>
</pin_list>
<bind>
<StgValue><ssdm name=""/></StgValue>
</bind>
</comp>

<comp id="60" class="1001" name="const_60">
<pin_list>
<pin id="61" dir="1" index="0" bw="1" slack="0"/>
</pin_list>
<bind>
<StgValue><ssdm name=""/></StgValue>
</bind>
</comp>

<comp id="62" class="1001" name="const_62">
<pin_list>
<pin id="63" dir="1" index="0" bw="1" slack="0"/>
</pin_list>
<bind>
<StgValue><ssdm name=""/></StgValue>
</bind>
</comp>

<comp id="64" class="1001" name="const_64">
<pin_list>
<pin id="65" dir="1" index="0" bw="1" slack="0"/>
</pin_list>
<bind>
<StgValue><ssdm name=""/></StgValue>
</bind>
</comp>

<comp id="66" class="1001" name="const_66">
<pin_list>
<pin id="67" dir="1" index="0" bw="1" slack="0"/>
</pin_list>
<bind>
<StgValue><ssdm name=""/></StgValue>
</bind>
</comp>

<comp id="68" class="1001" name="const_68">
<pin_list>
<pin id="69" dir="1" index="0" bw="1" slack="0"/>
</pin_list>
<bind>
<StgValue><ssdm name=""/></StgValue>
</bind>
</comp>

<comp id="70" class="1001" name="const_70">
<pin_list>
<pin id="71" dir="1" index="0" bw="1" slack="0"/>
</pin_list>
<bind>
<StgValue><ssdm name=""/></StgValue>
</bind>
</comp>

<comp id="72" class="1001" name="const_72">
<pin_list>
<pin id="73" dir="1" index="0" bw="1" slack="0"/>
</pin_list>
<bind>
<StgValue><ssdm name=""/></StgValue>
</bind>
</comp>

<comp id="74" class="1001" name="const_74">
<pin_list>
<pin id="75" dir="1" index="0" bw="1" slack="0"/>
</pin_list>
<bind>
<StgValue><ssdm name=""/></StgValue>
</bind>
</comp>

<comp id="76" class="1001" name="const_76">
<pin_list>
<pin id="77" dir="1" index="0" bw="1" slack="0"/>
</pin_list>
<bind>
<StgValue><ssdm name=""/></StgValue>
</bind>
</comp>

<comp id="78" class="1001" name="const_78">
<pin_list>
<pin id="79" dir="1" index="0" bw="1" slack="0"/>
</pin_list>
<bind>
<StgValue><ssdm name=""/></StgValue>
</bind>
</comp>

<comp id="80" class="1001" name="const_80">
<pin_list>
<pin id="81" dir="1" index="0" bw="1" slack="0"/>
</pin_list>
<bind>
<StgValue><ssdm name=""/></StgValue>
</bind>
</comp>

<comp id="82" class="1001" name="const_82">
<pin_list>
<pin id="83" dir="1" index="0" bw="1" slack="0"/>
</pin_list>
<bind>
<StgValue><ssdm name=""/></StgValue>
</bind>
</comp>

<comp id="84" class="1001" name="const_84">
<pin_list>
<pin id="85" dir="1" index="0" bw="1" slack="0"/>
</pin_list>
<bind>
<StgValue><ssdm name=""/></StgValue>
</bind>
</comp>

<comp id="86" class="1001" name="const_86">
<pin_list>
<pin id="87" dir="1" index="0" bw="1" slack="0"/>
</pin_list>
<bind>
<StgValue><ssdm name=""/></StgValue>
</bind>
</comp>

<comp id="88" class="1001" name="const_88">
<pin_list>
<pin id="89" dir="1" index="0" bw="1" slack="0"/>
</pin_list>
<bind>
<StgValue><ssdm name=""/></StgValue>
</bind>
</comp>

<comp id="90" class="1001" name="const_90">
<pin_list>
<pin id="91" dir="1" index="0" bw="1" slack="0"/>
</pin_list>
<bind>
<StgValue><ssdm name=""/></StgValue>
</bind>
</comp>

<comp id="92" class="1001" name="const_92">
<pin_list>
<pin id="93" dir="1" index="0" bw="1" slack="0"/>
</pin_list>
<bind>
<StgValue><ssdm name=""/></StgValue>
</bind>
</comp>

<comp id="94" class="1001" name="const_94">
<pin_list>
<pin id="95" dir="1" index="0" bw="1" slack="0"/>
</pin_list>
<bind>
<StgValue><ssdm name=""/></StgValue>
</bind>
</comp>

<comp id="96" class="1001" name="const_96">
<pin_list>
<pin id="97" dir="1" index="0" bw="1" slack="0"/>
</pin_list>
<bind>
<StgValue><ssdm name=""/></StgValue>
</bind>
</comp>

<comp id="98" class="1001" name="const_98">
<pin_list>
<pin id="99" dir="1" index="0" bw="1" slack="0"/>
</pin_list>
<bind>
<StgValue><ssdm name=""/></StgValue>
</bind>
</comp>

<comp id="100" class="1001" name="const_100">
<pin_list>
<pin id="101" dir="1" index="0" bw="1" slack="0"/>
</pin_list>
<bind>
<StgValue><ssdm name=""/></StgValue>
</bind>
</comp>

<comp id="102" class="1001" name="const_102">
<pin_list>
<pin id="103" dir="1" index="0" bw="1" slack="0"/>
</pin_list>
<bind>
<StgValue><ssdm name="_ssdm_op_BitConcatenate.i512.i32.i32.i32.i32.i32.i32.i32.i32.i32.i32.i32.i32.i32.i32.i32.i32"/></StgValue>
</bind>
</comp>

<comp id="104" class="1001" name="const_104">
<pin_list>
<pin id="105" dir="1" index="0" bw="1" slack="0"/>
</pin_list>
<bind>
<StgValue><ssdm name="_ssdm_op_Write.axis.volatile.i512P0A.i64P0A.i64P0A.i1P0A"/></StgValue>
</bind>
</comp>

<comp id="106" class="1001" name="const_106">
<pin_list>
<pin id="107" dir="1" index="0" bw="1" slack="0"/>
</pin_list>
<bind>
<StgValue><ssdm name=""/></StgValue>
</bind>
</comp>

<comp id="108" class="1004" name="empty_read_fu_108">
<pin_list>
<pin id="109" dir="0" index="0" bw="641" slack="0"/>
<pin id="110" dir="0" index="1" bw="512" slack="0"/>
<pin id="111" dir="0" index="2" bw="64" slack="0"/>
<pin id="112" dir="0" index="3" bw="64" slack="0"/>
<pin id="113" dir="0" index="4" bw="1" slack="0"/>
<pin id="114" dir="1" index="5" bw="641" slack="0"/>
</pin_list>
<bind>
<opcode="read(1150) " fcode="read"/>
<opset="empty/1 "/>
</bind>
</comp>

<comp id="120" class="1004" name="write_ln304_write_fu_120">
<pin_list>
<pin id="121" dir="0" index="0" bw="0" slack="0"/>
<pin id="122" dir="0" index="1" bw="512" slack="0"/>
<pin id="123" dir="0" index="2" bw="64" slack="0"/>
<pin id="124" dir="0" index="3" bw="64" slack="0"/>
<pin id="125" dir="0" index="4" bw="1" slack="0"/>
<pin id="126" dir="0" index="5" bw="512" slack="0"/>
<pin id="127" dir="0" index="6" bw="64" slack="0"/>
<pin id="128" dir="0" index="7" bw="1" slack="0"/>
<pin id="129" dir="0" index="8" bw="1" slack="0"/>
<pin id="130" dir="1" index="9" bw="0" slack="2147483647"/>
</pin_list>
<bind>
<opcode="write(1151) " fcode="write"/>
<opset="write_ln304/1 "/>
</bind>
</comp>

<comp id="137" class="1004" name="tmp_data_V_fu_137">
<pin_list>
<pin id="138" dir="0" index="0" bw="641" slack="0"/>
<pin id="139" dir="1" index="1" bw="512" slack="0"/>
</pin_list>
<bind>
<opcode="extractvalue(56) " fcode="extractvalue"/>
<opset="tmp_data_V/1 "/>
</bind>
</comp>

<comp id="141" class="1004" name="tmp_keep_V_fu_141">
<pin_list>
<pin id="142" dir="0" index="0" bw="641" slack="0"/>
<pin id="143" dir="1" index="1" bw="64" slack="0"/>
</pin_list>
<bind>
<opcode="extractvalue(56) " fcode="extractvalue"/>
<opset="tmp_keep_V/1 "/>
</bind>
</comp>

<comp id="146" class="1004" name="tmp_last_V_fu_146">
<pin_list>
<pin id="147" dir="0" index="0" bw="641" slack="0"/>
<pin id="148" dir="1" index="1" bw="1" slack="0"/>
</pin_list>
<bind>
<opcode="extractvalue(56) " fcode="extractvalue"/>
<opset="tmp_last_V/1 "/>
</bind>
</comp>

<comp id="151" class="1004" name="trunc_ln674_fu_151">
<pin_list>
<pin id="152" dir="0" index="0" bw="512" slack="0"/>
<pin id="153" dir="1" index="1" bw="32" slack="0"/>
</pin_list>
<bind>
<opcode="trunc(33) " fcode="trunc"/>
<opset="trunc_ln674/1 "/>
</bind>
</comp>

<comp id="155" class="1004" name="add_ln232_fu_155">
<pin_list>
<pin id="156" dir="0" index="0" bw="32" slack="0"/>
<pin id="157" dir="0" index="1" bw="1" slack="0"/>
<pin id="158" dir="1" index="2" bw="32" slack="0"/>
</pin_list>
<bind>
<opcode="add(8) " fcode="add"/>
<opset="add_ln232/1 "/>
</bind>
</comp>

<comp id="161" class="1004" name="p_Result_4_1_fu_161">
<pin_list>
<pin id="162" dir="0" index="0" bw="32" slack="0"/>
<pin id="163" dir="0" index="1" bw="512" slack="0"/>
<pin id="164" dir="0" index="2" bw="7" slack="0"/>
<pin id="165" dir="0" index="3" bw="7" slack="0"/>
<pin id="166" dir="1" index="4" bw="32" slack="0"/>
</pin_list>
<bind>
<opcode="partselect(1002) " fcode="partselect"/>
<opset="p_Result_4_1/1 "/>
</bind>
</comp>

<comp id="171" class="1004" name="add_ln232_1_fu_171">
<pin_list>
<pin id="172" dir="0" index="0" bw="32" slack="0"/>
<pin id="173" dir="0" index="1" bw="1" slack="0"/>
<pin id="174" dir="1" index="2" bw="32" slack="0"/>
</pin_list>
<bind>
<opcode="add(8) " fcode="add"/>
<opset="add_ln232_1/1 "/>
</bind>
</comp>

<comp id="177" class="1004" name="p_Result_4_2_fu_177">
<pin_list>
<pin id="178" dir="0" index="0" bw="32" slack="0"/>
<pin id="179" dir="0" index="1" bw="512" slack="0"/>
<pin id="180" dir="0" index="2" bw="8" slack="0"/>
<pin id="181" dir="0" index="3" bw="8" slack="0"/>
<pin id="182" dir="1" index="4" bw="32" slack="0"/>
</pin_list>
<bind>
<opcode="partselect(1002) " fcode="partselect"/>
<opset="p_Result_4_2/1 "/>
</bind>
</comp>

<comp id="187" class="1004" name="add_ln232_2_fu_187">
<pin_list>
<pin id="188" dir="0" index="0" bw="32" slack="0"/>
<pin id="189" dir="0" index="1" bw="1" slack="0"/>
<pin id="190" dir="1" index="2" bw="32" slack="0"/>
</pin_list>
<bind>
<opcode="add(8) " fcode="add"/>
<opset="add_ln232_2/1 "/>
</bind>
</comp>

<comp id="193" class="1004" name="p_Result_4_3_fu_193">
<pin_list>
<pin id="194" dir="0" index="0" bw="32" slack="0"/>
<pin id="195" dir="0" index="1" bw="512" slack="0"/>
<pin id="196" dir="0" index="2" bw="8" slack="0"/>
<pin id="197" dir="0" index="3" bw="8" slack="0"/>
<pin id="198" dir="1" index="4" bw="32" slack="0"/>
</pin_list>
<bind>
<opcode="partselect(1002) " fcode="partselect"/>
<opset="p_Result_4_3/1 "/>
</bind>
</comp>

<comp id="203" class="1004" name="add_ln232_3_fu_203">
<pin_list>
<pin id="204" dir="0" index="0" bw="32" slack="0"/>
<pin id="205" dir="0" index="1" bw="1" slack="0"/>
<pin id="206" dir="1" index="2" bw="32" slack="0"/>
</pin_list>
<bind>
<opcode="add(8) " fcode="add"/>
<opset="add_ln232_3/1 "/>
</bind>
</comp>

<comp id="209" class="1004" name="p_Result_4_4_fu_209">
<pin_list>
<pin id="210" dir="0" index="0" bw="32" slack="0"/>
<pin id="211" dir="0" index="1" bw="512" slack="0"/>
<pin id="212" dir="0" index="2" bw="9" slack="0"/>
<pin id="213" dir="0" index="3" bw="9" slack="0"/>
<pin id="214" dir="1" index="4" bw="32" slack="0"/>
</pin_list>
<bind>
<opcode="partselect(1002) " fcode="partselect"/>
<opset="p_Result_4_4/1 "/>
</bind>
</comp>

<comp id="219" class="1004" name="add_ln232_4_fu_219">
<pin_list>
<pin id="220" dir="0" index="0" bw="32" slack="0"/>
<pin id="221" dir="0" index="1" bw="1" slack="0"/>
<pin id="222" dir="1" index="2" bw="32" slack="0"/>
</pin_list>
<bind>
<opcode="add(8) " fcode="add"/>
<opset="add_ln232_4/1 "/>
</bind>
</comp>

<comp id="225" class="1004" name="p_Result_4_5_fu_225">
<pin_list>
<pin id="226" dir="0" index="0" bw="32" slack="0"/>
<pin id="227" dir="0" index="1" bw="512" slack="0"/>
<pin id="228" dir="0" index="2" bw="9" slack="0"/>
<pin id="229" dir="0" index="3" bw="9" slack="0"/>
<pin id="230" dir="1" index="4" bw="32" slack="0"/>
</pin_list>
<bind>
<opcode="partselect(1002) " fcode="partselect"/>
<opset="p_Result_4_5/1 "/>
</bind>
</comp>

<comp id="235" class="1004" name="add_ln232_5_fu_235">
<pin_list>
<pin id="236" dir="0" index="0" bw="32" slack="0"/>
<pin id="237" dir="0" index="1" bw="1" slack="0"/>
<pin id="238" dir="1" index="2" bw="32" slack="0"/>
</pin_list>
<bind>
<opcode="add(8) " fcode="add"/>
<opset="add_ln232_5/1 "/>
</bind>
</comp>

<comp id="241" class="1004" name="p_Result_4_6_fu_241">
<pin_list>
<pin id="242" dir="0" index="0" bw="32" slack="0"/>
<pin id="243" dir="0" index="1" bw="512" slack="0"/>
<pin id="244" dir="0" index="2" bw="9" slack="0"/>
<pin id="245" dir="0" index="3" bw="9" slack="0"/>
<pin id="246" dir="1" index="4" bw="32" slack="0"/>
</pin_list>
<bind>
<opcode="partselect(1002) " fcode="partselect"/>
<opset="p_Result_4_6/1 "/>
</bind>
</comp>

<comp id="251" class="1004" name="add_ln232_6_fu_251">
<pin_list>
<pin id="252" dir="0" index="0" bw="32" slack="0"/>
<pin id="253" dir="0" index="1" bw="1" slack="0"/>
<pin id="254" dir="1" index="2" bw="32" slack="0"/>
</pin_list>
<bind>
<opcode="add(8) " fcode="add"/>
<opset="add_ln232_6/1 "/>
</bind>
</comp>

<comp id="257" class="1004" name="p_Result_4_7_fu_257">
<pin_list>
<pin id="258" dir="0" index="0" bw="32" slack="0"/>
<pin id="259" dir="0" index="1" bw="512" slack="0"/>
<pin id="260" dir="0" index="2" bw="9" slack="0"/>
<pin id="261" dir="0" index="3" bw="9" slack="0"/>
<pin id="262" dir="1" index="4" bw="32" slack="0"/>
</pin_list>
<bind>
<opcode="partselect(1002) " fcode="partselect"/>
<opset="p_Result_4_7/1 "/>
</bind>
</comp>

<comp id="267" class="1004" name="add_ln232_7_fu_267">
<pin_list>
<pin id="268" dir="0" index="0" bw="32" slack="0"/>
<pin id="269" dir="0" index="1" bw="1" slack="0"/>
<pin id="270" dir="1" index="2" bw="32" slack="0"/>
</pin_list>
<bind>
<opcode="add(8) " fcode="add"/>
<opset="add_ln232_7/1 "/>
</bind>
</comp>

<comp id="273" class="1004" name="p_Result_4_8_fu_273">
<pin_list>
<pin id="274" dir="0" index="0" bw="32" slack="0"/>
<pin id="275" dir="0" index="1" bw="512" slack="0"/>
<pin id="276" dir="0" index="2" bw="10" slack="0"/>
<pin id="277" dir="0" index="3" bw="10" slack="0"/>
<pin id="278" dir="1" index="4" bw="32" slack="0"/>
</pin_list>
<bind>
<opcode="partselect(1002) " fcode="partselect"/>
<opset="p_Result_4_8/1 "/>
</bind>
</comp>

<comp id="283" class="1004" name="add_ln232_8_fu_283">
<pin_list>
<pin id="284" dir="0" index="0" bw="32" slack="0"/>
<pin id="285" dir="0" index="1" bw="1" slack="0"/>
<pin id="286" dir="1" index="2" bw="32" slack="0"/>
</pin_list>
<bind>
<opcode="add(8) " fcode="add"/>
<opset="add_ln232_8/1 "/>
</bind>
</comp>

<comp id="289" class="1004" name="p_Result_4_9_fu_289">
<pin_list>
<pin id="290" dir="0" index="0" bw="32" slack="0"/>
<pin id="291" dir="0" index="1" bw="512" slack="0"/>
<pin id="292" dir="0" index="2" bw="10" slack="0"/>
<pin id="293" dir="0" index="3" bw="10" slack="0"/>
<pin id="294" dir="1" index="4" bw="32" slack="0"/>
</pin_list>
<bind>
<opcode="partselect(1002) " fcode="partselect"/>
<opset="p_Result_4_9/1 "/>
</bind>
</comp>

<comp id="299" class="1004" name="add_ln232_9_fu_299">
<pin_list>
<pin id="300" dir="0" index="0" bw="32" slack="0"/>
<pin id="301" dir="0" index="1" bw="1" slack="0"/>
<pin id="302" dir="1" index="2" bw="32" slack="0"/>
</pin_list>
<bind>
<opcode="add(8) " fcode="add"/>
<opset="add_ln232_9/1 "/>
</bind>
</comp>

<comp id="305" class="1004" name="p_Result_4_s_fu_305">
<pin_list>
<pin id="306" dir="0" index="0" bw="32" slack="0"/>
<pin id="307" dir="0" index="1" bw="512" slack="0"/>
<pin id="308" dir="0" index="2" bw="10" slack="0"/>
<pin id="309" dir="0" index="3" bw="10" slack="0"/>
<pin id="310" dir="1" index="4" bw="32" slack="0"/>
</pin_list>
<bind>
<opcode="partselect(1002) " fcode="partselect"/>
<opset="p_Result_4_s/1 "/>
</bind>
</comp>

<comp id="315" class="1004" name="add_ln232_10_fu_315">
<pin_list>
<pin id="316" dir="0" index="0" bw="32" slack="0"/>
<pin id="317" dir="0" index="1" bw="1" slack="0"/>
<pin id="318" dir="1" index="2" bw="32" slack="0"/>
</pin_list>
<bind>
<opcode="add(8) " fcode="add"/>
<opset="add_ln232_10/1 "/>
</bind>
</comp>

<comp id="321" class="1004" name="p_Result_4_10_fu_321">
<pin_list>
<pin id="322" dir="0" index="0" bw="32" slack="0"/>
<pin id="323" dir="0" index="1" bw="512" slack="0"/>
<pin id="324" dir="0" index="2" bw="10" slack="0"/>
<pin id="325" dir="0" index="3" bw="10" slack="0"/>
<pin id="326" dir="1" index="4" bw="32" slack="0"/>
</pin_list>
<bind>
<opcode="partselect(1002) " fcode="partselect"/>
<opset="p_Result_4_10/1 "/>
</bind>
</comp>

<comp id="331" class="1004" name="add_ln232_11_fu_331">
<pin_list>
<pin id="332" dir="0" index="0" bw="32" slack="0"/>
<pin id="333" dir="0" index="1" bw="1" slack="0"/>
<pin id="334" dir="1" index="2" bw="32" slack="0"/>
</pin_list>
<bind>
<opcode="add(8) " fcode="add"/>
<opset="add_ln232_11/1 "/>
</bind>
</comp>

<comp id="337" class="1004" name="p_Result_4_11_fu_337">
<pin_list>
<pin id="338" dir="0" index="0" bw="32" slack="0"/>
<pin id="339" dir="0" index="1" bw="512" slack="0"/>
<pin id="340" dir="0" index="2" bw="10" slack="0"/>
<pin id="341" dir="0" index="3" bw="10" slack="0"/>
<pin id="342" dir="1" index="4" bw="32" slack="0"/>
</pin_list>
<bind>
<opcode="partselect(1002) " fcode="partselect"/>
<opset="p_Result_4_11/1 "/>
</bind>
</comp>

<comp id="347" class="1004" name="add_ln232_12_fu_347">
<pin_list>
<pin id="348" dir="0" index="0" bw="32" slack="0"/>
<pin id="349" dir="0" index="1" bw="1" slack="0"/>
<pin id="350" dir="1" index="2" bw="32" slack="0"/>
</pin_list>
<bind>
<opcode="add(8) " fcode="add"/>
<opset="add_ln232_12/1 "/>
</bind>
</comp>

<comp id="353" class="1004" name="p_Result_4_12_fu_353">
<pin_list>
<pin id="354" dir="0" index="0" bw="32" slack="0"/>
<pin id="355" dir="0" index="1" bw="512" slack="0"/>
<pin id="356" dir="0" index="2" bw="10" slack="0"/>
<pin id="357" dir="0" index="3" bw="10" slack="0"/>
<pin id="358" dir="1" index="4" bw="32" slack="0"/>
</pin_list>
<bind>
<opcode="partselect(1002) " fcode="partselect"/>
<opset="p_Result_4_12/1 "/>
</bind>
</comp>

<comp id="363" class="1004" name="add_ln232_13_fu_363">
<pin_list>
<pin id="364" dir="0" index="0" bw="32" slack="0"/>
<pin id="365" dir="0" index="1" bw="1" slack="0"/>
<pin id="366" dir="1" index="2" bw="32" slack="0"/>
</pin_list>
<bind>
<opcode="add(8) " fcode="add"/>
<opset="add_ln232_13/1 "/>
</bind>
</comp>

<comp id="369" class="1004" name="p_Result_4_13_fu_369">
<pin_list>
<pin id="370" dir="0" index="0" bw="32" slack="0"/>
<pin id="371" dir="0" index="1" bw="512" slack="0"/>
<pin id="372" dir="0" index="2" bw="10" slack="0"/>
<pin id="373" dir="0" index="3" bw="10" slack="0"/>
<pin id="374" dir="1" index="4" bw="32" slack="0"/>
</pin_list>
<bind>
<opcode="partselect(1002) " fcode="partselect"/>
<opset="p_Result_4_13/1 "/>
</bind>
</comp>

<comp id="379" class="1004" name="add_ln232_14_fu_379">
<pin_list>
<pin id="380" dir="0" index="0" bw="32" slack="0"/>
<pin id="381" dir="0" index="1" bw="1" slack="0"/>
<pin id="382" dir="1" index="2" bw="32" slack="0"/>
</pin_list>
<bind>
<opcode="add(8) " fcode="add"/>
<opset="add_ln232_14/1 "/>
</bind>
</comp>

<comp id="385" class="1004" name="p_Result_4_14_fu_385">
<pin_list>
<pin id="386" dir="0" index="0" bw="32" slack="0"/>
<pin id="387" dir="0" index="1" bw="512" slack="0"/>
<pin id="388" dir="0" index="2" bw="10" slack="0"/>
<pin id="389" dir="0" index="3" bw="10" slack="0"/>
<pin id="390" dir="1" index="4" bw="32" slack="0"/>
</pin_list>
<bind>
<opcode="partselect(1002) " fcode="partselect"/>
<opset="p_Result_4_14/1 "/>
</bind>
</comp>

<comp id="395" class="1004" name="add_ln232_15_fu_395">
<pin_list>
<pin id="396" dir="0" index="0" bw="32" slack="0"/>
<pin id="397" dir="0" index="1" bw="1" slack="0"/>
<pin id="398" dir="1" index="2" bw="32" slack="0"/>
</pin_list>
<bind>
<opcode="add(8) " fcode="add"/>
<opset="add_ln232_15/1 "/>
</bind>
</comp>

<comp id="401" class="1004" name="p_0_fu_401">
<pin_list>
<pin id="402" dir="0" index="0" bw="512" slack="0"/>
<pin id="403" dir="0" index="1" bw="32" slack="0"/>
<pin id="404" dir="0" index="2" bw="32" slack="0"/>
<pin id="405" dir="0" index="3" bw="32" slack="0"/>
<pin id="406" dir="0" index="4" bw="32" slack="0"/>
<pin id="407" dir="0" index="5" bw="32" slack="0"/>
<pin id="408" dir="0" index="6" bw="32" slack="0"/>
<pin id="409" dir="0" index="7" bw="32" slack="0"/>
<pin id="410" dir="0" index="8" bw="32" slack="0"/>
<pin id="411" dir="0" index="9" bw="32" slack="0"/>
<pin id="412" dir="0" index="10" bw="32" slack="0"/>
<pin id="413" dir="0" index="11" bw="32" slack="0"/>
<pin id="414" dir="0" index="12" bw="32" slack="0"/>
<pin id="415" dir="0" index="13" bw="32" slack="0"/>
<pin id="416" dir="0" index="14" bw="32" slack="0"/>
<pin id="417" dir="0" index="15" bw="32" slack="0"/>
<pin id="418" dir="0" index="16" bw="32" slack="0"/>
<pin id="419" dir="1" index="17" bw="512" slack="0"/>
</pin_list>
<bind>
<opcode="bitconcatenate(1004) " fcode="bitconcatenate"/>
<opset="p_0/1 "/>
</bind>
</comp>

</comp_list>

<net_list>
<net id="115"><net_src comp="38" pin="0"/><net_sink comp="108" pin=0"/></net>

<net id="116"><net_src comp="0" pin="0"/><net_sink comp="108" pin=1"/></net>

<net id="117"><net_src comp="2" pin="0"/><net_sink comp="108" pin=2"/></net>

<net id="118"><net_src comp="4" pin="0"/><net_sink comp="108" pin=3"/></net>

<net id="119"><net_src comp="6" pin="0"/><net_sink comp="108" pin=4"/></net>

<net id="131"><net_src comp="104" pin="0"/><net_sink comp="120" pin=0"/></net>

<net id="132"><net_src comp="8" pin="0"/><net_sink comp="120" pin=1"/></net>

<net id="133"><net_src comp="10" pin="0"/><net_sink comp="120" pin=2"/></net>

<net id="134"><net_src comp="12" pin="0"/><net_sink comp="120" pin=3"/></net>

<net id="135"><net_src comp="14" pin="0"/><net_sink comp="120" pin=4"/></net>

<net id="136"><net_src comp="106" pin="0"/><net_sink comp="120" pin=7"/></net>

<net id="140"><net_src comp="108" pin="5"/><net_sink comp="137" pin=0"/></net>

<net id="144"><net_src comp="108" pin="5"/><net_sink comp="141" pin=0"/></net>

<net id="145"><net_src comp="141" pin="1"/><net_sink comp="120" pin=6"/></net>

<net id="149"><net_src comp="108" pin="5"/><net_sink comp="146" pin=0"/></net>

<net id="150"><net_src comp="146" pin="1"/><net_sink comp="120" pin=8"/></net>

<net id="154"><net_src comp="137" pin="1"/><net_sink comp="151" pin=0"/></net>

<net id="159"><net_src comp="151" pin="1"/><net_sink comp="155" pin=0"/></net>

<net id="160"><net_src comp="30" pin="0"/><net_sink comp="155" pin=1"/></net>

<net id="167"><net_src comp="40" pin="0"/><net_sink comp="161" pin=0"/></net>

<net id="168"><net_src comp="137" pin="1"/><net_sink comp="161" pin=1"/></net>

<net id="169"><net_src comp="42" pin="0"/><net_sink comp="161" pin=2"/></net>

<net id="170"><net_src comp="44" pin="0"/><net_sink comp="161" pin=3"/></net>

<net id="175"><net_src comp="161" pin="4"/><net_sink comp="171" pin=0"/></net>

<net id="176"><net_src comp="30" pin="0"/><net_sink comp="171" pin=1"/></net>

<net id="183"><net_src comp="40" pin="0"/><net_sink comp="177" pin=0"/></net>

<net id="184"><net_src comp="137" pin="1"/><net_sink comp="177" pin=1"/></net>

<net id="185"><net_src comp="46" pin="0"/><net_sink comp="177" pin=2"/></net>

<net id="186"><net_src comp="48" pin="0"/><net_sink comp="177" pin=3"/></net>

<net id="191"><net_src comp="177" pin="4"/><net_sink comp="187" pin=0"/></net>

<net id="192"><net_src comp="30" pin="0"/><net_sink comp="187" pin=1"/></net>

<net id="199"><net_src comp="40" pin="0"/><net_sink comp="193" pin=0"/></net>

<net id="200"><net_src comp="137" pin="1"/><net_sink comp="193" pin=1"/></net>

<net id="201"><net_src comp="50" pin="0"/><net_sink comp="193" pin=2"/></net>

<net id="202"><net_src comp="52" pin="0"/><net_sink comp="193" pin=3"/></net>

<net id="207"><net_src comp="193" pin="4"/><net_sink comp="203" pin=0"/></net>

<net id="208"><net_src comp="30" pin="0"/><net_sink comp="203" pin=1"/></net>

<net id="215"><net_src comp="40" pin="0"/><net_sink comp="209" pin=0"/></net>

<net id="216"><net_src comp="137" pin="1"/><net_sink comp="209" pin=1"/></net>

<net id="217"><net_src comp="54" pin="0"/><net_sink comp="209" pin=2"/></net>

<net id="218"><net_src comp="56" pin="0"/><net_sink comp="209" pin=3"/></net>

<net id="223"><net_src comp="209" pin="4"/><net_sink comp="219" pin=0"/></net>

<net id="224"><net_src comp="30" pin="0"/><net_sink comp="219" pin=1"/></net>

<net id="231"><net_src comp="40" pin="0"/><net_sink comp="225" pin=0"/></net>

<net id="232"><net_src comp="137" pin="1"/><net_sink comp="225" pin=1"/></net>

<net id="233"><net_src comp="58" pin="0"/><net_sink comp="225" pin=2"/></net>

<net id="234"><net_src comp="60" pin="0"/><net_sink comp="225" pin=3"/></net>

<net id="239"><net_src comp="225" pin="4"/><net_sink comp="235" pin=0"/></net>

<net id="240"><net_src comp="30" pin="0"/><net_sink comp="235" pin=1"/></net>

<net id="247"><net_src comp="40" pin="0"/><net_sink comp="241" pin=0"/></net>

<net id="248"><net_src comp="137" pin="1"/><net_sink comp="241" pin=1"/></net>

<net id="249"><net_src comp="62" pin="0"/><net_sink comp="241" pin=2"/></net>

<net id="250"><net_src comp="64" pin="0"/><net_sink comp="241" pin=3"/></net>

<net id="255"><net_src comp="241" pin="4"/><net_sink comp="251" pin=0"/></net>

<net id="256"><net_src comp="30" pin="0"/><net_sink comp="251" pin=1"/></net>

<net id="263"><net_src comp="40" pin="0"/><net_sink comp="257" pin=0"/></net>

<net id="264"><net_src comp="137" pin="1"/><net_sink comp="257" pin=1"/></net>

<net id="265"><net_src comp="66" pin="0"/><net_sink comp="257" pin=2"/></net>

<net id="266"><net_src comp="68" pin="0"/><net_sink comp="257" pin=3"/></net>

<net id="271"><net_src comp="257" pin="4"/><net_sink comp="267" pin=0"/></net>

<net id="272"><net_src comp="30" pin="0"/><net_sink comp="267" pin=1"/></net>

<net id="279"><net_src comp="40" pin="0"/><net_sink comp="273" pin=0"/></net>

<net id="280"><net_src comp="137" pin="1"/><net_sink comp="273" pin=1"/></net>

<net id="281"><net_src comp="70" pin="0"/><net_sink comp="273" pin=2"/></net>

<net id="282"><net_src comp="72" pin="0"/><net_sink comp="273" pin=3"/></net>

<net id="287"><net_src comp="273" pin="4"/><net_sink comp="283" pin=0"/></net>

<net id="288"><net_src comp="30" pin="0"/><net_sink comp="283" pin=1"/></net>

<net id="295"><net_src comp="40" pin="0"/><net_sink comp="289" pin=0"/></net>

<net id="296"><net_src comp="137" pin="1"/><net_sink comp="289" pin=1"/></net>

<net id="297"><net_src comp="74" pin="0"/><net_sink comp="289" pin=2"/></net>

<net id="298"><net_src comp="76" pin="0"/><net_sink comp="289" pin=3"/></net>

<net id="303"><net_src comp="289" pin="4"/><net_sink comp="299" pin=0"/></net>

<net id="304"><net_src comp="30" pin="0"/><net_sink comp="299" pin=1"/></net>

<net id="311"><net_src comp="40" pin="0"/><net_sink comp="305" pin=0"/></net>

<net id="312"><net_src comp="137" pin="1"/><net_sink comp="305" pin=1"/></net>

<net id="313"><net_src comp="78" pin="0"/><net_sink comp="305" pin=2"/></net>

<net id="314"><net_src comp="80" pin="0"/><net_sink comp="305" pin=3"/></net>

<net id="319"><net_src comp="305" pin="4"/><net_sink comp="315" pin=0"/></net>

<net id="320"><net_src comp="30" pin="0"/><net_sink comp="315" pin=1"/></net>

<net id="327"><net_src comp="40" pin="0"/><net_sink comp="321" pin=0"/></net>

<net id="328"><net_src comp="137" pin="1"/><net_sink comp="321" pin=1"/></net>

<net id="329"><net_src comp="82" pin="0"/><net_sink comp="321" pin=2"/></net>

<net id="330"><net_src comp="84" pin="0"/><net_sink comp="321" pin=3"/></net>

<net id="335"><net_src comp="321" pin="4"/><net_sink comp="331" pin=0"/></net>

<net id="336"><net_src comp="30" pin="0"/><net_sink comp="331" pin=1"/></net>

<net id="343"><net_src comp="40" pin="0"/><net_sink comp="337" pin=0"/></net>

<net id="344"><net_src comp="137" pin="1"/><net_sink comp="337" pin=1"/></net>

<net id="345"><net_src comp="86" pin="0"/><net_sink comp="337" pin=2"/></net>

<net id="346"><net_src comp="88" pin="0"/><net_sink comp="337" pin=3"/></net>

<net id="351"><net_src comp="337" pin="4"/><net_sink comp="347" pin=0"/></net>

<net id="352"><net_src comp="30" pin="0"/><net_sink comp="347" pin=1"/></net>

<net id="359"><net_src comp="40" pin="0"/><net_sink comp="353" pin=0"/></net>

<net id="360"><net_src comp="137" pin="1"/><net_sink comp="353" pin=1"/></net>

<net id="361"><net_src comp="90" pin="0"/><net_sink comp="353" pin=2"/></net>

<net id="362"><net_src comp="92" pin="0"/><net_sink comp="353" pin=3"/></net>

<net id="367"><net_src comp="353" pin="4"/><net_sink comp="363" pin=0"/></net>

<net id="368"><net_src comp="30" pin="0"/><net_sink comp="363" pin=1"/></net>

<net id="375"><net_src comp="40" pin="0"/><net_sink comp="369" pin=0"/></net>

<net id="376"><net_src comp="137" pin="1"/><net_sink comp="369" pin=1"/></net>

<net id="377"><net_src comp="94" pin="0"/><net_sink comp="369" pin=2"/></net>

<net id="378"><net_src comp="96" pin="0"/><net_sink comp="369" pin=3"/></net>

<net id="383"><net_src comp="369" pin="4"/><net_sink comp="379" pin=0"/></net>

<net id="384"><net_src comp="30" pin="0"/><net_sink comp="379" pin=1"/></net>

<net id="391"><net_src comp="40" pin="0"/><net_sink comp="385" pin=0"/></net>

<net id="392"><net_src comp="137" pin="1"/><net_sink comp="385" pin=1"/></net>

<net id="393"><net_src comp="98" pin="0"/><net_sink comp="385" pin=2"/></net>

<net id="394"><net_src comp="100" pin="0"/><net_sink comp="385" pin=3"/></net>

<net id="399"><net_src comp="385" pin="4"/><net_sink comp="395" pin=0"/></net>

<net id="400"><net_src comp="30" pin="0"/><net_sink comp="395" pin=1"/></net>

<net id="420"><net_src comp="102" pin="0"/><net_sink comp="401" pin=0"/></net>

<net id="421"><net_src comp="395" pin="2"/><net_sink comp="401" pin=1"/></net>

<net id="422"><net_src comp="379" pin="2"/><net_sink comp="401" pin=2"/></net>

<net id="423"><net_src comp="363" pin="2"/><net_sink comp="401" pin=3"/></net>

<net id="424"><net_src comp="347" pin="2"/><net_sink comp="401" pin=4"/></net>

<net id="425"><net_src comp="331" pin="2"/><net_sink comp="401" pin=5"/></net>

<net id="426"><net_src comp="315" pin="2"/><net_sink comp="401" pin=6"/></net>

<net id="427"><net_src comp="299" pin="2"/><net_sink comp="401" pin=7"/></net>

<net id="428"><net_src comp="283" pin="2"/><net_sink comp="401" pin=8"/></net>

<net id="429"><net_src comp="267" pin="2"/><net_sink comp="401" pin=9"/></net>

<net id="430"><net_src comp="251" pin="2"/><net_sink comp="401" pin=10"/></net>

<net id="431"><net_src comp="235" pin="2"/><net_sink comp="401" pin=11"/></net>

<net id="432"><net_src comp="219" pin="2"/><net_sink comp="401" pin=12"/></net>

<net id="433"><net_src comp="203" pin="2"/><net_sink comp="401" pin=13"/></net>

<net id="434"><net_src comp="187" pin="2"/><net_sink comp="401" pin=14"/></net>

<net id="435"><net_src comp="171" pin="2"/><net_sink comp="401" pin=15"/></net>

<net id="436"><net_src comp="155" pin="2"/><net_sink comp="401" pin=16"/></net>

<net id="437"><net_src comp="401" pin="17"/><net_sink comp="120" pin=5"/></net>

</net_list>

</model> 
---------------- Datapath Model END ------------------

* FSMD analyzer results:
  - Output states:
	Port: axisDDRout_V_data_V | {1 }
	Port: axisDDRout_V_keep_V | {1 }
	Port: axisDDRout_V_strb_V | {1 }
	Port: axisDDRout_V_last_V | {1 }
 - Input state : 
	Port: rtl_kernel_wizard_0_Pipeline_VITIS_LOOP_96_11 : axisDDRin_V_data_V | {1 }
	Port: rtl_kernel_wizard_0_Pipeline_VITIS_LOOP_96_11 : axisDDRin_V_keep_V | {1 }
	Port: rtl_kernel_wizard_0_Pipeline_VITIS_LOOP_96_11 : axisDDRin_V_strb_V | {1 }
	Port: rtl_kernel_wizard_0_Pipeline_VITIS_LOOP_96_11 : axisDDRin_V_last_V | {1 }
  - Chain level:
	State 1
		trunc_ln674 : 1
		add_ln232 : 2
		p_Result_4_1 : 1
		add_ln232_1 : 2
		p_Result_4_2 : 1
		add_ln232_2 : 2
		p_Result_4_3 : 1
		add_ln232_3 : 2
		p_Result_4_4 : 1
		add_ln232_4 : 2
		p_Result_4_5 : 1
		add_ln232_5 : 2
		p_Result_4_6 : 1
		add_ln232_6 : 2
		p_Result_4_7 : 1
		add_ln232_7 : 2
		p_Result_4_8 : 1
		add_ln232_8 : 2
		p_Result_4_9 : 1
		add_ln232_9 : 2
		p_Result_4_s : 1
		add_ln232_10 : 2
		p_Result_4_10 : 1
		add_ln232_11 : 2
		p_Result_4_11 : 1
		add_ln232_12 : 2
		p_Result_4_12 : 1
		add_ln232_13 : 2
		p_Result_4_13 : 1
		add_ln232_14 : 2
		p_Result_4_14 : 1
		add_ln232_15 : 2
		p_0 : 3
		write_ln304 : 4
		br_ln96 : 1


============================================================
+ Verbose Summary: Datapath Resource usage 
============================================================

* Functional unit list:
|----------|--------------------------|---------|---------|
| Operation|      Functional Unit     |    FF   |   LUT   |
|----------|--------------------------|---------|---------|
|          |     add_ln232_fu_155     |    0    |    39   |
|          |    add_ln232_1_fu_171    |    0    |    39   |
|          |    add_ln232_2_fu_187    |    0    |    39   |
|          |    add_ln232_3_fu_203    |    0    |    39   |
|          |    add_ln232_4_fu_219    |    0    |    39   |
|          |    add_ln232_5_fu_235    |    0    |    39   |
|          |    add_ln232_6_fu_251    |    0    |    39   |
|    add   |    add_ln232_7_fu_267    |    0    |    39   |
|          |    add_ln232_8_fu_283    |    0    |    39   |
|          |    add_ln232_9_fu_299    |    0    |    39   |
|          |    add_ln232_10_fu_315   |    0    |    39   |
|          |    add_ln232_11_fu_331   |    0    |    39   |
|          |    add_ln232_12_fu_347   |    0    |    39   |
|          |    add_ln232_13_fu_363   |    0    |    39   |
|          |    add_ln232_14_fu_379   |    0    |    39   |
|          |    add_ln232_15_fu_395   |    0    |    39   |
|----------|--------------------------|---------|---------|
|   read   |     empty_read_fu_108    |    0    |    0    |
|----------|--------------------------|---------|---------|
|   write  | write_ln304_write_fu_120 |    0    |    0    |
|----------|--------------------------|---------|---------|
|          |     tmp_data_V_fu_137    |    0    |    0    |
|extractvalue|     tmp_keep_V_fu_141    |    0    |    0    |
|          |     tmp_last_V_fu_146    |    0    |    0    |
|----------|--------------------------|---------|---------|
|   trunc  |    trunc_ln674_fu_151    |    0    |    0    |
|----------|--------------------------|---------|---------|
|          |    p_Result_4_1_fu_161   |    0    |    0    |
|          |    p_Result_4_2_fu_177   |    0    |    0    |
|          |    p_Result_4_3_fu_193   |    0    |    0    |
|          |    p_Result_4_4_fu_209   |    0    |    0    |
|          |    p_Result_4_5_fu_225   |    0    |    0    |
|          |    p_Result_4_6_fu_241   |    0    |    0    |
|          |    p_Result_4_7_fu_257   |    0    |    0    |
|partselect|    p_Result_4_8_fu_273   |    0    |    0    |
|          |    p_Result_4_9_fu_289   |    0    |    0    |
|          |    p_Result_4_s_fu_305   |    0    |    0    |
|          |   p_Result_4_10_fu_321   |    0    |    0    |
|          |   p_Result_4_11_fu_337   |    0    |    0    |
|          |   p_Result_4_12_fu_353   |    0    |    0    |
|          |   p_Result_4_13_fu_369   |    0    |    0    |
|          |   p_Result_4_14_fu_385   |    0    |    0    |
|----------|--------------------------|---------|---------|
|bitconcatenate|        p_0_fu_401        |    0    |    0    |
|----------|--------------------------|---------|---------|
|   Total  |                          |    0    |   624   |
|----------|--------------------------|---------|---------|

Memories:
N/A

* Register list:
N/A

* Multiplexer (MUX) list: 
|--------|------|------|------|--------|
|  Comp  |  Pin | Size |  BW  | S x BW |
|--------|------|------|------|--------|
|  Total |      |      |      |    0   |
|--------|------|------|------|--------|



* Summary:
+-----------+--------+--------+
|           |   FF   |   LUT  |
+-----------+--------+--------+
|  Function |    0   |   624  |
|   Memory  |    -   |    -   |
|Multiplexer|    -   |    -   |
|  Register |    -   |    -   |
+-----------+--------+--------+
|   Total   |    0   |   624  |
+-----------+--------+--------+
