
*** Running vivado
    with args -log LoadVerticesFIFO.vds -m64 -product Vivado -mode batch -messageDb vivado.pb -notrace -source LoadVerticesFIFO.tcl


****** Vivado v2022.1 (64-bit)
  **** SW Build 3526262 on Mon Apr 18 15:47:01 MDT 2022
  **** IP Build 3524634 on Mon Apr 18 20:55:01 MDT 2022
    ** Copyright 1986-2022 Xilinx, Inc. All Rights Reserved.

source LoadVerticesFIFO.tcl -notrace
WARNING: [Common 17-1361] You have specified a new message control rule that is equivalent to an existing rule with attributes ' -id {[BD 41-1306]}  -suppress '. The existing rule will be replaced.
WARNING: [Common 17-1361] You have specified a new message control rule that is equivalent to an existing rule with attributes ' -id {[BD 41-1271]}  -suppress '. The existing rule will be replaced.
WARNING: [Common 17-1361] You have specified a new message control rule that is equivalent to an existing rule with attributes ' -id {[BD 41-1271]}  -suppress '. The existing rule will be replaced.
WARNING: [Common 17-1361] You have specified a new message control rule that is equivalent to an existing rule with attributes ' -id {[BD 41-1306]}  -suppress '. The existing rule will be replaced.
WARNING: [Common 17-1361] You have specified a new message control rule that is equivalent to an existing rule with attributes ' -id {[BD 41-1271]}  -suppress '. The existing rule will be replaced.
WARNING: [Common 17-1361] You have specified a new message control rule that is equivalent to an existing rule with attributes ' -id {[BD 41-1306]}  -suppress '. The existing rule will be replaced.
WARNING: [Common 17-1361] You have specified a new message control rule that is equivalent to an existing rule with attributes ' -id {[BD 41-1271]}  -suppress '. The existing rule will be replaced.
WARNING: [Common 17-1361] You have specified a new message control rule that is equivalent to an existing rule with attributes ' -id {[BD 41-1306]}  -suppress '. The existing rule will be replaced.
WARNING: [Common 17-1361] You have specified a new message control rule that is equivalent to an existing rule with attributes ' -id {[BD 41-1271]}  -suppress '. The existing rule will be replaced.
WARNING: [Common 17-1361] You have specified a new message control rule that is equivalent to an existing rule with attributes ' -id {[BD 41-1306]}  -suppress '. The existing rule will be replaced.
WARNING: [Common 17-1361] You have specified a new message control rule that is equivalent to an existing rule with attributes ' -id {[BD 41-1271]}  -suppress '. The existing rule will be replaced.
WARNING: [Common 17-1361] You have specified a new message control rule that is equivalent to an existing rule with attributes ' -id {[BD 41-1306]}  -suppress '. The existing rule will be replaced.
WARNING: [Common 17-1361] You have specified a new message control rule that is equivalent to an existing rule with attributes ' -id {[BD 41-1306]}  -suppress '. The existing rule will be replaced.
WARNING: [Common 17-1361] You have specified a new message control rule that is equivalent to an existing rule with attributes ' -id {[BD 41-1271]}  -suppress '. The existing rule will be replaced.
WARNING: [Common 17-1361] You have specified a new message control rule that is equivalent to an existing rule with attributes ' -id {[BD 41-1306]}  -suppress '. The existing rule will be replaced.
WARNING: [Common 17-1361] You have specified a new message control rule that is equivalent to an existing rule with attributes ' -id {[BD 41-1271]}  -suppress '. The existing rule will be replaced.
WARNING: [Common 17-1361] You have specified a new message control rule that is equivalent to an existing rule with attributes ' -id {[BD 41-1306]}  -suppress '. The existing rule will be replaced.
WARNING: [Common 17-1361] You have specified a new message control rule that is equivalent to an existing rule with attributes ' -id {[BD 41-1271]}  -suppress '. The existing rule will be replaced.
WARNING: [Common 17-1361] You have specified a new message control rule that is equivalent to an existing rule with attributes ' -id {[BD 41-1271]}  -suppress '. The existing rule will be replaced.
WARNING: [Common 17-1361] You have specified a new message control rule that is equivalent to an existing rule with attributes ' -id {[BD 41-1306]}  -suppress '. The existing rule will be replaced.
WARNING: [Common 17-1361] You have specified a new message control rule that is equivalent to an existing rule with attributes ' -id {[BD 41-1271]}  -suppress '. The existing rule will be replaced.
WARNING: [Common 17-1361] You have specified a new message control rule that is equivalent to an existing rule with attributes ' -id {[BD 41-1306]}  -suppress '. The existing rule will be replaced.
WARNING: [Common 17-1361] You have specified a new message control rule that is equivalent to an existing rule with attributes ' -id {[BD 41-1271]}  -suppress '. The existing rule will be replaced.
WARNING: [Common 17-1361] You have specified a new message control rule that is equivalent to an existing rule with attributes ' -id {[BD 41-1306]}  -suppress '. The existing rule will be replaced.
INFO: [IP_Flow 19-234] Refreshing IP repositories
INFO: [IP_Flow 19-1700] Loaded user IP repository '/home/austin01/vivado/axi_engine'.
INFO: [IP_Flow 19-2313] Loaded Vivado IP repository '/home/austin01/Xilinx/Vivado/2022.1/data/ip'.
Command: synth_design -top LoadVerticesFIFO -part xcu280-fsvh2892-2L-e -incremental_mode off -mode out_of_context
Starting synth_design
Attempting to get a license for feature 'Synthesis' and/or device 'xcu280'
INFO: [Common 17-349] Got license for feature 'Synthesis' and/or device 'xcu280'
INFO: [Device 21-403] Loading part xcu280-fsvh2892-2L-e
INFO: [Synth 8-7079] Multithreading enabled for synth_design using a maximum of 4 processes.
INFO: [Synth 8-7078] Launching helper process for spawning children vivado processes
INFO: [Synth 8-7075] Helper process launched with PID 1548888
---------------------------------------------------------------------------------
Starting RTL Elaboration : Time (s): cpu = 00:00:04 ; elapsed = 00:00:05 . Memory (MB): peak = 3629.000 ; gain = 335.797 ; free physical = 44149 ; free virtual = 58968
---------------------------------------------------------------------------------
INFO: [Synth 8-638] synthesizing module 'LoadVerticesFIFO' [/home/austin01/vivado/rtl_kernel_wizard_0_ex/rtl_kernel_wizard_0_ex.gen/sources_1/ip/LoadVerticesFIFO/synth/LoadVerticesFIFO.vhd:76]
	Parameter C_COMMON_CLOCK bound to: 0 - type: integer 
	Parameter C_SELECT_XPM bound to: 0 - type: integer 
	Parameter C_COUNT_TYPE bound to: 0 - type: integer 
	Parameter C_DATA_COUNT_WIDTH bound to: 9 - type: integer 
	Parameter C_DEFAULT_VALUE bound to: BlankString - type: string 
	Parameter C_DIN_WIDTH bound to: 256 - type: integer 
	Parameter C_DOUT_RST_VAL bound to: 0 - type: string 
	Parameter C_DOUT_WIDTH bound to: 256 - type: integer 
	Parameter C_ENABLE_RLOCS bound to: 0 - type: integer 
	Parameter C_FAMILY bound to: virtexuplusHBM - type: string 
	Parameter C_FULL_FLAGS_RST_VAL bound to: 0 - type: integer 
	Parameter C_HAS_ALMOST_EMPTY bound to: 0 - type: integer 
	Parameter C_HAS_ALMOST_FULL bound to: 0 - type: integer 
	Parameter C_HAS_BACKUP bound to: 0 - type: integer 
	Parameter C_HAS_DATA_COUNT bound to: 0 - type: integer 
	Parameter C_HAS_INT_CLK bound to: 0 - type: integer 
	Parameter C_HAS_MEMINIT_FILE bound to: 0 - type: integer 
	Parameter C_HAS_OVERFLOW bound to: 0 - type: integer 
	Parameter C_HAS_RD_DATA_COUNT bound to: 0 - type: integer 
	Parameter C_HAS_RD_RST bound to: 0 - type: integer 
	Parameter C_HAS_RST bound to: 0 - type: integer 
	Parameter C_HAS_SRST bound to: 1 - type: integer 
	Parameter C_HAS_UNDERFLOW bound to: 0 - type: integer 
	Parameter C_HAS_VALID bound to: 0 - type: integer 
	Parameter C_HAS_WR_ACK bound to: 0 - type: integer 
	Parameter C_HAS_WR_DATA_COUNT bound to: 0 - type: integer 
	Parameter C_HAS_WR_RST bound to: 0 - type: integer 
	Parameter C_IMPLEMENTATION_TYPE bound to: 6 - type: integer 
	Parameter C_INIT_WR_PNTR_VAL bound to: 0 - type: integer 
	Parameter C_MEMORY_TYPE bound to: 4 - type: integer 
	Parameter C_MIF_FILE_NAME bound to: BlankString - type: string 
	Parameter C_OPTIMIZATION_MODE bound to: 0 - type: integer 
	Parameter C_OVERFLOW_LOW bound to: 0 - type: integer 
	Parameter C_PRELOAD_LATENCY bound to: 0 - type: integer 
	Parameter C_PRELOAD_REGS bound to: 1 - type: integer 
	Parameter C_PRIM_FIFO_TYPE bound to: 512x72 - type: string 
	Parameter C_PROG_EMPTY_THRESH_ASSERT_VAL bound to: 6 - type: integer 
	Parameter C_PROG_EMPTY_THRESH_NEGATE_VAL bound to: 7 - type: integer 
	Parameter C_PROG_EMPTY_TYPE bound to: 0 - type: integer 
	Parameter C_PROG_FULL_THRESH_ASSERT_VAL bound to: 511 - type: integer 
	Parameter C_PROG_FULL_THRESH_NEGATE_VAL bound to: 510 - type: integer 
	Parameter C_PROG_FULL_TYPE bound to: 1 - type: integer 
	Parameter C_RD_DATA_COUNT_WIDTH bound to: 9 - type: integer 
	Parameter C_RD_DEPTH bound to: 512 - type: integer 
	Parameter C_RD_FREQ bound to: 300 - type: integer 
	Parameter C_RD_PNTR_WIDTH bound to: 9 - type: integer 
	Parameter C_UNDERFLOW_LOW bound to: 0 - type: integer 
	Parameter C_USE_DOUT_RST bound to: 1 - type: integer 
	Parameter C_USE_ECC bound to: 0 - type: integer 
	Parameter C_USE_EMBEDDED_REG bound to: 1 - type: integer 
	Parameter C_USE_PIPELINE_REG bound to: 0 - type: integer 
	Parameter C_POWER_SAVING_MODE bound to: 0 - type: integer 
	Parameter C_USE_FIFO16_FLAGS bound to: 0 - type: integer 
	Parameter C_USE_FWFT_DATA_COUNT bound to: 0 - type: integer 
	Parameter C_VALID_LOW bound to: 0 - type: integer 
	Parameter C_WR_ACK_LOW bound to: 0 - type: integer 
	Parameter C_WR_DATA_COUNT_WIDTH bound to: 9 - type: integer 
	Parameter C_WR_DEPTH bound to: 512 - type: integer 
	Parameter C_WR_FREQ bound to: 250 - type: integer 
	Parameter C_WR_PNTR_WIDTH bound to: 9 - type: integer 
	Parameter C_WR_RESPONSE_LATENCY bound to: 1 - type: integer 
	Parameter C_MSGON_VAL bound to: 1 - type: integer 
	Parameter C_ENABLE_RST_SYNC bound to: 1 - type: integer 
	Parameter C_EN_SAFETY_CKT bound to: 0 - type: integer 
	Parameter C_ERROR_INJECTION_TYPE bound to: 0 - type: integer 
	Parameter C_SYNCHRONIZER_STAGE bound to: 2 - type: integer 
	Parameter C_INTERFACE_TYPE bound to: 0 - type: integer 
	Parameter C_AXI_TYPE bound to: 1 - type: integer 
	Parameter C_HAS_AXI_WR_CHANNEL bound to: 1 - type: integer 
	Parameter C_HAS_AXI_RD_CHANNEL bound to: 1 - type: integer 
	Parameter C_HAS_SLAVE_CE bound to: 0 - type: integer 
	Parameter C_HAS_MASTER_CE bound to: 0 - type: integer 
	Parameter C_ADD_NGC_CONSTRAINT bound to: 0 - type: integer 
	Parameter C_USE_COMMON_OVERFLOW bound to: 0 - type: integer 
	Parameter C_USE_COMMON_UNDERFLOW bound to: 0 - type: integer 
	Parameter C_USE_DEFAULT_SETTINGS bound to: 0 - type: integer 
	Parameter C_AXI_ID_WIDTH bound to: 1 - type: integer 
	Parameter C_AXI_ADDR_WIDTH bound to: 32 - type: integer 
	Parameter C_AXI_DATA_WIDTH bound to: 64 - type: integer 
	Parameter C_AXI_LEN_WIDTH bound to: 8 - type: integer 
	Parameter C_AXI_LOCK_WIDTH bound to: 1 - type: integer 
	Parameter C_HAS_AXI_ID bound to: 0 - type: integer 
	Parameter C_HAS_AXI_AWUSER bound to: 0 - type: integer 
	Parameter C_HAS_AXI_WUSER bound to: 0 - type: integer 
	Parameter C_HAS_AXI_BUSER bound to: 0 - type: integer 
	Parameter C_HAS_AXI_ARUSER bound to: 0 - type: integer 
	Parameter C_HAS_AXI_RUSER bound to: 0 - type: integer 
	Parameter C_AXI_ARUSER_WIDTH bound to: 1 - type: integer 
	Parameter C_AXI_AWUSER_WIDTH bound to: 1 - type: integer 
	Parameter C_AXI_WUSER_WIDTH bound to: 1 - type: integer 
	Parameter C_AXI_BUSER_WIDTH bound to: 1 - type: integer 
	Parameter C_AXI_RUSER_WIDTH bound to: 1 - type: integer 
	Parameter C_HAS_AXIS_TDATA bound to: 1 - type: integer 
	Parameter C_HAS_AXIS_TID bound to: 0 - type: integer 
	Parameter C_HAS_AXIS_TDEST bound to: 0 - type: integer 
	Parameter C_HAS_AXIS_TUSER bound to: 1 - type: integer 
	Parameter C_HAS_AXIS_TREADY bound to: 1 - type: integer 
	Parameter C_HAS_AXIS_TLAST bound to: 0 - type: integer 
	Parameter C_HAS_AXIS_TSTRB bound to: 0 - type: integer 
	Parameter C_HAS_AXIS_TKEEP bound to: 0 - type: integer 
	Parameter C_AXIS_TDATA_WIDTH bound to: 8 - type: integer 
	Parameter C_AXIS_TID_WIDTH bound to: 1 - type: integer 
	Parameter C_AXIS_TDEST_WIDTH bound to: 1 - type: integer 
	Parameter C_AXIS_TUSER_WIDTH bound to: 4 - type: integer 
	Parameter C_AXIS_TSTRB_WIDTH bound to: 1 - type: integer 
	Parameter C_AXIS_TKEEP_WIDTH bound to: 1 - type: integer 
	Parameter C_WACH_TYPE bound to: 0 - type: integer 
	Parameter C_WDCH_TYPE bound to: 0 - type: integer 
	Parameter C_WRCH_TYPE bound to: 0 - type: integer 
	Parameter C_RACH_TYPE bound to: 0 - type: integer 
	Parameter C_RDCH_TYPE bound to: 0 - type: integer 
	Parameter C_AXIS_TYPE bound to: 0 - type: integer 
	Parameter C_IMPLEMENTATION_TYPE_WACH bound to: 12 - type: integer 
	Parameter C_IMPLEMENTATION_TYPE_WDCH bound to: 11 - type: integer 
	Parameter C_IMPLEMENTATION_TYPE_WRCH bound to: 12 - type: integer 
	Parameter C_IMPLEMENTATION_TYPE_RACH bound to: 12 - type: integer 
	Parameter C_IMPLEMENTATION_TYPE_RDCH bound to: 11 - type: integer 
	Parameter C_IMPLEMENTATION_TYPE_AXIS bound to: 11 - type: integer 
	Parameter C_APPLICATION_TYPE_WACH bound to: 0 - type: integer 
	Parameter C_APPLICATION_TYPE_WDCH bound to: 0 - type: integer 
	Parameter C_APPLICATION_TYPE_WRCH bound to: 0 - type: integer 
	Parameter C_APPLICATION_TYPE_RACH bound to: 0 - type: integer 
	Parameter C_APPLICATION_TYPE_RDCH bound to: 0 - type: integer 
	Parameter C_APPLICATION_TYPE_AXIS bound to: 0 - type: integer 
	Parameter C_PRIM_FIFO_TYPE_WACH bound to: 512x36 - type: string 
	Parameter C_PRIM_FIFO_TYPE_WDCH bound to: 512x72 - type: string 
	Parameter C_PRIM_FIFO_TYPE_WRCH bound to: 512x36 - type: string 
	Parameter C_PRIM_FIFO_TYPE_RACH bound to: 512x36 - type: string 
	Parameter C_PRIM_FIFO_TYPE_RDCH bound to: 512x72 - type: string 
	Parameter C_PRIM_FIFO_TYPE_AXIS bound to: 1kx18 - type: string 
	Parameter C_USE_ECC_WACH bound to: 0 - type: integer 
	Parameter C_USE_ECC_WDCH bound to: 0 - type: integer 
	Parameter C_USE_ECC_WRCH bound to: 0 - type: integer 
	Parameter C_USE_ECC_RACH bound to: 0 - type: integer 
	Parameter C_USE_ECC_RDCH bound to: 0 - type: integer 
	Parameter C_USE_ECC_AXIS bound to: 0 - type: integer 
	Parameter C_ERROR_INJECTION_TYPE_WACH bound to: 0 - type: integer 
	Parameter C_ERROR_INJECTION_TYPE_WDCH bound to: 0 - type: integer 
	Parameter C_ERROR_INJECTION_TYPE_WRCH bound to: 0 - type: integer 
	Parameter C_ERROR_INJECTION_TYPE_RACH bound to: 0 - type: integer 
	Parameter C_ERROR_INJECTION_TYPE_RDCH bound to: 0 - type: integer 
	Parameter C_ERROR_INJECTION_TYPE_AXIS bound to: 0 - type: integer 
	Parameter C_DIN_WIDTH_WACH bound to: 1 - type: integer 
	Parameter C_DIN_WIDTH_WDCH bound to: 64 - type: integer 
	Parameter C_DIN_WIDTH_WRCH bound to: 2 - type: integer 
	Parameter C_DIN_WIDTH_RACH bound to: 32 - type: integer 
	Parameter C_DIN_WIDTH_RDCH bound to: 64 - type: integer 
	Parameter C_DIN_WIDTH_AXIS bound to: 1 - type: integer 
	Parameter C_WR_DEPTH_WACH bound to: 16 - type: integer 
	Parameter C_WR_DEPTH_WDCH bound to: 1024 - type: integer 
	Parameter C_WR_DEPTH_WRCH bound to: 16 - type: integer 
	Parameter C_WR_DEPTH_RACH bound to: 16 - type: integer 
	Parameter C_WR_DEPTH_RDCH bound to: 1024 - type: integer 
	Parameter C_WR_DEPTH_AXIS bound to: 1024 - type: integer 
	Parameter C_WR_PNTR_WIDTH_WACH bound to: 4 - type: integer 
	Parameter C_WR_PNTR_WIDTH_WDCH bound to: 10 - type: integer 
	Parameter C_WR_PNTR_WIDTH_WRCH bound to: 4 - type: integer 
	Parameter C_WR_PNTR_WIDTH_RACH bound to: 4 - type: integer 
	Parameter C_WR_PNTR_WIDTH_RDCH bound to: 10 - type: integer 
	Parameter C_WR_PNTR_WIDTH_AXIS bound to: 10 - type: integer 
	Parameter C_HAS_DATA_COUNTS_WACH bound to: 0 - type: integer 
	Parameter C_HAS_DATA_COUNTS_WDCH bound to: 0 - type: integer 
	Parameter C_HAS_DATA_COUNTS_WRCH bound to: 0 - type: integer 
	Parameter C_HAS_DATA_COUNTS_RACH bound to: 0 - type: integer 
	Parameter C_HAS_DATA_COUNTS_RDCH bound to: 0 - type: integer 
	Parameter C_HAS_DATA_COUNTS_AXIS bound to: 0 - type: integer 
	Parameter C_HAS_PROG_FLAGS_WACH bound to: 0 - type: integer 
	Parameter C_HAS_PROG_FLAGS_WDCH bound to: 0 - type: integer 
	Parameter C_HAS_PROG_FLAGS_WRCH bound to: 0 - type: integer 
	Parameter C_HAS_PROG_FLAGS_RACH bound to: 0 - type: integer 
	Parameter C_HAS_PROG_FLAGS_RDCH bound to: 0 - type: integer 
	Parameter C_HAS_PROG_FLAGS_AXIS bound to: 0 - type: integer 
	Parameter C_PROG_FULL_TYPE_WACH bound to: 0 - type: integer 
	Parameter C_PROG_FULL_TYPE_WDCH bound to: 0 - type: integer 
	Parameter C_PROG_FULL_TYPE_WRCH bound to: 0 - type: integer 
	Parameter C_PROG_FULL_TYPE_RACH bound to: 0 - type: integer 
	Parameter C_PROG_FULL_TYPE_RDCH bound to: 0 - type: integer 
	Parameter C_PROG_FULL_TYPE_AXIS bound to: 0 - type: integer 
	Parameter C_PROG_FULL_THRESH_ASSERT_VAL_WACH bound to: 1023 - type: integer 
	Parameter C_PROG_FULL_THRESH_ASSERT_VAL_WDCH bound to: 1023 - type: integer 
	Parameter C_PROG_FULL_THRESH_ASSERT_VAL_WRCH bound to: 1023 - type: integer 
	Parameter C_PROG_FULL_THRESH_ASSERT_VAL_RACH bound to: 1023 - type: integer 
	Parameter C_PROG_FULL_THRESH_ASSERT_VAL_RDCH bound to: 1023 - type: integer 
	Parameter C_PROG_FULL_THRESH_ASSERT_VAL_AXIS bound to: 1023 - type: integer 
	Parameter C_PROG_EMPTY_TYPE_WACH bound to: 0 - type: integer 
	Parameter C_PROG_EMPTY_TYPE_WDCH bound to: 0 - type: integer 
	Parameter C_PROG_EMPTY_TYPE_WRCH bound to: 0 - type: integer 
	Parameter C_PROG_EMPTY_TYPE_RACH bound to: 0 - type: integer 
	Parameter C_PROG_EMPTY_TYPE_RDCH bound to: 0 - type: integer 
	Parameter C_PROG_EMPTY_TYPE_AXIS bound to: 0 - type: integer 
	Parameter C_PROG_EMPTY_THRESH_ASSERT_VAL_WACH bound to: 1022 - type: integer 
	Parameter C_PROG_EMPTY_THRESH_ASSERT_VAL_WDCH bound to: 1022 - type: integer 
	Parameter C_PROG_EMPTY_THRESH_ASSERT_VAL_WRCH bound to: 1022 - type: integer 
	Parameter C_PROG_EMPTY_THRESH_ASSERT_VAL_RACH bound to: 1022 - type: integer 
	Parameter C_PROG_EMPTY_THRESH_ASSERT_VAL_RDCH bound to: 1022 - type: integer 
	Parameter C_PROG_EMPTY_THRESH_ASSERT_VAL_AXIS bound to: 1022 - type: integer 
	Parameter C_REG_SLICE_MODE_WACH bound to: 0 - type: integer 
	Parameter C_REG_SLICE_MODE_WDCH bound to: 0 - type: integer 
	Parameter C_REG_SLICE_MODE_WRCH bound to: 0 - type: integer 
	Parameter C_REG_SLICE_MODE_RACH bound to: 0 - type: integer 
	Parameter C_REG_SLICE_MODE_RDCH bound to: 0 - type: integer 
	Parameter C_REG_SLICE_MODE_AXIS bound to: 0 - type: integer 
INFO: [Synth 8-3491] module 'fifo_generator_v13_2_7' declared at '/home/austin01/vivado/rtl_kernel_wizard_0_ex/rtl_kernel_wizard_0_ex.gen/sources_1/ip/LoadVerticesFIFO/hdl/fifo_generator_v13_2_vhsyn_rfs.vhd:38604' bound to instance 'U0' of component 'fifo_generator_v13_2_7' [/home/austin01/vivado/rtl_kernel_wizard_0_ex/rtl_kernel_wizard_0_ex.gen/sources_1/ip/LoadVerticesFIFO/synth/LoadVerticesFIFO.vhd:546]
INFO: [Synth 8-256] done synthesizing module 'LoadVerticesFIFO' (0#1) [/home/austin01/vivado/rtl_kernel_wizard_0_ex/rtl_kernel_wizard_0_ex.gen/sources_1/ip/LoadVerticesFIFO/synth/LoadVerticesFIFO.vhd:76]
WARNING: [Synth 8-7129] Port ALMOST_FULL_I in module output_blk is either unconnected or has no load
WARNING: [Synth 8-7129] Port ALMOST_EMPTY_I in module output_blk is either unconnected or has no load
WARNING: [Synth 8-7129] Port PROG_EMPTY_I in module output_blk is either unconnected or has no load
WARNING: [Synth 8-7129] Port WR_ACK_I in module output_blk is either unconnected or has no load
WARNING: [Synth 8-7129] Port VALID_I in module output_blk is either unconnected or has no load
WARNING: [Synth 8-7129] Port OVERFLOW_I in module output_blk is either unconnected or has no load
WARNING: [Synth 8-7129] Port UNDERFLOW_I in module output_blk is either unconnected or has no load
WARNING: [Synth 8-7129] Port DATA_COUNT_I[8] in module output_blk is either unconnected or has no load
WARNING: [Synth 8-7129] Port DATA_COUNT_I[7] in module output_blk is either unconnected or has no load
WARNING: [Synth 8-7129] Port DATA_COUNT_I[6] in module output_blk is either unconnected or has no load
WARNING: [Synth 8-7129] Port DATA_COUNT_I[5] in module output_blk is either unconnected or has no load
WARNING: [Synth 8-7129] Port DATA_COUNT_I[4] in module output_blk is either unconnected or has no load
WARNING: [Synth 8-7129] Port DATA_COUNT_I[3] in module output_blk is either unconnected or has no load
WARNING: [Synth 8-7129] Port DATA_COUNT_I[2] in module output_blk is either unconnected or has no load
WARNING: [Synth 8-7129] Port DATA_COUNT_I[1] in module output_blk is either unconnected or has no load
WARNING: [Synth 8-7129] Port DATA_COUNT_I[0] in module output_blk is either unconnected or has no load
WARNING: [Synth 8-7129] Port WR_DATA_COUNT_I[8] in module output_blk is either unconnected or has no load
WARNING: [Synth 8-7129] Port WR_DATA_COUNT_I[7] in module output_blk is either unconnected or has no load
WARNING: [Synth 8-7129] Port WR_DATA_COUNT_I[6] in module output_blk is either unconnected or has no load
WARNING: [Synth 8-7129] Port WR_DATA_COUNT_I[5] in module output_blk is either unconnected or has no load
WARNING: [Synth 8-7129] Port WR_DATA_COUNT_I[4] in module output_blk is either unconnected or has no load
WARNING: [Synth 8-7129] Port WR_DATA_COUNT_I[3] in module output_blk is either unconnected or has no load
WARNING: [Synth 8-7129] Port WR_DATA_COUNT_I[2] in module output_blk is either unconnected or has no load
WARNING: [Synth 8-7129] Port WR_DATA_COUNT_I[1] in module output_blk is either unconnected or has no load
WARNING: [Synth 8-7129] Port WR_DATA_COUNT_I[0] in module output_blk is either unconnected or has no load
WARNING: [Synth 8-7129] Port RD_DATA_COUNT_I[8] in module output_blk is either unconnected or has no load
WARNING: [Synth 8-7129] Port RD_DATA_COUNT_I[7] in module output_blk is either unconnected or has no load
WARNING: [Synth 8-7129] Port RD_DATA_COUNT_I[6] in module output_blk is either unconnected or has no load
WARNING: [Synth 8-7129] Port RD_DATA_COUNT_I[5] in module output_blk is either unconnected or has no load
WARNING: [Synth 8-7129] Port RD_DATA_COUNT_I[4] in module output_blk is either unconnected or has no load
WARNING: [Synth 8-7129] Port RD_DATA_COUNT_I[3] in module output_blk is either unconnected or has no load
WARNING: [Synth 8-7129] Port RD_DATA_COUNT_I[2] in module output_blk is either unconnected or has no load
WARNING: [Synth 8-7129] Port RD_DATA_COUNT_I[1] in module output_blk is either unconnected or has no load
WARNING: [Synth 8-7129] Port RD_DATA_COUNT_I[0] in module output_blk is either unconnected or has no load
WARNING: [Synth 8-7129] Port SBITERR_I in module output_blk is either unconnected or has no load
WARNING: [Synth 8-7129] Port DBITERR_I in module output_blk is either unconnected or has no load
WARNING: [Synth 8-7129] Port INT_CLK in module builtin_extdepth is either unconnected or has no load
WARNING: [Synth 8-7129] Port WR_RST in module builtin_extdepth is either unconnected or has no load
WARNING: [Synth 8-7129] Port RD_RST in module builtin_extdepth is either unconnected or has no load
WARNING: [Synth 8-7129] Port CLK in module input_blk is either unconnected or has no load
WARNING: [Synth 8-7129] Port INT_CLK in module input_blk is either unconnected or has no load
WARNING: [Synth 8-7129] Port PROG_EMPTY_THRESH[8] in module input_blk is either unconnected or has no load
WARNING: [Synth 8-7129] Port PROG_EMPTY_THRESH[7] in module input_blk is either unconnected or has no load
WARNING: [Synth 8-7129] Port PROG_EMPTY_THRESH[6] in module input_blk is either unconnected or has no load
WARNING: [Synth 8-7129] Port PROG_EMPTY_THRESH[5] in module input_blk is either unconnected or has no load
WARNING: [Synth 8-7129] Port PROG_EMPTY_THRESH[4] in module input_blk is either unconnected or has no load
WARNING: [Synth 8-7129] Port PROG_EMPTY_THRESH[3] in module input_blk is either unconnected or has no load
WARNING: [Synth 8-7129] Port PROG_EMPTY_THRESH[2] in module input_blk is either unconnected or has no load
WARNING: [Synth 8-7129] Port PROG_EMPTY_THRESH[1] in module input_blk is either unconnected or has no load
WARNING: [Synth 8-7129] Port PROG_EMPTY_THRESH[0] in module input_blk is either unconnected or has no load
WARNING: [Synth 8-7129] Port PROG_EMPTY_THRESH_ASSERT[8] in module input_blk is either unconnected or has no load
WARNING: [Synth 8-7129] Port PROG_EMPTY_THRESH_ASSERT[7] in module input_blk is either unconnected or has no load
WARNING: [Synth 8-7129] Port PROG_EMPTY_THRESH_ASSERT[6] in module input_blk is either unconnected or has no load
WARNING: [Synth 8-7129] Port PROG_EMPTY_THRESH_ASSERT[5] in module input_blk is either unconnected or has no load
WARNING: [Synth 8-7129] Port PROG_EMPTY_THRESH_ASSERT[4] in module input_blk is either unconnected or has no load
WARNING: [Synth 8-7129] Port PROG_EMPTY_THRESH_ASSERT[3] in module input_blk is either unconnected or has no load
WARNING: [Synth 8-7129] Port PROG_EMPTY_THRESH_ASSERT[2] in module input_blk is either unconnected or has no load
WARNING: [Synth 8-7129] Port PROG_EMPTY_THRESH_ASSERT[1] in module input_blk is either unconnected or has no load
WARNING: [Synth 8-7129] Port PROG_EMPTY_THRESH_ASSERT[0] in module input_blk is either unconnected or has no load
WARNING: [Synth 8-7129] Port PROG_EMPTY_THRESH_NEGATE[8] in module input_blk is either unconnected or has no load
WARNING: [Synth 8-7129] Port PROG_EMPTY_THRESH_NEGATE[7] in module input_blk is either unconnected or has no load
WARNING: [Synth 8-7129] Port PROG_EMPTY_THRESH_NEGATE[6] in module input_blk is either unconnected or has no load
WARNING: [Synth 8-7129] Port PROG_EMPTY_THRESH_NEGATE[5] in module input_blk is either unconnected or has no load
WARNING: [Synth 8-7129] Port PROG_EMPTY_THRESH_NEGATE[4] in module input_blk is either unconnected or has no load
WARNING: [Synth 8-7129] Port PROG_EMPTY_THRESH_NEGATE[3] in module input_blk is either unconnected or has no load
WARNING: [Synth 8-7129] Port PROG_EMPTY_THRESH_NEGATE[2] in module input_blk is either unconnected or has no load
WARNING: [Synth 8-7129] Port PROG_EMPTY_THRESH_NEGATE[1] in module input_blk is either unconnected or has no load
WARNING: [Synth 8-7129] Port PROG_EMPTY_THRESH_NEGATE[0] in module input_blk is either unconnected or has no load
WARNING: [Synth 8-7129] Port PROG_FULL_THRESH[8] in module input_blk is either unconnected or has no load
WARNING: [Synth 8-7129] Port PROG_FULL_THRESH[7] in module input_blk is either unconnected or has no load
WARNING: [Synth 8-7129] Port PROG_FULL_THRESH[6] in module input_blk is either unconnected or has no load
WARNING: [Synth 8-7129] Port PROG_FULL_THRESH[5] in module input_blk is either unconnected or has no load
WARNING: [Synth 8-7129] Port PROG_FULL_THRESH[4] in module input_blk is either unconnected or has no load
WARNING: [Synth 8-7129] Port PROG_FULL_THRESH[3] in module input_blk is either unconnected or has no load
WARNING: [Synth 8-7129] Port PROG_FULL_THRESH[2] in module input_blk is either unconnected or has no load
WARNING: [Synth 8-7129] Port PROG_FULL_THRESH[1] in module input_blk is either unconnected or has no load
WARNING: [Synth 8-7129] Port PROG_FULL_THRESH[0] in module input_blk is either unconnected or has no load
WARNING: [Synth 8-7129] Port PROG_FULL_THRESH_ASSERT[8] in module input_blk is either unconnected or has no load
WARNING: [Synth 8-7129] Port PROG_FULL_THRESH_ASSERT[7] in module input_blk is either unconnected or has no load
WARNING: [Synth 8-7129] Port PROG_FULL_THRESH_ASSERT[6] in module input_blk is either unconnected or has no load
WARNING: [Synth 8-7129] Port PROG_FULL_THRESH_ASSERT[5] in module input_blk is either unconnected or has no load
WARNING: [Synth 8-7129] Port PROG_FULL_THRESH_ASSERT[4] in module input_blk is either unconnected or has no load
WARNING: [Synth 8-7129] Port PROG_FULL_THRESH_ASSERT[3] in module input_blk is either unconnected or has no load
WARNING: [Synth 8-7129] Port PROG_FULL_THRESH_ASSERT[2] in module input_blk is either unconnected or has no load
WARNING: [Synth 8-7129] Port PROG_FULL_THRESH_ASSERT[1] in module input_blk is either unconnected or has no load
WARNING: [Synth 8-7129] Port PROG_FULL_THRESH_ASSERT[0] in module input_blk is either unconnected or has no load
WARNING: [Synth 8-7129] Port PROG_FULL_THRESH_NEGATE[8] in module input_blk is either unconnected or has no load
WARNING: [Synth 8-7129] Port PROG_FULL_THRESH_NEGATE[7] in module input_blk is either unconnected or has no load
WARNING: [Synth 8-7129] Port PROG_FULL_THRESH_NEGATE[6] in module input_blk is either unconnected or has no load
WARNING: [Synth 8-7129] Port PROG_FULL_THRESH_NEGATE[5] in module input_blk is either unconnected or has no load
WARNING: [Synth 8-7129] Port PROG_FULL_THRESH_NEGATE[4] in module input_blk is either unconnected or has no load
WARNING: [Synth 8-7129] Port PROG_FULL_THRESH_NEGATE[3] in module input_blk is either unconnected or has no load
WARNING: [Synth 8-7129] Port PROG_FULL_THRESH_NEGATE[2] in module input_blk is either unconnected or has no load
WARNING: [Synth 8-7129] Port PROG_FULL_THRESH_NEGATE[1] in module input_blk is either unconnected or has no load
WARNING: [Synth 8-7129] Port PROG_FULL_THRESH_NEGATE[0] in module input_blk is either unconnected or has no load
WARNING: [Synth 8-7129] Port INJECTDBITERR in module input_blk is either unconnected or has no load
WARNING: [Synth 8-7129] Port INJECTSBITERR in module input_blk is either unconnected or has no load
WARNING: [Synth 8-7129] Port WR_END_OF_PACKET in module input_blk is either unconnected or has no load
WARNING: [Synth 8-7129] Port INPUT_CE in module input_blk is either unconnected or has no load
WARNING: [Synth 8-7129] Port OUTPUT_CE in module input_blk is either unconnected or has no load
INFO: [Common 17-14] Message 'Synth 8-7129' appears 100 times and further instances of the messages will be disabled. Use the Tcl command set_msg_config to change the current settings.
---------------------------------------------------------------------------------
Finished RTL Elaboration : Time (s): cpu = 00:00:08 ; elapsed = 00:00:09 . Memory (MB): peak = 3787.961 ; gain = 494.758 ; free physical = 44199 ; free virtual = 59019
---------------------------------------------------------------------------------
---------------------------------------------------------------------------------
Start Handling Custom Attributes
---------------------------------------------------------------------------------
---------------------------------------------------------------------------------
Finished Handling Custom Attributes : Time (s): cpu = 00:00:08 ; elapsed = 00:00:09 . Memory (MB): peak = 3805.773 ; gain = 512.570 ; free physical = 44201 ; free virtual = 59021
---------------------------------------------------------------------------------
---------------------------------------------------------------------------------
Finished RTL Optimization Phase 1 : Time (s): cpu = 00:00:08 ; elapsed = 00:00:09 . Memory (MB): peak = 3805.773 ; gain = 512.570 ; free physical = 44201 ; free virtual = 59021
---------------------------------------------------------------------------------
Netlist sorting complete. Time (s): cpu = 00:00:00.01 ; elapsed = 00:00:00.02 . Memory (MB): peak = 3811.711 ; gain = 0.000 ; free physical = 44192 ; free virtual = 59011
INFO: [Project 1-570] Preparing netlist for logic optimization

Processing XDC Constraints
Initializing timing engine
Parsing XDC File [/home/austin01/vivado/rtl_kernel_wizard_0_ex/rtl_kernel_wizard_0_ex.gen/sources_1/ip/LoadVerticesFIFO/LoadVerticesFIFO_ooc.xdc] for cell 'U0'
Finished Parsing XDC File [/home/austin01/vivado/rtl_kernel_wizard_0_ex/rtl_kernel_wizard_0_ex.gen/sources_1/ip/LoadVerticesFIFO/LoadVerticesFIFO_ooc.xdc] for cell 'U0'
Parsing XDC File [/home/austin01/vivado/rtl_kernel_wizard_0_ex/rtl_kernel_wizard_0_ex.gen/sources_1/ip/LoadVerticesFIFO/LoadVerticesFIFO.xdc] for cell 'U0'
Finished Parsing XDC File [/home/austin01/vivado/rtl_kernel_wizard_0_ex/rtl_kernel_wizard_0_ex.gen/sources_1/ip/LoadVerticesFIFO/LoadVerticesFIFO.xdc] for cell 'U0'
Parsing XDC File [/home/austin01/vivado/rtl_kernel_wizard_0_ex/rtl_kernel_wizard_0_ex.runs/LoadVerticesFIFO_synth_1/dont_touch.xdc]
Finished Parsing XDC File [/home/austin01/vivado/rtl_kernel_wizard_0_ex/rtl_kernel_wizard_0_ex.runs/LoadVerticesFIFO_synth_1/dont_touch.xdc]
Parsing XDC File [/home/austin01/vivado/rtl_kernel_wizard_0_ex/rtl_kernel_wizard_0_ex.gen/sources_1/ip/LoadVerticesFIFO/LoadVerticesFIFO_clocks.xdc] for cell 'U0'
Finished Parsing XDC File [/home/austin01/vivado/rtl_kernel_wizard_0_ex/rtl_kernel_wizard_0_ex.gen/sources_1/ip/LoadVerticesFIFO/LoadVerticesFIFO_clocks.xdc] for cell 'U0'
Completed Processing XDC Constraints

Netlist sorting complete. Time (s): cpu = 00:00:00 ; elapsed = 00:00:00 . Memory (MB): peak = 3918.367 ; gain = 0.000 ; free physical = 44075 ; free virtual = 58895
INFO: [Project 1-111] Unisim Transformation Summary:
No Unisim elements were transformed.

Constraint Validation Runtime : Time (s): cpu = 00:00:00.03 ; elapsed = 00:00:00.03 . Memory (MB): peak = 3918.367 ; gain = 0.000 ; free physical = 44075 ; free virtual = 58895
INFO: [Designutils 20-5008] Incremental synthesis strategy off
---------------------------------------------------------------------------------
Finished Constraint Validation : Time (s): cpu = 00:00:17 ; elapsed = 00:00:19 . Memory (MB): peak = 3918.367 ; gain = 625.164 ; free physical = 44174 ; free virtual = 58994
---------------------------------------------------------------------------------
---------------------------------------------------------------------------------
Start Loading Part and Timing Information
---------------------------------------------------------------------------------
Loading part: xcu280-fsvh2892-2L-e
INFO: [Synth 8-6742] Reading net delay rules and data
---------------------------------------------------------------------------------
Finished Loading Part and Timing Information : Time (s): cpu = 00:00:17 ; elapsed = 00:00:19 . Memory (MB): peak = 3918.367 ; gain = 625.164 ; free physical = 44174 ; free virtual = 58994
---------------------------------------------------------------------------------
---------------------------------------------------------------------------------
Start Applying 'set_property' XDC Constraints
---------------------------------------------------------------------------------
Applied set_property KEEP_HIERARCHY = SOFT for U0. (constraint file  /home/austin01/vivado/rtl_kernel_wizard_0_ex/rtl_kernel_wizard_0_ex.runs/LoadVerticesFIFO_synth_1/dont_touch.xdc, line 9).
---------------------------------------------------------------------------------
Finished applying 'set_property' XDC Constraints : Time (s): cpu = 00:00:17 ; elapsed = 00:00:19 . Memory (MB): peak = 3918.367 ; gain = 625.164 ; free physical = 44174 ; free virtual = 58994
---------------------------------------------------------------------------------
---------------------------------------------------------------------------------
Finished RTL Optimization Phase 2 : Time (s): cpu = 00:00:17 ; elapsed = 00:00:19 . Memory (MB): peak = 3918.367 ; gain = 625.164 ; free physical = 44180 ; free virtual = 59001
---------------------------------------------------------------------------------
---------------------------------------------------------------------------------
Start RTL Component Statistics 
---------------------------------------------------------------------------------
Detailed RTL Component Info : 
+---Registers : 
	                1 Bit    Registers := 3     
---------------------------------------------------------------------------------
Finished RTL Component Statistics 
---------------------------------------------------------------------------------
---------------------------------------------------------------------------------
Start Part Resource Summary
---------------------------------------------------------------------------------
Part Resources:
DSPs: 9024 (col length:94)
BRAMs: 4032 (col length: RAMB18 288 RAMB36 144)
---------------------------------------------------------------------------------
Finished Part Resource Summary
---------------------------------------------------------------------------------
---------------------------------------------------------------------------------
Start Cross Boundary and Area Optimization
---------------------------------------------------------------------------------
WARNING: [Synth 8-7080] Parallel synthesis criteria is not met
---------------------------------------------------------------------------------
Finished Cross Boundary and Area Optimization : Time (s): cpu = 00:00:18 ; elapsed = 00:00:20 . Memory (MB): peak = 3918.367 ; gain = 625.164 ; free physical = 44166 ; free virtual = 58991
---------------------------------------------------------------------------------
---------------------------------------------------------------------------------
Start Applying XDC Timing Constraints
---------------------------------------------------------------------------------
---------------------------------------------------------------------------------
Finished Applying XDC Timing Constraints : Time (s): cpu = 00:00:27 ; elapsed = 00:00:30 . Memory (MB): peak = 4126.148 ; gain = 832.945 ; free physical = 43669 ; free virtual = 58494
---------------------------------------------------------------------------------
---------------------------------------------------------------------------------
Start Timing Optimization
---------------------------------------------------------------------------------
---------------------------------------------------------------------------------
Finished Timing Optimization : Time (s): cpu = 00:00:27 ; elapsed = 00:00:30 . Memory (MB): peak = 4136.164 ; gain = 842.961 ; free physical = 43664 ; free virtual = 58488
---------------------------------------------------------------------------------
---------------------------------------------------------------------------------
Start Technology Mapping
---------------------------------------------------------------------------------
---------------------------------------------------------------------------------
Finished Technology Mapping : Time (s): cpu = 00:00:27 ; elapsed = 00:00:30 . Memory (MB): peak = 4146.180 ; gain = 852.977 ; free physical = 43662 ; free virtual = 58487
---------------------------------------------------------------------------------
---------------------------------------------------------------------------------
Start IO Insertion
---------------------------------------------------------------------------------
---------------------------------------------------------------------------------
Start Flattening Before IO Insertion
---------------------------------------------------------------------------------
---------------------------------------------------------------------------------
Finished Flattening Before IO Insertion
---------------------------------------------------------------------------------
---------------------------------------------------------------------------------
Start Final Netlist Cleanup
---------------------------------------------------------------------------------
---------------------------------------------------------------------------------
Finished Final Netlist Cleanup
---------------------------------------------------------------------------------
---------------------------------------------------------------------------------
Finished IO Insertion : Time (s): cpu = 00:00:30 ; elapsed = 00:00:34 . Memory (MB): peak = 4152.117 ; gain = 858.914 ; free physical = 43669 ; free virtual = 58494
---------------------------------------------------------------------------------
---------------------------------------------------------------------------------
Start Renaming Generated Instances
---------------------------------------------------------------------------------
---------------------------------------------------------------------------------
Finished Renaming Generated Instances : Time (s): cpu = 00:00:30 ; elapsed = 00:00:34 . Memory (MB): peak = 4152.117 ; gain = 858.914 ; free physical = 43669 ; free virtual = 58494
---------------------------------------------------------------------------------
---------------------------------------------------------------------------------
Start Rebuilding User Hierarchy
---------------------------------------------------------------------------------
---------------------------------------------------------------------------------
Finished Rebuilding User Hierarchy : Time (s): cpu = 00:00:30 ; elapsed = 00:00:34 . Memory (MB): peak = 4152.117 ; gain = 858.914 ; free physical = 43669 ; free virtual = 58494
---------------------------------------------------------------------------------
---------------------------------------------------------------------------------
Start Renaming Generated Ports
---------------------------------------------------------------------------------
---------------------------------------------------------------------------------
Finished Renaming Generated Ports : Time (s): cpu = 00:00:30 ; elapsed = 00:00:34 . Memory (MB): peak = 4152.117 ; gain = 858.914 ; free physical = 43669 ; free virtual = 58494
---------------------------------------------------------------------------------
---------------------------------------------------------------------------------
Start Handling Custom Attributes
---------------------------------------------------------------------------------
---------------------------------------------------------------------------------
Finished Handling Custom Attributes : Time (s): cpu = 00:00:30 ; elapsed = 00:00:34 . Memory (MB): peak = 4152.117 ; gain = 858.914 ; free physical = 43669 ; free virtual = 58494
---------------------------------------------------------------------------------
---------------------------------------------------------------------------------
Start Renaming Generated Nets
---------------------------------------------------------------------------------
---------------------------------------------------------------------------------
Finished Renaming Generated Nets : Time (s): cpu = 00:00:30 ; elapsed = 00:00:34 . Memory (MB): peak = 4152.117 ; gain = 858.914 ; free physical = 43669 ; free virtual = 58494
---------------------------------------------------------------------------------
---------------------------------------------------------------------------------
Start Writing Synthesis Report
---------------------------------------------------------------------------------

Report BlackBoxes: 
+-+--------------+----------+
| |BlackBox name |Instances |
+-+--------------+----------+
+-+--------------+----------+

Report Cell Usage: 
+------+---------+------+
|      |Cell     |Count |
+------+---------+------+
|1     |FIFO36E2 |     4|
|2     |LUT1     |    10|
|3     |LUT4     |     5|
|4     |LUT5     |     2|
+------+---------+------+
---------------------------------------------------------------------------------
Finished Writing Synthesis Report : Time (s): cpu = 00:00:30 ; elapsed = 00:00:34 . Memory (MB): peak = 4152.117 ; gain = 858.914 ; free physical = 43669 ; free virtual = 58494
---------------------------------------------------------------------------------
Synthesis finished with 0 errors, 0 critical warnings and 478 warnings.
Synthesis Optimization Runtime : Time (s): cpu = 00:00:25 ; elapsed = 00:00:28 . Memory (MB): peak = 4152.117 ; gain = 746.320 ; free physical = 43709 ; free virtual = 58534
Synthesis Optimization Complete : Time (s): cpu = 00:00:30 ; elapsed = 00:00:34 . Memory (MB): peak = 4152.125 ; gain = 858.914 ; free physical = 43709 ; free virtual = 58534
INFO: [Project 1-571] Translating synthesized netlist
Netlist sorting complete. Time (s): cpu = 00:00:04 ; elapsed = 00:00:00.01 . Memory (MB): peak = 4152.125 ; gain = 0.000 ; free physical = 43805 ; free virtual = 58629
INFO: [Project 1-570] Preparing netlist for logic optimization
INFO: [Opt 31-138] Pushed 0 inverter(s) to 0 load pin(s).
Netlist sorting complete. Time (s): cpu = 00:00:00 ; elapsed = 00:00:00 . Memory (MB): peak = 4228.406 ; gain = 0.000 ; free physical = 43697 ; free virtual = 58522
INFO: [Project 1-111] Unisim Transformation Summary:
No Unisim elements were transformed.

Synth Design complete, checksum: 530794ec
INFO: [Common 17-83] Releasing license: Synthesis
21 Infos, 125 Warnings, 0 Critical Warnings and 0 Errors encountered.
synth_design completed successfully
synth_design: Time (s): cpu = 00:00:42 ; elapsed = 00:00:43 . Memory (MB): peak = 4228.406 ; gain = 1352.500 ; free physical = 43893 ; free virtual = 58717
INFO: [Common 17-1381] The checkpoint '/home/austin01/vivado/rtl_kernel_wizard_0_ex/rtl_kernel_wizard_0_ex.runs/LoadVerticesFIFO_synth_1/LoadVerticesFIFO.dcp' has been generated.
INFO: [Coretcl 2-1648] Added synthesis output to IP cache for IP LoadVerticesFIFO, cache-ID = 77b6f2055a7b2300
INFO: [Coretcl 2-1174] Renamed 13 cell refs.
INFO: [Common 17-1381] The checkpoint '/home/austin01/vivado/rtl_kernel_wizard_0_ex/rtl_kernel_wizard_0_ex.runs/LoadVerticesFIFO_synth_1/LoadVerticesFIFO.dcp' has been generated.
INFO: [runtcl-4] Executing : report_utilization -file LoadVerticesFIFO_utilization_synth.rpt -pb LoadVerticesFIFO_utilization_synth.pb
INFO: [Common 17-206] Exiting Vivado at Tue Apr 23 13:08:42 2024...
